#
# There is insufficient memory for the Java Runtime Environment to continue.
# Native memory allocation (mmap) failed to map 201326592 bytes for Failed to commit area from 0x0000000741e00000 to 0x000000074de00000 of length 201326592.
# Possible reasons:
#   The system is out of physical RAM or swap space
#   The process is running with CompressedOops enabled, and the Java Heap may be blocking the growth of the native heap
# Possible solutions:
#   Reduce memory load on the system
#   Increase physical memory or swap space
#   Check if swap backing store is full
#   Decrease Java heap size (-Xmx/-Xms)
#   Decrease number of Java threads
#   Decrease Java thread stack sizes (-Xss)
#   Set larger code cache with -XX:ReservedCodeCacheSize=
# This output file may be truncated or incomplete.
#
#  Out of Memory Error (./src/hotspot/os/windows/os_windows.cpp:3521), pid=9620, tid=12976
#
# JRE version:  (11.0.12+7) (build )
# Java VM: OpenJDK 64-Bit Server VM (11.0.12+7-b1504.28-7817840, mixed mode, sharing, tiered, compressed oops, g1 gc, windows-amd64)
# No core dump will be written. Minidumps are not enabled by default on client versions of Windows
#

---------------  S U M M A R Y ------------

Command Line: 

Host: Intel(R) Core(TM) i5-6200U CPU @ 2.30GHz, 4 cores, 11G,  Windows 10 , 64 bit Build 19041 (10.0.19041.1806)
Time: Fri Aug  5 01:38:25 2022 India Standard Time elapsed time: 0.738201 seconds (0d 0h 0m 0s)

---------------  T H R E A D  ---------------

Current thread (0x000001fa559a7800):  JavaThread "Unknown thread" [_thread_in_vm, id=12976, stack(0x0000004a87100000,0x0000004a87200000)]

Stack: [0x0000004a87100000,0x0000004a87200000]
Native frames: (J=compiled Java code, j=interpreted, Vv=VM code, C=native code)
V  [jvm.dll+0x5fbcea]
V  [jvm.dll+0x731905]
V  [jvm.dll+0x732f1d]
V  [jvm.dll+0x7335d3]
V  [jvm.dll+0x247bf8]
V  [jvm.dll+0x5f90b4]
V  [jvm.dll+0x5edc85]
V  [jvm.dll+0x305aeb]
V  [jvm.dll+0x305a5a]
V  [jvm.dll+0x305932]
V  [jvm.dll+0x30a896]
V  [jvm.dll+0x353803]
V  [jvm.dll+0x353f06]
V  [jvm.dll+0x353903]
V  [jvm.dll+0x2e0678]
V  [jvm.dll+0x2e1827]
V  [jvm.dll+0x710037]
V  [jvm.dll+0x71182c]
V  [jvm.dll+0x360da9]
V  [jvm.dll+0x6f390e]
V  [jvm.dll+0x3c9723]
V  [jvm.dll+0x3cb9b1]
C  [jli.dll+0x536b]
C  [ucrtbase.dll+0x21bb2]
C  [KERNEL32.DLL+0x17034]
C  [ntdll.dll+0x52651]


---------------  P R O C E S S  ---------------

Threads class SMR info:
_java_thread_list=0x000001fa558b1900, length=0, elements={
}

Java Threads: ( => current thread )

Other Threads:
  0x000001fa559c0800 GCTaskThread "GC Thread#0" [stack: 0x0000004a87200000,0x0000004a87300000] [id=8392]
  0x000001fa55a0b800 ConcurrentGCThread "G1 Main Marker" [stack: 0x0000004a87300000,0x0000004a87400000] [id=7248]
  0x000001fa55a0f000 ConcurrentGCThread "G1 Conc#0" [stack: 0x0000004a87400000,0x0000004a87500000] [id=5772]

[error occurred during error reporting (printing all threads), id 0xc0000005, EXCEPTION_ACCESS_VIOLATION (0xc0000005) at pc=0x00007ffe3a6c0be7]

VM state:not at safepoint (not fully initialized)

VM Mutex/Monitor currently owned by a thread:  ([mutex/lock_event])
[0x000001fa559a76d0] Heap_lock - owner thread: 0x000001fa559a7800

Heap address: 0x0000000741e00000, size: 3042 MB, Compressed Oops mode: Non-zero based: 0x0000000741e00000
Narrow klass base: 0x0000000000000000, Narrow klass shift: 0

GC Heap History (0 events):
No events

Deoptimization events (0 events):
No events

Classes redefined (0 events):
No events

Internal exceptions (0 events):
No events

Events (1 events):
Event: 0.610 Loaded shared library D:\program files\Android Studio\jre\bin\zip.dll


Dynamic libraries:
0x00007ff6963c0000 - 0x00007ff6963ca000 	D:\program files\Android Studio\jre\bin\java.EXE
0x00007ffe63d10000 - 0x00007ffe63f08000 	C:\WINDOWS\SYSTEM32\ntdll.dll
0x00007ffe62790000 - 0x00007ffe6284d000 	C:\WINDOWS\System32\KERNEL32.DLL
0x00007ffe614c0000 - 0x00007ffe6178e000 	C:\WINDOWS\System32\KERNELBASE.dll
0x00007ffe61830000 - 0x00007ffe61930000 	C:\WINDOWS\System32\ucrtbase.dll
0x00007ffe5c8c0000 - 0x00007ffe5c8d7000 	D:\program files\Android Studio\jre\bin\VCRUNTIME140.dll
0x00007ffe5bb20000 - 0x00007ffe5bb39000 	D:\program files\Android Studio\jre\bin\jli.dll
0x00007ffe62a50000 - 0x00007ffe62bf0000 	C:\WINDOWS\System32\USER32.dll
0x00007ffe61b70000 - 0x00007ffe61b92000 	C:\WINDOWS\System32\win32u.dll
0x00007ffe4d1f0000 - 0x00007ffe4d48a000 	C:\WINDOWS\WinSxS\amd64_microsoft.windows.common-controls_6595b64144ccf1df_6.0.19041.1110_none_60b5254171f9507e\COMCTL32.dll
0x00007ffe62d30000 - 0x00007ffe62d5a000 	C:\WINDOWS\System32\GDI32.dll
0x00007ffe61bf0000 - 0x00007ffe61cfb000 	C:\WINDOWS\System32\gdi32full.dll
0x00007ffe63bd0000 - 0x00007ffe63c6e000 	C:\WINDOWS\System32\msvcrt.dll
0x00007ffe61790000 - 0x00007ffe6182d000 	C:\WINDOWS\System32\msvcp_win.dll
0x00007ffe62760000 - 0x00007ffe62790000 	C:\WINDOWS\System32\IMM32.DLL
0x00007ffe38230000 - 0x00007ffe382cd000 	D:\program files\Android Studio\jre\bin\msvcp140.dll
0x00007ffe3a3d0000 - 0x00007ffe3aeb5000 	D:\program files\Android Studio\jre\bin\server\jvm.dll
0x00007ffe63a20000 - 0x00007ffe63ace000 	C:\WINDOWS\System32\ADVAPI32.dll
0x00007ffe63b30000 - 0x00007ffe63bcc000 	C:\WINDOWS\System32\sechost.dll
0x00007ffe637c0000 - 0x00007ffe638e5000 	C:\WINDOWS\System32\RPCRT4.dll
0x00007ffe62910000 - 0x00007ffe62918000 	C:\WINDOWS\System32\PSAPI.DLL
0x00007ffe532b0000 - 0x00007ffe532ba000 	C:\WINDOWS\SYSTEM32\VERSION.dll
0x00007ffe5cb80000 - 0x00007ffe5cb89000 	C:\WINDOWS\SYSTEM32\WSOCK32.dll
0x00007ffe4d980000 - 0x00007ffe4d9a7000 	C:\WINDOWS\SYSTEM32\WINMM.dll
0x00007ffe62f10000 - 0x00007ffe62f7b000 	C:\WINDOWS\System32\WS2_32.dll
0x00007ffe5fd10000 - 0x00007ffe5fd22000 	C:\WINDOWS\SYSTEM32\kernel.appcore.dll
0x00007ffe48170000 - 0x00007ffe48181000 	D:\program files\Android Studio\jre\bin\verify.dll
0x00007ffe5f240000 - 0x00007ffe5f424000 	C:\WINDOWS\SYSTEM32\DBGHELP.DLL
0x00007ffe4d490000 - 0x00007ffe4d4bc000 	C:\WINDOWS\SYSTEM32\dbgcore.DLL
0x00007ffe61430000 - 0x00007ffe614b2000 	C:\WINDOWS\System32\bcryptPrimitives.dll
0x00007ffe480e0000 - 0x00007ffe48109000 	D:\program files\Android Studio\jre\bin\java.dll
0x00007ffe5c6c0000 - 0x00007ffe5c6cb000 	D:\program files\Android Studio\jre\bin\jimage.dll
0x00007ffe47c80000 - 0x00007ffe47c98000 	D:\program files\Android Studio\jre\bin\zip.dll

dbghelp: loaded successfully - version: 4.0.5 - missing functions: none
symbol engine: initialized successfully - sym options: 0x614 - pdb path: .;D:\program files\Android Studio\jre\bin;C:\WINDOWS\SYSTEM32;C:\WINDOWS\WinSxS\amd64_microsoft.windows.common-controls_6595b64144ccf1df_6.0.19041.1110_none_60b5254171f9507e;D:\program files\Android Studio\jre\bin\server

VM Arguments:
java_command: <unknown>
java_class_path (initial): <not set>
Launcher Type: SUN_STANDARD

[Global flags]
     intx CICompilerCount                          = 3                                         {product} {ergonomic}
     uint ConcGCThreads                            = 1                                         {product} {ergonomic}
     uint G1ConcRefinementThreads                  = 4                                         {product} {ergonomic}
   size_t G1HeapRegionSize                         = 1048576                                   {product} {ergonomic}
    uintx GCDrainStackTargetSize                   = 64                                        {product} {ergonomic}
   size_t InitialHeapSize                          = 201326592                                 {product} {ergonomic}
   size_t MarkStackSize                            = 4194304                                   {product} {ergonomic}
   size_t MaxHeapSize                              = 3189768192                                {product} {ergonomic}
   size_t MinHeapDeltaBytes                        = 1048576                                   {product} {ergonomic}
    uintx NonNMethodCodeHeapSize                   = 5830732                                {pd product} {ergonomic}
    uintx NonProfiledCodeHeapSize                  = 122913754                              {pd product} {ergonomic}
    uintx ProfiledCodeHeapSize                     = 122913754                              {pd product} {ergonomic}
    uintx ReservedCodeCacheSize                    = 251658240                              {pd product} {ergonomic}
     bool SegmentedCodeCache                       = true                                      {product} {ergonomic}
     bool UseCompressedClassPointers               = true                                 {lp64_product} {ergonomic}
     bool UseCompressedOops                        = true                                 {lp64_product} {ergonomic}
     bool UseG1GC                                  = true                                      {product} {ergonomic}
     bool UseLargePagesIndividualAllocation        = false                                  {pd product} {ergonomic}

Logging:
Log output configuration:
 #0: stdout all=warning uptime,level,tags
 #1: stderr all=off uptime,level,tags

Environment Variables:
JAVA_HOME=D:\program files\Java\jdk-10.0.2
PATH=C:\Python39\Scripts\;C:\Python39\;C:\Program Files (x86)\Common Files\Oracle\Java\javapath;C:\WINDOWS\system32;C:\WINDOWS;C:\WINDOWS\System32\Wbem;C:\WINDOWS\System32\WindowsPowerShell\v1.0\;C:\WINDOWS\System32\OpenSSH\;C:\Dwimperl\perl\bin;C:\Dwimperl\perl\site\bin;C:\Dwimperl\c\bin;C:\Program Files\nodejs\;C:\ProgramData\chocolatey\bin;D:\program files\Git\cmd;C:\Program Files (x86)\Pulse Secure\VC142.CRT\X64\;C:\Program Files (x86)\Pulse Secure\VC142.CRT\X86\;D:\program files\flutter\bin;D:\program files\Java\jdk-10.0.2\bin;C:\Users\Welcome\AppData\Local\Android\Sdk\platform-tools;C:\Users\Welcome\AppData\Local\Android\Sdk\tools;C:\Users\Welcome\AppData\Local\Programs\Python\Python36\Scripts\;C:\Users\Welcome\AppData\Local\Programs\Python\Python36\;C:\Users\Welcome\AppData\Local\Microsoft\WindowsApps;C:\Users\Welcome\AppData\Roaming\npm;D:\program files\flutter\bin;D:\program files\Microsoft VS Code\bin;C:\Users\Welcome\AppData\Local\Android\Sdk\platform-tools;;D:\program files\flutter\bin\mingit\cmd
USERNAME=selva
OS=Windows_NT
PROCESSOR_IDENTIFIER=Intel64 Family 6 Model 78 Stepping 3, GenuineIntel



---------------  S Y S T E M  ---------------

OS: Windows 10 , 64 bit Build 19041 (10.0.19041.1806)
OS uptime: 2 days 7:27 hours

CPU:total 4 (initial active 4) (2 cores per cpu, 2 threads per core) family 6 model 78 stepping 3 microcode 0xcc, cmov, cx8, fxsr, mmx, sse, sse2, sse3, ssse3, sse4.1, sse4.2, popcnt, avx, avx2, aes, clmul, erms, 3dnowpref, lzcnt, ht, tsc, tscinvbit, bmi1, bmi2, adx, fma

Memory: 4k page, system-wide physical 12161M (900M free)
TotalPageFile size 12161M (AvailPageFile size 112M)
current process WorkingSet (physical memory assigned to process): 10M, peak: 10M
current process commit charge ("private bytes"): 51M, peak: 243M

vm_info: OpenJDK 64-Bit Server VM (11.0.12+7-b1504.28-7817840) for windows-amd64 JRE (11.0.12+7-b1504.28-7817840), built on Oct 13 2021 22:12:33 by "builder" with MS VC++ 14.0 (VS2015)

END.
