#
# There is insufficient memory for the Java Runtime Environment to continue.
# Native memory allocation (mmap) failed to map 201326592 bytes for Failed to commit area from 0x0000000741e00000 to 0x000000074de00000 of length 201326592.
# Possible reasons:
#   The system is out of physical RAM or swap space
#   The process is running with CompressedOops enabled, and the Java Heap may be blocking the growth of the native heap
# Possible solutions:
#   Reduce memory load on the system
#   Increase physical memory or swap space
#   Check if swap backing store is full
#   Decrease Java heap size (-Xmx/-Xms)
#   Decrease number of Java threads
#   Decrease Java thread stack sizes (-Xss)
#   Set larger code cache with -XX:ReservedCodeCacheSize=
# This output file may be truncated or incomplete.
#
#  Out of Memory Error (./src/hotspot/os/windows/os_windows.cpp:3521), pid=1240, tid=4828
#
# JRE version:  (11.0.12+7) (build )
# Java VM: OpenJDK 64-Bit Server VM (11.0.12+7-b1504.28-7817840, mixed mode, sharing, tiered, compressed oops, g1 gc, windows-amd64)
# No core dump will be written. Minidumps are not enabled by default on client versions of Windows
#

---------------  S U M M A R Y ------------

Command Line: -Dorg.gradle.appname=gradlew org.gradle.wrapper.GradleWrapperMain -q -Ptarget-platform=android-x86 -Ptarget=C:\Users\Welcome\Desktop\vinoth\projects\DataCollection\app\data_collector\flutter_login_ui-main\lib\main.dart -Pbase-application-name=android.app.Application -Pdart-defines=RkxVVFRFUl9XRUJfQVVUT19ERVRFQ1Q9dHJ1ZQ== -Pdart-obfuscation=false -Ptrack-widget-creation=true -Ptree-shake-icons=false -Pfilesystem-scheme=org-dartlang-root assembleDebug

Host: Intel(R) Core(TM) i5-6200U CPU @ 2.30GHz, 4 cores, 11G,  Windows 10 , 64 bit Build 19041 (10.0.19041.1889)
Time: Sat Aug 13 00:57:31 2022 India Standard Time elapsed time: 0.054912 seconds (0d 0h 0m 0s)

---------------  T H R E A D  ---------------

Current thread (0x000001e810a10800):  JavaThread "Unknown thread" [_thread_in_vm, id=4828, stack(0x0000008074200000,0x0000008074300000)]

Stack: [0x0000008074200000,0x0000008074300000]
Native frames: (J=compiled Java code, j=interpreted, Vv=VM code, C=native code)
V  [jvm.dll+0x5fbcea]
V  [jvm.dll+0x731905]
V  [jvm.dll+0x732f1d]
V  [jvm.dll+0x7335d3]
V  [jvm.dll+0x247bf8]
V  [jvm.dll+0x5f90b4]
V  [jvm.dll+0x5edc85]
V  [jvm.dll+0x305aeb]
V  [jvm.dll+0x305a5a]
V  [jvm.dll+0x305932]
V  [jvm.dll+0x30a896]
V  [jvm.dll+0x353803]
V  [jvm.dll+0x353f06]
V  [jvm.dll+0x353903]
V  [jvm.dll+0x2e0678]
V  [jvm.dll+0x2e1827]
V  [jvm.dll+0x710037]
V  [jvm.dll+0x71182c]
V  [jvm.dll+0x360da9]
V  [jvm.dll+0x6f390e]
V  [jvm.dll+0x3c9723]
V  [jvm.dll+0x3cb9b1]
C  [jli.dll+0x536b]
C  [ucrtbase.dll+0x21bb2]
C  [KERNEL32.DLL+0x17034]
C  [ntdll.dll+0x52651]


---------------  P R O C E S S  ---------------

Threads class SMR info:
_java_thread_list=0x000001e8109148d0, length=0, elements={
}

Java Threads: ( => current thread )

Other Threads:
  0x000001e810a29000 GCTaskThread "GC Thread#0" [stack: 0x0000008074300000,0x0000008074400000] [id=11876]
  0x000001e810a6e000 ConcurrentGCThread "G1 Main Marker" [stack: 0x0000008074400000,0x0000008074500000] [id=1296]
  0x000001e810a70000 ConcurrentGCThread "G1 Conc#0" [stack: 0x0000008074500000,0x0000008074600000] [id=13668]

[error occurred during error reporting (printing all threads), id 0xc0000005, EXCEPTION_ACCESS_VIOLATION (0xc0000005) at pc=0x00007fffc9090be7]

VM state:not at safepoint (not fully initialized)

VM Mutex/Monitor currently owned by a thread:  ([mutex/lock_event])
[0x000001e810a0d470] Heap_lock - owner thread: 0x000001e810a10800

Heap address: 0x0000000741e00000, size: 3042 MB, Compressed Oops mode: Non-zero based: 0x0000000741e00000
Narrow klass base: 0x0000000000000000, Narrow klass shift: 0

GC Heap History (0 events):
No events

Deoptimization events (0 events):
No events

Classes redefined (0 events):
No events

Internal exceptions (0 events):
No events

Events (1 events):
Event: 0.009 Loaded shared library D:\program files\Android Studio\jre\bin\zip.dll


Dynamic libraries:
0x00007ff6c7d10000 - 0x00007ff6c7d1a000 	D:\program files\Android Studio\jre\bin\java.exe
0x00007ff807010000 - 0x00007ff807208000 	C:\WINDOWS\SYSTEM32\ntdll.dll
0x00007ff806690000 - 0x00007ff80674d000 	C:\WINDOWS\System32\KERNEL32.DLL
0x00007ff804bc0000 - 0x00007ff804e8e000 	C:\WINDOWS\System32\KERNELBASE.dll
0x00007ff804970000 - 0x00007ff804a70000 	C:\WINDOWS\System32\ucrtbase.dll
0x00007ffffd4d0000 - 0x00007ffffd4e9000 	D:\program files\Android Studio\jre\bin\jli.dll
0x00007ff805240000 - 0x00007ff8053e0000 	C:\WINDOWS\System32\USER32.dll
0x00007ff804830000 - 0x00007ff804852000 	C:\WINDOWS\System32\win32u.dll
0x00007ff8051b0000 - 0x00007ff8051da000 	C:\WINDOWS\System32\GDI32.dll
0x00007ff804860000 - 0x00007ff80496b000 	C:\WINDOWS\System32\gdi32full.dll
0x00007ff804a70000 - 0x00007ff804b0d000 	C:\WINDOWS\System32\msvcp_win.dll
0x00007ffffd460000 - 0x00007ffffd477000 	D:\program files\Android Studio\jre\bin\VCRUNTIME140.dll
0x00007ffff55d0000 - 0x00007ffff586a000 	C:\WINDOWS\WinSxS\amd64_microsoft.windows.common-controls_6595b64144ccf1df_6.0.19041.1110_none_60b5254171f9507e\COMCTL32.dll
0x00007ff8065f0000 - 0x00007ff80668e000 	C:\WINDOWS\System32\msvcrt.dll
0x00007ff8064f0000 - 0x00007ff806520000 	C:\WINDOWS\System32\IMM32.DLL
0x00007fffe8cf0000 - 0x00007fffe8d8d000 	D:\program files\Android Studio\jre\bin\msvcp140.dll
0x00007fffc8da0000 - 0x00007fffc9885000 	D:\program files\Android Studio\jre\bin\server\jvm.dll
0x00007ff8053e0000 - 0x00007ff80548e000 	C:\WINDOWS\System32\ADVAPI32.dll
0x00007ff8056f0000 - 0x00007ff80578c000 	C:\WINDOWS\System32\sechost.dll
0x00007ff8055c0000 - 0x00007ff8056e5000 	C:\WINDOWS\System32\RPCRT4.dll
0x00007ff805e50000 - 0x00007ff805e58000 	C:\WINDOWS\System32\PSAPI.DLL
0x00007ffff4c20000 - 0x00007ffff4c29000 	C:\WINDOWS\SYSTEM32\WSOCK32.dll
0x00007ff8059c0000 - 0x00007ff805a2b000 	C:\WINDOWS\System32\WS2_32.dll
0x00007ffff58f0000 - 0x00007ffff5917000 	C:\WINDOWS\SYSTEM32\WINMM.dll
0x00007ffff89d0000 - 0x00007ffff89da000 	C:\WINDOWS\SYSTEM32\VERSION.dll
0x00007ff803010000 - 0x00007ff803022000 	C:\WINDOWS\SYSTEM32\kernel.appcore.dll
0x00007ffff4c00000 - 0x00007ffff4c11000 	D:\program files\Android Studio\jre\bin\verify.dll
0x00007ff802540000 - 0x00007ff802724000 	C:\WINDOWS\SYSTEM32\DBGHELP.DLL
0x00007ffffe6f0000 - 0x00007ffffe71c000 	C:\WINDOWS\SYSTEM32\dbgcore.DLL
0x00007ff8047a0000 - 0x00007ff804822000 	C:\WINDOWS\System32\bcryptPrimitives.dll
0x00007fffee560000 - 0x00007fffee589000 	D:\program files\Android Studio\jre\bin\java.dll
0x00007ffff49d0000 - 0x00007ffff49db000 	D:\program files\Android Studio\jre\bin\jimage.dll
0x00007ffff3810000 - 0x00007ffff3828000 	D:\program files\Android Studio\jre\bin\zip.dll

dbghelp: loaded successfully - version: 4.0.5 - missing functions: none
symbol engine: initialized successfully - sym options: 0x614 - pdb path: .;D:\program files\Android Studio\jre\bin;C:\WINDOWS\SYSTEM32;C:\WINDOWS\WinSxS\amd64_microsoft.windows.common-controls_6595b64144ccf1df_6.0.19041.1110_none_60b5254171f9507e;D:\program files\Android Studio\jre\bin\server

VM Arguments:
jvm_args: -Dorg.gradle.appname=gradlew 
java_command: org.gradle.wrapper.GradleWrapperMain -q -Ptarget-platform=android-x86 -Ptarget=C:\Users\Welcome\Desktop\vinoth\projects\DataCollection\app\data_collector\flutter_login_ui-main\lib\main.dart -Pbase-application-name=android.app.Application -Pdart-defines=RkxVVFRFUl9XRUJfQVVUT19ERVRFQ1Q9dHJ1ZQ== -Pdart-obfuscation=false -Ptrack-widget-creation=true -Ptree-shake-icons=false -Pfilesystem-scheme=org-dartlang-root assembleDebug
java_class_path (initial): C:\Users\Welcome\Desktop\vinoth\projects\DataCollection\app\data_collector\flutter_login_ui-main\android\\gradle\wrapper\gradle-wrapper.jar
Launcher Type: SUN_STANDARD

[Global flags]
     intx CICompilerCount                          = 3                                         {product} {ergonomic}
     uint ConcGCThreads                            = 1                                         {product} {ergonomic}
     uint G1ConcRefinementThreads                  = 4                                         {product} {ergonomic}
   size_t G1HeapRegionSize                         = 1048576                                   {product} {ergonomic}
    uintx GCDrainStackTargetSize                   = 64                                        {product} {ergonomic}
   size_t InitialHeapSize                          = 201326592                                 {product} {ergonomic}
   size_t MarkStackSize                            = 4194304                                   {product} {ergonomic}
   size_t MaxHeapSize                              = 3189768192                                {product} {ergonomic}
   size_t MinHeapDeltaBytes                        = 1048576                                   {product} {ergonomic}
    uintx NonNMethodCodeHeapSize                   = 5830732                                {pd product} {ergonomic}
    uintx NonProfiledCodeHeapSize                  = 122913754                              {pd product} {ergonomic}
    uintx ProfiledCodeHeapSize                     = 122913754                              {pd product} {ergonomic}
    uintx ReservedCodeCacheSize                    = 251658240                              {pd product} {ergonomic}
     bool SegmentedCodeCache                       = true                                      {product} {ergonomic}
     bool UseCompressedClassPointers               = true                                 {lp64_product} {ergonomic}
     bool UseCompressedOops                        = true                                 {lp64_product} {ergonomic}
     bool UseG1GC                                  = true                                      {product} {ergonomic}
     bool UseLargePagesIndividualAllocation        = false                                  {pd product} {ergonomic}

Logging:
Log output configuration:
 #0: stdout all=warning uptime,level,tags
 #1: stderr all=off uptime,level,tags

Environment Variables:
JAVA_HOME=D:\program files\Android Studio\jre
CLASSPATH=C:\Users\Welcome\Desktop\vinoth\projects\DataCollection\app\data_collector\flutter_login_ui-main\android\\gradle\wrapper\gradle-wrapper.jar
PATH=C:\Python39\Scripts\;C:\Python39\;C:\Program Files (x86)\Common Files\Oracle\Java\javapath;C:\WINDOWS\system32;C:\WINDOWS;C:\WINDOWS\System32\Wbem;C:\WINDOWS\System32\WindowsPowerShell\v1.0\;C:\WINDOWS\System32\OpenSSH\;C:\Dwimperl\perl\bin;C:\Dwimperl\perl\site\bin;C:\Dwimperl\c\bin;C:\Program Files\nodejs\;C:\ProgramData\chocolatey\bin;D:\program files\Git\cmd;C:\Program Files (x86)\Pulse Secure\VC142.CRT\X64\;C:\Program Files (x86)\Pulse Secure\VC142.CRT\X86\;D:\program files\flutter\bin;D:\program files\Java\jdk-10.0.2\bin;C:\Users\Welcome\AppData\Local\Android\Sdk\platform-tools;C:\Users\Welcome\AppData\Local\Android\Sdk\tools;C:\Program Files\Microsoft SQL Server\Client SDK\ODBC\170\Tools\Binn\;C:\Program Files (x86)\Microsoft SQL Server\150\Tools\Binn\;C:\Program Files\Microsoft SQL Server\150\Tools\Binn\;C:\Program Files\Microsoft SQL Server\150\DTS\Binn\;C:\Program Files (x86)\Microsoft SQL Server\150\DTS\Binn\;C:\Program Files\Azure Data Studio\bin;C:\Users\Welcome\AppData\Local\Programs\Python\Python36\Scripts\;C:\Users\Welcome\AppData\Local\Programs\Python\Python36\;C:\Users\Welcome\AppData\Local\Microsoft\WindowsApps;C:\Users\Welcome\AppData\Roaming\npm;D:\program files\flutter\bin;D:\program files\Microsoft VS Code\bin;C:\Users\Welcome\AppData\Local\Android\Sdk\platform-tools;;C:\Program Files\Azure Data Studio\bin;D:\program files\flutter\bin\mingit\cmd
USERNAME=selva
OS=Windows_NT
PROCESSOR_IDENTIFIER=Intel64 Family 6 Model 78 Stepping 3, GenuineIntel



---------------  S Y S T E M  ---------------

OS: Windows 10 , 64 bit Build 19041 (10.0.19041.1889)
OS uptime: 1 days 0:13 hours

CPU:total 4 (initial active 4) (2 cores per cpu, 2 threads per core) family 6 model 78 stepping 3 microcode 0xcc, cmov, cx8, fxsr, mmx, sse, sse2, sse3, ssse3, sse4.1, sse4.2, popcnt, avx, avx2, aes, clmul, erms, 3dnowpref, lzcnt, ht, tsc, tscinvbit, bmi1, bmi2, adx, fma

Memory: 4k page, system-wide physical 12161M (1241M free)
TotalPageFile size 12161M (AvailPageFile size 160M)
current process WorkingSet (physical memory assigned to process): 10M, peak: 10M
current process commit charge ("private bytes"): 51M, peak: 243M

vm_info: OpenJDK 64-Bit Server VM (11.0.12+7-b1504.28-7817840) for windows-amd64 JRE (11.0.12+7-b1504.28-7817840), built on Oct 13 2021 22:12:33 by "builder" with MS VC++ 14.0 (VS2015)

END.
