#
# There is insufficient memory for the Java Runtime Environment to continue.
# Native memory allocation (malloc) failed to allocate 1048576 bytes for AllocateHeap
# Possible reasons:
#   The system is out of physical RAM or swap space
#   The process is running with CompressedOops enabled, and the Java Heap may be blocking the growth of the native heap
# Possible solutions:
#   Reduce memory load on the system
#   Increase physical memory or swap space
#   Check if swap backing store is full
#   Decrease Java heap size (-Xmx/-Xms)
#   Decrease number of Java threads
#   Decrease Java thread stack sizes (-Xss)
#   Set larger code cache with -XX:ReservedCodeCacheSize=
#   JVM is running with Zero Based Compressed Oops mode in which the Java heap is
#     placed in the first 32GB address space. The Java Heap base address is the
#     maximum limit for the native heap growth. Please use -XX:HeapBaseMinAddress
#     to set the Java Heap base and to place the Java Heap above 32GB virtual address.
# This output file may be truncated or incomplete.
#
#  Out of Memory Error (./src/hotspot/share/memory/allocation.cpp:46), pid=3824, tid=9504
#
# JRE version: OpenJDK Runtime Environment (11.0.12+7) (build 11.0.12+7-b1504.28-7817840)
# Java VM: OpenJDK 64-Bit Server VM (11.0.12+7-b1504.28-7817840, mixed mode, tiered, compressed oops, g1 gc, windows-amd64)
# No core dump will be written. Minidumps are not enabled by default on client versions of Windows
#

---------------  S U M M A R Y ------------

Command Line: -Dorg.gradle.appname=gradlew org.gradle.wrapper.GradleWrapperMain -q -Ptarget-platform=android-arm -Ptarget=C:\Users\Welcome\Desktop\vinoth\projects\DataCollection\app\data_collector\flutter_login_ui-main\lib\main.dart -Pbase-application-name=android.app.Application -Pdart-defines=RkxVVFRFUl9XRUJfQVVUT19ERVRFQ1Q9dHJ1ZQ== -Pdart-obfuscation=false -Pextra-front-end-options=--no-sound-null-safety -Ptrack-widget-creation=true -Ptree-shake-icons=false -Pfilesystem-scheme=org-dartlang-root assembleDebug

Host: Intel(R) Core(TM) i5-6200U CPU @ 2.30GHz, 4 cores, 11G,  Windows 10 , 64 bit Build 19041 (10.0.19041.1889)
Time: Mon Aug 15 21:11:47 2022 India Standard Time elapsed time: 7.963973 seconds (0d 0h 0m 7s)

---------------  T H R E A D  ---------------

Current thread (0x000001e0fc699000):  VMThread "VM Thread" [stack: 0x00000045b3b00000,0x00000045b3c00000] [id=9504]

Stack: [0x00000045b3b00000,0x00000045b3c00000]
[error occurred during error reporting (printing stack bounds), id 0xc0000005, EXCEPTION_ACCESS_VIOLATION (0xc0000005) at pc=0x000001e08000112d]

Native frames: (J=compiled Java code, j=interpreted, Vv=VM code, C=native code)
V  [jvm.dll+0x5fbcea]
V  [jvm.dll+0x731905]
V  [jvm.dll+0x732f1d]
V  [jvm.dll+0x733535]
V  [jvm.dll+0x7334eb]
V  [jvm.dll+0x5fb080]
V  [jvm.dll+0x5fb818]
C  [ntdll.dll+0xa229f]
C  [ntdll.dll+0x51454]
C  [ntdll.dll+0xa0dce]
C  0x000001e08000112d

VM_Operation (0x00000045b35fcb40): CollectForMetadataAllocation, mode: safepoint, requested by thread 0x000001e0eed0f000


---------------  P R O C E S S  ---------------

Threads class SMR info:
_java_thread_list=0x000001e0fd827f00, length=13, elements={
0x000001e0eed0f000, 0x000001e0fbe5f800, 0x000001e0fbe5b800, 0x000001e0fbe6b000,
0x000001e0fbe6e000, 0x000001e0fc6a3000, 0x000001e0fc6a6800, 0x000001e0fc6ac000,
0x000001e0fc702000, 0x000001e0fc843000, 0x000001e0fcb9c000, 0x000001e0fd7ed800,
0x000001e0fd7f6000
}

Java Threads: ( => current thread )
  0x000001e0eed0f000 JavaThread "main" [_thread_blocked, id=4100, stack(0x00000045b3500000,0x00000045b3600000)]
  0x000001e0fbe5f800 JavaThread "Reference Handler" daemon [_thread_blocked, id=11460, stack(0x00000045b3c00000,0x00000045b3d00000)]
  0x000001e0fbe5b800 JavaThread "Finalizer" daemon [_thread_blocked, id=2560, stack(0x00000045b3d00000,0x00000045b3e00000)]
  0x000001e0fbe6b000 JavaThread "Signal Dispatcher" daemon [_thread_blocked, id=11292, stack(0x00000045b3e00000,0x00000045b3f00000)]
  0x000001e0fbe6e000 JavaThread "Attach Listener" daemon [_thread_blocked, id=10820, stack(0x00000045b3f00000,0x00000045b4000000)]
  0x000001e0fc6a3000 JavaThread "Service Thread" daemon [_thread_blocked, id=1568, stack(0x00000045b4000000,0x00000045b4100000)]
  0x000001e0fc6a6800 JavaThread "C2 CompilerThread0" daemon [_thread_blocked, id=516, stack(0x00000045b4100000,0x00000045b4200000)]
  0x000001e0fc6ac000 JavaThread "C1 CompilerThread0" daemon [_thread_blocked, id=3584, stack(0x00000045b4200000,0x00000045b4300000)]
  0x000001e0fc702000 JavaThread "Sweeper thread" daemon [_thread_blocked, id=10264, stack(0x00000045b4300000,0x00000045b4400000)]
  0x000001e0fc843000 JavaThread "Common-Cleaner" daemon [_thread_blocked, id=11620, stack(0x00000045b4500000,0x00000045b4600000)]
  0x000001e0fcb9c000 JavaThread "pool-1-thread-1" [_thread_blocked, id=12224, stack(0x00000045b4a00000,0x00000045b4b00000)]
  0x000001e0fd7ed800 JavaThread "DisconnectableInputStream source reader" daemon [_thread_in_native, id=11008, stack(0x00000045b4d00000,0x00000045b4e00000)]
  0x000001e0fd7f6000 JavaThread "Forward input" [_thread_blocked, id=212, stack(0x00000045b4e00000,0x00000045b4f00000)]

Other Threads:
=>0x000001e0fc699000 VMThread "VM Thread" [stack: 0x00000045b3b00000,0x00000045b3c00000] [id=9504]
  0x000001e0fc841800 WatcherThread [stack: 0x00000045b4400000,0x00000045b4500000] [id=10720]
  0x000001e0eed27800 GCTaskThread "GC Thread#0" [stack: 0x00000045b3600000,0x00000045b3700000] [id=8084]
  0x000001e0fd144800 GCTaskThread "GC Thread#1" [stack: 0x00000045b4600000,0x00000045b4700000] [id=11580]
  0x000001e0fd148800 GCTaskThread "GC Thread#2" [stack: 0x00000045b4700000,0x00000045b4800000] [id=588]
  0x000001e0fd148000 GCTaskThread "GC Thread#3" [stack: 0x00000045b4800000,0x00000045b4900000] [id=1276]
  0x000001e0eed6d000 ConcurrentGCThread "G1 Main Marker" [stack: 0x00000045b3700000,0x00000045b3800000] [id=10056]
  0x000001e0eed6f800 ConcurrentGCThread "G1 Conc#0" [stack: 0x00000045b3800000,0x00000045b3900000] [id=5548]
  0x000001e0fbcbe800 ConcurrentGCThread "G1 Refine#0" [stack: 0x00000045b3900000,0x00000045b3a00000] [id=12264]
  0x000001e0fbcbf800 ConcurrentGCThread "G1 Young RemSet Sampling" [stack: 0x00000045b3a00000,0x00000045b3b00000] [id=10524]

Threads with active compile tasks:

VM state:at safepoint (normal execution)

VM Mutex/Monitor currently owned by a thread:  ([mutex/lock_event])
[0x000001e0eed0b030] Threads_lock - owner thread: 0x000001e0fc699000
[0x000001e0eed0c1a0] Heap_lock - owner thread: 0x000001e0eed0f000

Heap address: 0x0000000741e00000, size: 3042 MB, Compressed Oops mode: Zero based, Oop shift amount: 3
Narrow klass base: 0x0000000800000000, Narrow klass shift: 0
Compressed class space size: 1073741824 Address: 0x0000000800000000

Heap:
 garbage-first heap   total 196608K, used 9330K [0x0000000741e00000, 0x0000000800000000)
  region size 1024K, 2 young (2048K), 2 survivors (2048K)
 Metaspace       used 14835K, capacity 15119K, committed 15232K, reserved 1071104K
  class space    used 1716K, capacity 1827K, committed 1920K, reserved 1048576K
Heap Regions: E=young(eden), S=young(survivor), O=old, HS=humongous(starts), HC=humongous(continues), CS=collection set, F=free, A=archive, TAMS=top-at-mark-start (previous, next)
|   0|0x0000000741e00000, 0x0000000741f00000, 0x0000000741f00000|100%| O|  |TAMS 0x0000000741e00000, 0x0000000741f00000| Untracked 
|   1|0x0000000741f00000, 0x0000000741fe8000, 0x0000000742000000| 90%| O|  |TAMS 0x0000000741f00000, 0x0000000741fe8000| Untracked 
|   2|0x0000000742000000, 0x0000000742000000, 0x0000000742100000|  0%| F|  |TAMS 0x0000000742000000, 0x0000000742000000| Untracked 
|   3|0x0000000742100000, 0x0000000742200000, 0x0000000742200000|100%|HS|  |TAMS 0x0000000742100000, 0x0000000742200000| Complete 
|   4|0x0000000742200000, 0x0000000742300000, 0x0000000742300000|100%|HC|  |TAMS 0x0000000742200000, 0x0000000742300000| Complete 
|   5|0x0000000742300000, 0x0000000742400000, 0x0000000742400000|100%|HC|  |TAMS 0x0000000742300000, 0x0000000742400000| Complete 
|   6|0x0000000742400000, 0x0000000742500000, 0x0000000742500000|100%| O|  |TAMS 0x0000000742400000, 0x0000000742500000| Untracked 
|   7|0x0000000742500000, 0x0000000742600000, 0x0000000742600000|100%| O|  |TAMS 0x0000000742500000, 0x0000000742600000| Untracked 
|   8|0x0000000742600000, 0x0000000742700000, 0x0000000742700000|100%| O|  |TAMS 0x0000000742600000, 0x0000000742700000| Untracked 
|   9|0x0000000742700000, 0x0000000742700000, 0x0000000742800000|  0%| F|  |TAMS 0x0000000742700000, 0x0000000742700000| Untracked 
|  10|0x0000000742800000, 0x0000000742800000, 0x0000000742900000|  0%| F|  |TAMS 0x0000000742800000, 0x0000000742800000| Untracked 
|  11|0x0000000742900000, 0x0000000742900000, 0x0000000742a00000|  0%| F|  |TAMS 0x0000000742900000, 0x0000000742900000| Untracked 
|  12|0x0000000742a00000, 0x0000000742a00000, 0x0000000742b00000|  0%| F|  |TAMS 0x0000000742a00000, 0x0000000742a00000| Untracked 
|  13|0x0000000742b00000, 0x0000000742b00000, 0x0000000742c00000|  0%| F|  |TAMS 0x0000000742b00000, 0x0000000742b00000| Untracked 
|  14|0x0000000742c00000, 0x0000000742c00000, 0x0000000742d00000|  0%| F|  |TAMS 0x0000000742c00000, 0x0000000742c00000| Untracked 
|  15|0x0000000742d00000, 0x0000000742d00000, 0x0000000742e00000|  0%| F|  |TAMS 0x0000000742d00000, 0x0000000742d00000| Untracked 
|  16|0x0000000742e00000, 0x0000000742e00000, 0x0000000742f00000|  0%| F|  |TAMS 0x0000000742e00000, 0x0000000742e00000| Untracked 
|  17|0x0000000742f00000, 0x0000000742f00000, 0x0000000743000000|  0%| F|  |TAMS 0x0000000742f00000, 0x0000000742f00000| Untracked 
|  18|0x0000000743000000, 0x0000000743000000, 0x0000000743100000|  0%| F|  |TAMS 0x0000000743000000, 0x0000000743000000| Untracked 
|  19|0x0000000743100000, 0x0000000743100000, 0x0000000743200000|  0%| F|  |TAMS 0x0000000743100000, 0x0000000743100000| Untracked 
|  20|0x0000000743200000, 0x0000000743200000, 0x0000000743300000|  0%| F|  |TAMS 0x0000000743200000, 0x0000000743200000| Untracked 
|  21|0x0000000743300000, 0x0000000743300000, 0x0000000743400000|  0%| F|  |TAMS 0x0000000743300000, 0x0000000743300000| Untracked 
|  22|0x0000000743400000, 0x0000000743400000, 0x0000000743500000|  0%| F|  |TAMS 0x0000000743400000, 0x0000000743400000| Untracked 
|  23|0x0000000743500000, 0x0000000743500000, 0x0000000743600000|  0%| F|  |TAMS 0x0000000743500000, 0x0000000743500000| Untracked 
|  24|0x0000000743600000, 0x0000000743600000, 0x0000000743700000|  0%| F|  |TAMS 0x0000000743600000, 0x0000000743600000| Untracked 
|  25|0x0000000743700000, 0x0000000743700000, 0x0000000743800000|  0%| F|  |TAMS 0x0000000743700000, 0x0000000743700000| Untracked 
|  26|0x0000000743800000, 0x0000000743800000, 0x0000000743900000|  0%| F|  |TAMS 0x0000000743800000, 0x0000000743800000| Untracked 
|  27|0x0000000743900000, 0x0000000743900000, 0x0000000743a00000|  0%| F|  |TAMS 0x0000000743900000, 0x0000000743900000| Untracked 
|  28|0x0000000743a00000, 0x0000000743a00000, 0x0000000743b00000|  0%| F|  |TAMS 0x0000000743a00000, 0x0000000743a00000| Untracked 
|  29|0x0000000743b00000, 0x0000000743b00000, 0x0000000743c00000|  0%| F|  |TAMS 0x0000000743b00000, 0x0000000743b00000| Untracked 
|  30|0x0000000743c00000, 0x0000000743c00000, 0x0000000743d00000|  0%| F|  |TAMS 0x0000000743c00000, 0x0000000743c00000| Untracked 
|  31|0x0000000743d00000, 0x0000000743d00000, 0x0000000743e00000|  0%| F|  |TAMS 0x0000000743d00000, 0x0000000743d00000| Untracked 
|  32|0x0000000743e00000, 0x0000000743e00000, 0x0000000743f00000|  0%| F|  |TAMS 0x0000000743e00000, 0x0000000743e00000| Untracked 
|  33|0x0000000743f00000, 0x0000000743f00000, 0x0000000744000000|  0%| F|  |TAMS 0x0000000743f00000, 0x0000000743f00000| Untracked 
|  34|0x0000000744000000, 0x0000000744000000, 0x0000000744100000|  0%| F|  |TAMS 0x0000000744000000, 0x0000000744000000| Untracked 
|  35|0x0000000744100000, 0x0000000744100000, 0x0000000744200000|  0%| F|  |TAMS 0x0000000744100000, 0x0000000744100000| Untracked 
|  36|0x0000000744200000, 0x0000000744200000, 0x0000000744300000|  0%| F|  |TAMS 0x0000000744200000, 0x0000000744200000| Untracked 
|  37|0x0000000744300000, 0x0000000744300000, 0x0000000744400000|  0%| F|  |TAMS 0x0000000744300000, 0x0000000744300000| Untracked 
|  38|0x0000000744400000, 0x0000000744400000, 0x0000000744500000|  0%| F|  |TAMS 0x0000000744400000, 0x0000000744400000| Untracked 
|  39|0x0000000744500000, 0x0000000744500000, 0x0000000744600000|  0%| F|  |TAMS 0x0000000744500000, 0x0000000744500000| Untracked 
|  40|0x0000000744600000, 0x0000000744600000, 0x0000000744700000|  0%| F|  |TAMS 0x0000000744600000, 0x0000000744600000| Untracked 
|  41|0x0000000744700000, 0x0000000744700000, 0x0000000744800000|  0%| F|  |TAMS 0x0000000744700000, 0x0000000744700000| Untracked 
|  42|0x0000000744800000, 0x0000000744800000, 0x0000000744900000|  0%| F|  |TAMS 0x0000000744800000, 0x0000000744800000| Untracked 
|  43|0x0000000744900000, 0x0000000744900000, 0x0000000744a00000|  0%| F|  |TAMS 0x0000000744900000, 0x0000000744900000| Untracked 
|  44|0x0000000744a00000, 0x0000000744a00000, 0x0000000744b00000|  0%| F|  |TAMS 0x0000000744a00000, 0x0000000744a00000| Untracked 
|  45|0x0000000744b00000, 0x0000000744b00000, 0x0000000744c00000|  0%| F|  |TAMS 0x0000000744b00000, 0x0000000744b00000| Untracked 
|  46|0x0000000744c00000, 0x0000000744c00000, 0x0000000744d00000|  0%| F|  |TAMS 0x0000000744c00000, 0x0000000744c00000| Untracked 
|  47|0x0000000744d00000, 0x0000000744d00000, 0x0000000744e00000|  0%| F|  |TAMS 0x0000000744d00000, 0x0000000744d00000| Untracked 
|  48|0x0000000744e00000, 0x0000000744e00000, 0x0000000744f00000|  0%| F|  |TAMS 0x0000000744e00000, 0x0000000744e00000| Untracked 
|  49|0x0000000744f00000, 0x0000000744f00000, 0x0000000745000000|  0%| F|  |TAMS 0x0000000744f00000, 0x0000000744f00000| Untracked 
|  50|0x0000000745000000, 0x0000000745000000, 0x0000000745100000|  0%| F|  |TAMS 0x0000000745000000, 0x0000000745000000| Untracked 
|  51|0x0000000745100000, 0x0000000745100000, 0x0000000745200000|  0%| F|  |TAMS 0x0000000745100000, 0x0000000745100000| Untracked 
|  52|0x0000000745200000, 0x0000000745200000, 0x0000000745300000|  0%| F|  |TAMS 0x0000000745200000, 0x0000000745200000| Untracked 
|  53|0x0000000745300000, 0x0000000745300000, 0x0000000745400000|  0%| F|  |TAMS 0x0000000745300000, 0x0000000745300000| Untracked 
|  54|0x0000000745400000, 0x0000000745400000, 0x0000000745500000|  0%| F|  |TAMS 0x0000000745400000, 0x0000000745400000| Untracked 
|  55|0x0000000745500000, 0x0000000745500000, 0x0000000745600000|  0%| F|  |TAMS 0x0000000745500000, 0x0000000745500000| Untracked 
|  56|0x0000000745600000, 0x0000000745600000, 0x0000000745700000|  0%| F|  |TAMS 0x0000000745600000, 0x0000000745600000| Untracked 
|  57|0x0000000745700000, 0x0000000745700000, 0x0000000745800000|  0%| F|  |TAMS 0x0000000745700000, 0x0000000745700000| Untracked 
|  58|0x0000000745800000, 0x0000000745800000, 0x0000000745900000|  0%| F|  |TAMS 0x0000000745800000, 0x0000000745800000| Untracked 
|  59|0x0000000745900000, 0x0000000745900000, 0x0000000745a00000|  0%| F|  |TAMS 0x0000000745900000, 0x0000000745900000| Untracked 
|  60|0x0000000745a00000, 0x0000000745a00000, 0x0000000745b00000|  0%| F|  |TAMS 0x0000000745a00000, 0x0000000745a00000| Untracked 
|  61|0x0000000745b00000, 0x0000000745b00000, 0x0000000745c00000|  0%| F|  |TAMS 0x0000000745b00000, 0x0000000745b00000| Untracked 
|  62|0x0000000745c00000, 0x0000000745c00000, 0x0000000745d00000|  0%| F|  |TAMS 0x0000000745c00000, 0x0000000745c00000| Untracked 
|  63|0x0000000745d00000, 0x0000000745d00000, 0x0000000745e00000|  0%| F|  |TAMS 0x0000000745d00000, 0x0000000745d00000| Untracked 
|  64|0x0000000745e00000, 0x0000000745e00000, 0x0000000745f00000|  0%| F|  |TAMS 0x0000000745e00000, 0x0000000745e00000| Untracked 
|  65|0x0000000745f00000, 0x0000000745f00000, 0x0000000746000000|  0%| F|  |TAMS 0x0000000745f00000, 0x0000000745f00000| Untracked 
|  66|0x0000000746000000, 0x0000000746000000, 0x0000000746100000|  0%| F|  |TAMS 0x0000000746000000, 0x0000000746000000| Untracked 
|  67|0x0000000746100000, 0x0000000746100000, 0x0000000746200000|  0%| F|  |TAMS 0x0000000746100000, 0x0000000746100000| Untracked 
|  68|0x0000000746200000, 0x0000000746200000, 0x0000000746300000|  0%| F|  |TAMS 0x0000000746200000, 0x0000000746200000| Untracked 
|  69|0x0000000746300000, 0x0000000746300000, 0x0000000746400000|  0%| F|  |TAMS 0x0000000746300000, 0x0000000746300000| Untracked 
|  70|0x0000000746400000, 0x0000000746400000, 0x0000000746500000|  0%| F|  |TAMS 0x0000000746400000, 0x0000000746400000| Untracked 
|  71|0x0000000746500000, 0x0000000746500000, 0x0000000746600000|  0%| F|  |TAMS 0x0000000746500000, 0x0000000746500000| Untracked 
|  72|0x0000000746600000, 0x0000000746600000, 0x0000000746700000|  0%| F|  |TAMS 0x0000000746600000, 0x0000000746600000| Untracked 
|  73|0x0000000746700000, 0x0000000746700000, 0x0000000746800000|  0%| F|  |TAMS 0x0000000746700000, 0x0000000746700000| Untracked 
|  74|0x0000000746800000, 0x0000000746800000, 0x0000000746900000|  0%| F|  |TAMS 0x0000000746800000, 0x0000000746800000| Untracked 
|  75|0x0000000746900000, 0x0000000746900000, 0x0000000746a00000|  0%| F|  |TAMS 0x0000000746900000, 0x0000000746900000| Untracked 
|  76|0x0000000746a00000, 0x0000000746a00000, 0x0000000746b00000|  0%| F|  |TAMS 0x0000000746a00000, 0x0000000746a00000| Untracked 
|  77|0x0000000746b00000, 0x0000000746b00000, 0x0000000746c00000|  0%| F|  |TAMS 0x0000000746b00000, 0x0000000746b00000| Untracked 
|  78|0x0000000746c00000, 0x0000000746c00000, 0x0000000746d00000|  0%| F|  |TAMS 0x0000000746c00000, 0x0000000746c00000| Untracked 
|  79|0x0000000746d00000, 0x0000000746d00000, 0x0000000746e00000|  0%| F|  |TAMS 0x0000000746d00000, 0x0000000746d00000| Untracked 
|  80|0x0000000746e00000, 0x0000000746e00000, 0x0000000746f00000|  0%| F|  |TAMS 0x0000000746e00000, 0x0000000746e00000| Untracked 
|  81|0x0000000746f00000, 0x0000000746f00000, 0x0000000747000000|  0%| F|  |TAMS 0x0000000746f00000, 0x0000000746f00000| Untracked 
|  82|0x0000000747000000, 0x0000000747000000, 0x0000000747100000|  0%| F|  |TAMS 0x0000000747000000, 0x0000000747000000| Untracked 
|  83|0x0000000747100000, 0x0000000747100000, 0x0000000747200000|  0%| F|  |TAMS 0x0000000747100000, 0x0000000747100000| Untracked 
|  84|0x0000000747200000, 0x0000000747200000, 0x0000000747300000|  0%| F|  |TAMS 0x0000000747200000, 0x0000000747200000| Untracked 
|  85|0x0000000747300000, 0x0000000747300000, 0x0000000747400000|  0%| F|  |TAMS 0x0000000747300000, 0x0000000747300000| Untracked 
|  86|0x0000000747400000, 0x0000000747400000, 0x0000000747500000|  0%| F|  |TAMS 0x0000000747400000, 0x0000000747400000| Untracked 
|  87|0x0000000747500000, 0x0000000747500000, 0x0000000747600000|  0%| F|  |TAMS 0x0000000747500000, 0x0000000747500000| Untracked 
|  88|0x0000000747600000, 0x0000000747600000, 0x0000000747700000|  0%| F|  |TAMS 0x0000000747600000, 0x0000000747600000| Untracked 
|  89|0x0000000747700000, 0x0000000747700000, 0x0000000747800000|  0%| F|  |TAMS 0x0000000747700000, 0x0000000747700000| Untracked 
|  90|0x0000000747800000, 0x0000000747800000, 0x0000000747900000|  0%| F|  |TAMS 0x0000000747800000, 0x0000000747800000| Untracked 
|  91|0x0000000747900000, 0x0000000747900000, 0x0000000747a00000|  0%| F|  |TAMS 0x0000000747900000, 0x0000000747900000| Untracked 
|  92|0x0000000747a00000, 0x0000000747a00000, 0x0000000747b00000|  0%| F|  |TAMS 0x0000000747a00000, 0x0000000747a00000| Untracked 
|  93|0x0000000747b00000, 0x0000000747b00000, 0x0000000747c00000|  0%| F|  |TAMS 0x0000000747b00000, 0x0000000747b00000| Untracked 
|  94|0x0000000747c00000, 0x0000000747c00000, 0x0000000747d00000|  0%| F|  |TAMS 0x0000000747c00000, 0x0000000747c00000| Untracked 
|  95|0x0000000747d00000, 0x0000000747d00000, 0x0000000747e00000|  0%| F|  |TAMS 0x0000000747d00000, 0x0000000747d00000| Untracked 
|  96|0x0000000747e00000, 0x0000000747e00000, 0x0000000747f00000|  0%| F|  |TAMS 0x0000000747e00000, 0x0000000747e00000| Untracked 
|  97|0x0000000747f00000, 0x0000000747f00000, 0x0000000748000000|  0%| F|  |TAMS 0x0000000747f00000, 0x0000000747f00000| Untracked 
|  98|0x0000000748000000, 0x0000000748000000, 0x0000000748100000|  0%| F|  |TAMS 0x0000000748000000, 0x0000000748000000| Untracked 
|  99|0x0000000748100000, 0x0000000748100000, 0x0000000748200000|  0%| F|  |TAMS 0x0000000748100000, 0x0000000748100000| Untracked 
| 100|0x0000000748200000, 0x0000000748200000, 0x0000000748300000|  0%| F|  |TAMS 0x0000000748200000, 0x0000000748200000| Untracked 
| 101|0x0000000748300000, 0x0000000748300000, 0x0000000748400000|  0%| F|  |TAMS 0x0000000748300000, 0x0000000748300000| Untracked 
| 102|0x0000000748400000, 0x0000000748400000, 0x0000000748500000|  0%| F|  |TAMS 0x0000000748400000, 0x0000000748400000| Untracked 
| 103|0x0000000748500000, 0x0000000748500000, 0x0000000748600000|  0%| F|  |TAMS 0x0000000748500000, 0x0000000748500000| Untracked 
| 104|0x0000000748600000, 0x0000000748600000, 0x0000000748700000|  0%| F|  |TAMS 0x0000000748600000, 0x0000000748600000| Untracked 
| 105|0x0000000748700000, 0x0000000748700000, 0x0000000748800000|  0%| F|  |TAMS 0x0000000748700000, 0x0000000748700000| Untracked 
| 106|0x0000000748800000, 0x0000000748800000, 0x0000000748900000|  0%| F|  |TAMS 0x0000000748800000, 0x0000000748800000| Untracked 
| 107|0x0000000748900000, 0x0000000748900000, 0x0000000748a00000|  0%| F|  |TAMS 0x0000000748900000, 0x0000000748900000| Untracked 
| 108|0x0000000748a00000, 0x0000000748a00000, 0x0000000748b00000|  0%| F|  |TAMS 0x0000000748a00000, 0x0000000748a00000| Untracked 
| 109|0x0000000748b00000, 0x0000000748b00000, 0x0000000748c00000|  0%| F|  |TAMS 0x0000000748b00000, 0x0000000748b00000| Untracked 
| 110|0x0000000748c00000, 0x0000000748c00000, 0x0000000748d00000|  0%| F|  |TAMS 0x0000000748c00000, 0x0000000748c00000| Untracked 
| 111|0x0000000748d00000, 0x0000000748d00000, 0x0000000748e00000|  0%| F|  |TAMS 0x0000000748d00000, 0x0000000748d00000| Untracked 
| 112|0x0000000748e00000, 0x0000000748e00000, 0x0000000748f00000|  0%| F|  |TAMS 0x0000000748e00000, 0x0000000748e00000| Untracked 
| 113|0x0000000748f00000, 0x0000000748f00000, 0x0000000749000000|  0%| F|  |TAMS 0x0000000748f00000, 0x0000000748f00000| Untracked 
| 114|0x0000000749000000, 0x0000000749000000, 0x0000000749100000|  0%| F|  |TAMS 0x0000000749000000, 0x0000000749000000| Untracked 
| 115|0x0000000749100000, 0x0000000749100000, 0x0000000749200000|  0%| F|  |TAMS 0x0000000749100000, 0x0000000749100000| Untracked 
| 116|0x0000000749200000, 0x0000000749200000, 0x0000000749300000|  0%| F|  |TAMS 0x0000000749200000, 0x0000000749200000| Untracked 
| 117|0x0000000749300000, 0x0000000749300000, 0x0000000749400000|  0%| F|  |TAMS 0x0000000749300000, 0x0000000749300000| Untracked 
| 118|0x0000000749400000, 0x0000000749400000, 0x0000000749500000|  0%| F|  |TAMS 0x0000000749400000, 0x0000000749400000| Untracked 
| 119|0x0000000749500000, 0x0000000749500000, 0x0000000749600000|  0%| F|  |TAMS 0x0000000749500000, 0x0000000749500000| Untracked 
| 120|0x0000000749600000, 0x0000000749600000, 0x0000000749700000|  0%| F|  |TAMS 0x0000000749600000, 0x0000000749600000| Untracked 
| 121|0x0000000749700000, 0x0000000749700000, 0x0000000749800000|  0%| F|  |TAMS 0x0000000749700000, 0x0000000749700000| Untracked 
| 122|0x0000000749800000, 0x0000000749800000, 0x0000000749900000|  0%| F|  |TAMS 0x0000000749800000, 0x0000000749800000| Untracked 
| 123|0x0000000749900000, 0x0000000749900000, 0x0000000749a00000|  0%| F|  |TAMS 0x0000000749900000, 0x0000000749900000| Untracked 
| 124|0x0000000749a00000, 0x0000000749a00000, 0x0000000749b00000|  0%| F|  |TAMS 0x0000000749a00000, 0x0000000749a00000| Untracked 
| 125|0x0000000749b00000, 0x0000000749b00000, 0x0000000749c00000|  0%| F|  |TAMS 0x0000000749b00000, 0x0000000749b00000| Untracked 
| 126|0x0000000749c00000, 0x0000000749c00000, 0x0000000749d00000|  0%| F|  |TAMS 0x0000000749c00000, 0x0000000749c00000| Untracked 
| 127|0x0000000749d00000, 0x0000000749d00000, 0x0000000749e00000|  0%| F|  |TAMS 0x0000000749d00000, 0x0000000749d00000| Untracked 
| 128|0x0000000749e00000, 0x0000000749e00000, 0x0000000749f00000|  0%| F|  |TAMS 0x0000000749e00000, 0x0000000749e00000| Untracked 
| 129|0x0000000749f00000, 0x0000000749f00000, 0x000000074a000000|  0%| F|  |TAMS 0x0000000749f00000, 0x0000000749f00000| Untracked 
| 130|0x000000074a000000, 0x000000074a000000, 0x000000074a100000|  0%| F|  |TAMS 0x000000074a000000, 0x000000074a000000| Untracked 
| 131|0x000000074a100000, 0x000000074a100000, 0x000000074a200000|  0%| F|  |TAMS 0x000000074a100000, 0x000000074a100000| Untracked 
| 132|0x000000074a200000, 0x000000074a200000, 0x000000074a300000|  0%| F|  |TAMS 0x000000074a200000, 0x000000074a200000| Untracked 
| 133|0x000000074a300000, 0x000000074a300000, 0x000000074a400000|  0%| F|  |TAMS 0x000000074a300000, 0x000000074a300000| Untracked 
| 134|0x000000074a400000, 0x000000074a400000, 0x000000074a500000|  0%| F|  |TAMS 0x000000074a400000, 0x000000074a400000| Untracked 
| 135|0x000000074a500000, 0x000000074a500000, 0x000000074a600000|  0%| F|  |TAMS 0x000000074a500000, 0x000000074a500000| Untracked 
| 136|0x000000074a600000, 0x000000074a600000, 0x000000074a700000|  0%| F|  |TAMS 0x000000074a600000, 0x000000074a600000| Untracked 
| 137|0x000000074a700000, 0x000000074a700000, 0x000000074a800000|  0%| F|  |TAMS 0x000000074a700000, 0x000000074a700000| Untracked 
| 138|0x000000074a800000, 0x000000074a800000, 0x000000074a900000|  0%| F|  |TAMS 0x000000074a800000, 0x000000074a800000| Untracked 
| 139|0x000000074a900000, 0x000000074a900000, 0x000000074aa00000|  0%| F|  |TAMS 0x000000074a900000, 0x000000074a900000| Untracked 
| 140|0x000000074aa00000, 0x000000074aa00000, 0x000000074ab00000|  0%| F|  |TAMS 0x000000074aa00000, 0x000000074aa00000| Untracked 
| 141|0x000000074ab00000, 0x000000074ab00000, 0x000000074ac00000|  0%| F|  |TAMS 0x000000074ab00000, 0x000000074ab00000| Untracked 
| 142|0x000000074ac00000, 0x000000074ac00000, 0x000000074ad00000|  0%| F|  |TAMS 0x000000074ac00000, 0x000000074ac00000| Untracked 
| 143|0x000000074ad00000, 0x000000074ad00000, 0x000000074ae00000|  0%| F|  |TAMS 0x000000074ad00000, 0x000000074ad00000| Untracked 
| 144|0x000000074ae00000, 0x000000074ae00000, 0x000000074af00000|  0%| F|  |TAMS 0x000000074ae00000, 0x000000074ae00000| Untracked 
| 145|0x000000074af00000, 0x000000074af00000, 0x000000074b000000|  0%| F|  |TAMS 0x000000074af00000, 0x000000074af00000| Untracked 
| 146|0x000000074b000000, 0x000000074b000000, 0x000000074b100000|  0%| F|  |TAMS 0x000000074b000000, 0x000000074b000000| Untracked 
| 147|0x000000074b100000, 0x000000074b100000, 0x000000074b200000|  0%| F|  |TAMS 0x000000074b100000, 0x000000074b100000| Untracked 
| 148|0x000000074b200000, 0x000000074b200000, 0x000000074b300000|  0%| F|  |TAMS 0x000000074b200000, 0x000000074b200000| Untracked 
| 149|0x000000074b300000, 0x000000074b300000, 0x000000074b400000|  0%| F|  |TAMS 0x000000074b300000, 0x000000074b300000| Untracked 
| 150|0x000000074b400000, 0x000000074b400000, 0x000000074b500000|  0%| F|  |TAMS 0x000000074b400000, 0x000000074b400000| Untracked 
| 151|0x000000074b500000, 0x000000074b500000, 0x000000074b600000|  0%| F|  |TAMS 0x000000074b500000, 0x000000074b500000| Untracked 
| 152|0x000000074b600000, 0x000000074b600000, 0x000000074b700000|  0%| F|  |TAMS 0x000000074b600000, 0x000000074b600000| Untracked 
| 153|0x000000074b700000, 0x000000074b700000, 0x000000074b800000|  0%| F|  |TAMS 0x000000074b700000, 0x000000074b700000| Untracked 
| 154|0x000000074b800000, 0x000000074b800000, 0x000000074b900000|  0%| F|  |TAMS 0x000000074b800000, 0x000000074b800000| Untracked 
| 155|0x000000074b900000, 0x000000074b900000, 0x000000074ba00000|  0%| F|  |TAMS 0x000000074b900000, 0x000000074b900000| Untracked 
| 156|0x000000074ba00000, 0x000000074ba00000, 0x000000074bb00000|  0%| F|  |TAMS 0x000000074ba00000, 0x000000074ba00000| Untracked 
| 157|0x000000074bb00000, 0x000000074bb00000, 0x000000074bc00000|  0%| F|  |TAMS 0x000000074bb00000, 0x000000074bb00000| Untracked 
| 158|0x000000074bc00000, 0x000000074bc00000, 0x000000074bd00000|  0%| F|  |TAMS 0x000000074bc00000, 0x000000074bc00000| Untracked 
| 159|0x000000074bd00000, 0x000000074bd00000, 0x000000074be00000|  0%| F|  |TAMS 0x000000074bd00000, 0x000000074bd00000| Untracked 
| 160|0x000000074be00000, 0x000000074be00000, 0x000000074bf00000|  0%| F|  |TAMS 0x000000074be00000, 0x000000074be00000| Untracked 
| 161|0x000000074bf00000, 0x000000074bf00000, 0x000000074c000000|  0%| F|  |TAMS 0x000000074bf00000, 0x000000074bf00000| Untracked 
| 162|0x000000074c000000, 0x000000074c000000, 0x000000074c100000|  0%| F|  |TAMS 0x000000074c000000, 0x000000074c000000| Untracked 
| 163|0x000000074c100000, 0x000000074c100000, 0x000000074c200000|  0%| F|  |TAMS 0x000000074c100000, 0x000000074c100000| Untracked 
| 164|0x000000074c200000, 0x000000074c200000, 0x000000074c300000|  0%| F|  |TAMS 0x000000074c200000, 0x000000074c200000| Untracked 
| 165|0x000000074c300000, 0x000000074c300000, 0x000000074c400000|  0%| F|  |TAMS 0x000000074c300000, 0x000000074c300000| Untracked 
| 166|0x000000074c400000, 0x000000074c400000, 0x000000074c500000|  0%| F|  |TAMS 0x000000074c400000, 0x000000074c400000| Untracked 
| 167|0x000000074c500000, 0x000000074c500000, 0x000000074c600000|  0%| F|  |TAMS 0x000000074c500000, 0x000000074c500000| Untracked 
| 168|0x000000074c600000, 0x000000074c600000, 0x000000074c700000|  0%| F|  |TAMS 0x000000074c600000, 0x000000074c600000| Untracked 
| 169|0x000000074c700000, 0x000000074c700000, 0x000000074c800000|  0%| F|  |TAMS 0x000000074c700000, 0x000000074c700000| Untracked 
| 170|0x000000074c800000, 0x000000074c800000, 0x000000074c900000|  0%| F|  |TAMS 0x000000074c800000, 0x000000074c800000| Untracked 
| 171|0x000000074c900000, 0x000000074c900000, 0x000000074ca00000|  0%| F|  |TAMS 0x000000074c900000, 0x000000074c900000| Untracked 
| 172|0x000000074ca00000, 0x000000074ca00000, 0x000000074cb00000|  0%| F|  |TAMS 0x000000074ca00000, 0x000000074ca00000| Untracked 
| 173|0x000000074cb00000, 0x000000074cb00000, 0x000000074cc00000|  0%| F|  |TAMS 0x000000074cb00000, 0x000000074cb00000| Untracked 
| 174|0x000000074cc00000, 0x000000074cc00000, 0x000000074cd00000|  0%| F|  |TAMS 0x000000074cc00000, 0x000000074cc00000| Untracked 
| 175|0x000000074cd00000, 0x000000074cd00000, 0x000000074ce00000|  0%| F|  |TAMS 0x000000074cd00000, 0x000000074cd00000| Untracked 
| 176|0x000000074ce00000, 0x000000074ce34878, 0x000000074cf00000| 20%| S|CS|TAMS 0x000000074ce00000, 0x000000074ce00000| Complete 
| 177|0x000000074cf00000, 0x000000074d000000, 0x000000074d000000|100%| S|CS|TAMS 0x000000074cf00000, 0x000000074cf00000| Complete 
| 178|0x000000074d000000, 0x000000074d000000, 0x000000074d100000|  0%| F|  |TAMS 0x000000074d000000, 0x000000074d000000| Untracked 
| 179|0x000000074d100000, 0x000000074d100000, 0x000000074d200000|  0%| F|  |TAMS 0x000000074d100000, 0x000000074d100000| Untracked 
| 180|0x000000074d200000, 0x000000074d200000, 0x000000074d300000|  0%| F|  |TAMS 0x000000074d200000, 0x000000074d200000| Untracked 
| 181|0x000000074d300000, 0x000000074d300000, 0x000000074d400000|  0%| F|  |TAMS 0x000000074d300000, 0x000000074d300000| Untracked 
| 182|0x000000074d400000, 0x000000074d400000, 0x000000074d500000|  0%| F|  |TAMS 0x000000074d400000, 0x000000074d400000| Untracked 
| 183|0x000000074d500000, 0x000000074d500000, 0x000000074d600000|  0%| F|  |TAMS 0x000000074d500000, 0x000000074d500000| Untracked 
| 184|0x000000074d600000, 0x000000074d600000, 0x000000074d700000|  0%| F|  |TAMS 0x000000074d600000, 0x000000074d600000| Untracked 
| 185|0x000000074d700000, 0x000000074d700000, 0x000000074d800000|  0%| F|  |TAMS 0x000000074d700000, 0x000000074d700000| Untracked 
| 186|0x000000074d800000, 0x000000074d800000, 0x000000074d900000|  0%| F|  |TAMS 0x000000074d800000, 0x000000074d800000| Untracked 
| 187|0x000000074d900000, 0x000000074d900000, 0x000000074da00000|  0%| F|  |TAMS 0x000000074d900000, 0x000000074d900000| Untracked 
| 188|0x000000074da00000, 0x000000074da00000, 0x000000074db00000|  0%| F|  |TAMS 0x000000074da00000, 0x000000074da00000| Untracked 
| 189|0x000000074db00000, 0x000000074db00000, 0x000000074dc00000|  0%| F|  |TAMS 0x000000074db00000, 0x000000074db00000| Untracked 
| 190|0x000000074dc00000, 0x000000074dc00000, 0x000000074dd00000|  0%| F|  |TAMS 0x000000074dc00000, 0x000000074dc00000| Untracked 
| 191|0x000000074dd00000, 0x000000074dd00000, 0x000000074de00000|  0%| F|  |TAMS 0x000000074dd00000, 0x000000074dd00000| Untracked 

Card table byte_map: [0x000001e0f2e20000,0x000001e0f3420000] _byte_map_base: 0x000001e0ef411000

Marking Bits (Prev, Next): (CMBitMap*) 0x000001e0eed60898, (CMBitMap*) 0x000001e0eed608d0
 Prev Bits: [0x000001e0f3a20000, 0x000001e0f69a8000)
 Next Bits: [0x000001e0f69b0000, 0x000001e0f9938000)

Polling page: 0x000001e0eccf0000

Metaspace:

Usage:
  Non-class:     12.98 MB capacity,    12.81 MB ( 99%) used,   153.35 KB (  1%) free+waste,    19.81 KB ( <1%) overhead. 
      Class:      1.78 MB capacity,     1.68 MB ( 94%) used,   100.60 KB (  6%) free+waste,     9.69 KB ( <1%) overhead. 
       Both:     14.76 MB capacity,    14.49 MB ( 98%) used,   253.95 KB (  2%) free+waste,    29.50 KB ( <1%) overhead. 

Virtual space:
  Non-class space:       22.00 MB reserved,      13.00 MB ( 59%) committed 
      Class space:        1.00 GB reserved,       1.88 MB ( <1%) committed 
             Both:        1.02 GB reserved,      14.88 MB (  1%) committed 

Chunk freelists:
   Non-Class:  20.00 KB
       Class:  29.00 KB
        Both:  49.00 KB

MaxMetaspaceSize: 17179869184.00 GB
CompressedClassSpaceSize: 1.00 GB
Initial GC threshold: 20.80 MB
Current GC threshold: 21.12 MB
CDS: off

CodeHeap 'non-profiled nmethods': size=120064Kb used=386Kb max_used=386Kb free=119677Kb
 bounds [0x000001e087ac0000, 0x000001e087d30000, 0x000001e08f000000]
CodeHeap 'profiled nmethods': size=120000Kb used=1953Kb max_used=1953Kb free=118046Kb
 bounds [0x000001e080590000, 0x000001e080800000, 0x000001e087ac0000]
CodeHeap 'non-nmethods': size=5696Kb used=1164Kb max_used=1170Kb free=4531Kb
 bounds [0x000001e080000000, 0x000001e080270000, 0x000001e080590000]
 total_blobs=1494 nmethods=1077 adapters=330
 compilation: enabled
              stopped_count=0, restarted_count=0
 full_count=0

Compilation events (20 events):
Event: 4.411 Thread 0x000001e0fc6ac000 1066       3       java.lang.invoke.VarHandleGuards::guard_LII_Z (70 bytes)
Event: 4.413 Thread 0x000001e0fc6ac000 nmethod 1066 0x000001e080772190 code [0x000001e080772440, 0x000001e080773508]
Event: 4.413 Thread 0x000001e0fc6ac000 1067       3       java.lang.invoke.VarHandleInts$FieldInstanceReadWrite::compareAndSet (24 bytes)
Event: 4.413 Thread 0x000001e0fc6ac000 nmethod 1067 0x000001e080773a90 code [0x000001e080773ca0, 0x000001e080774168]
Event: 5.108 Thread 0x000001e0fc6ac000 1069       3       com.esotericsoftware.kryo.io.Input::require (220 bytes)
Event: 5.110 Thread 0x000001e0fc6ac000 nmethod 1069 0x000001e080774390 code [0x000001e080774680, 0x000001e0807754f8]
Event: 5.375 Thread 0x000001e0fc6ac000 1070       1       java.util.concurrent.atomic.AtomicLong::get (5 bytes)
Event: 5.375 Thread 0x000001e0fc6ac000 nmethod 1070 0x000001e087b20190 code [0x000001e087b20340, 0x000001e087b203f8]
Event: 5.888 Thread 0x000001e0fc6ac000 1072       3       java.util.concurrent.locks.AbstractQueuedSynchronizer::release (33 bytes)
Event: 5.889 Thread 0x000001e0fc6ac000 nmethod 1072 0x000001e080775a10 code [0x000001e080775be0, 0x000001e080775eb8]
Event: 6.175 Thread 0x000001e0fc6ac000 1073       3       java.util.concurrent.locks.AbstractQueuedSynchronizer::compareAndSetState (10 bytes)
Event: 6.176 Thread 0x000001e0fc6ac000 nmethod 1073 0x000001e080775f90 code [0x000001e0807761a0, 0x000001e080776798]
Event: 6.579 Thread 0x000001e0fc6ac000 1074       3       java.util.concurrent.ThreadPoolExecutor::runStateAtLeast (11 bytes)
Event: 6.580 Thread 0x000001e0fc6ac000 nmethod 1074 0x000001e080776a10 code [0x000001e080776bc0, 0x000001e080776cf8]
Event: 7.186 Thread 0x000001e0fc6ac000 1075       3       java.util.concurrent.locks.ReentrantLock$NonfairSync::tryAcquire (6 bytes)
Event: 7.186 Thread 0x000001e0fc6ac000 nmethod 1075 0x000001e080776d90 code [0x000001e080776f40, 0x000001e080777068]
Event: 7.186 Thread 0x000001e0fc6ac000 1076       3       java.util.concurrent.locks.ReentrantLock$Sync::nonfairTryAcquire (67 bytes)
Event: 7.187 Thread 0x000001e0fc6ac000 nmethod 1076 0x000001e080777110 code [0x000001e080777360, 0x000001e080777c28]
Event: 7.187 Thread 0x000001e0fc6ac000 1077       3       java.util.concurrent.locks.ReentrantLock$Sync::tryRelease (45 bytes)
Event: 7.188 Thread 0x000001e0fc6ac000 nmethod 1077 0x000001e080777f10 code [0x000001e0807780e0, 0x000001e0807783e8]

GC Heap History (6 events):
Event: 1.074 GC heap before
{Heap before GC invocations=0 (full 0):
 garbage-first heap   total 196608K, used 19456K [0x0000000741e00000, 0x0000000800000000)
  region size 1024K, 14 young (14336K), 0 survivors (0K)
 Metaspace       used 8464K, capacity 8650K, committed 8832K, reserved 1056768K
  class space    used 778K, capacity 857K, committed 896K, reserved 1048576K
}
Event: 1.131 GC heap after
{Heap after GC invocations=1 (full 0):
 garbage-first heap   total 196608K, used 7985K [0x0000000741e00000, 0x0000000800000000)
  region size 1024K, 2 young (2048K), 2 survivors (2048K)
 Metaspace       used 8464K, capacity 8650K, committed 8832K, reserved 1056768K
  class space    used 778K, capacity 857K, committed 896K, reserved 1048576K
}
Event: 1.517 GC heap before
{Heap before GC invocations=1 (full 0):
 garbage-first heap   total 196608K, used 15153K [0x0000000741e00000, 0x0000000800000000)
  region size 1024K, 9 young (9216K), 2 survivors (2048K)
 Metaspace       used 10703K, capacity 10888K, committed 11008K, reserved 1058816K
  class space    used 1118K, capacity 1201K, committed 1280K, reserved 1048576K
}
Event: 1.519 GC heap after
{Heap after GC invocations=2 (full 0):
 garbage-first heap   total 196608K, used 8641K [0x0000000741e00000, 0x0000000800000000)
  region size 1024K, 1 young (1024K), 1 survivors (1024K)
 Metaspace       used 10703K, capacity 10888K, committed 11008K, reserved 1058816K
  class space    used 1118K, capacity 1201K, committed 1280K, reserved 1048576K
}
Event: 7.804 GC heap before
{Heap before GC invocations=2 (full 0):
 garbage-first heap   total 196608K, used 20929K [0x0000000741e00000, 0x0000000800000000)
  region size 1024K, 14 young (14336K), 1 survivors (1024K)
 Metaspace       used 14835K, capacity 15119K, committed 15232K, reserved 1069056K
  class space    used 1716K, capacity 1827K, committed 1920K, reserved 1048576K
}
Event: 7.807 GC heap after
{Heap after GC invocations=3 (full 0):
 garbage-first heap   total 196608K, used 9330K [0x0000000741e00000, 0x0000000800000000)
  region size 1024K, 2 young (2048K), 2 survivors (2048K)
 Metaspace       used 14835K, capacity 15119K, committed 15232K, reserved 1069056K
  class space    used 1716K, capacity 1827K, committed 1920K, reserved 1048576K
}

Deoptimization events (20 events):
Event: 1.377 Thread 0x000001e0eed0f000 Uncommon trap: trap_request=0xffffffde fr.pc=0x000001e087adfb94 relative=0x00000000000003f4
Event: 1.377 Thread 0x000001e0eed0f000 Uncommon trap: reason=class_check action=maybe_recompile pc=0x000001e087adfb94 method=java.util.regex.Matcher.match(II)Z @ 121 c2
Event: 1.377 Thread 0x000001e0eed0f000 DEOPT PACKING pc=0x000001e087adfb94 sp=0x00000045b35fdc30
Event: 1.377 Thread 0x000001e0eed0f000 DEOPT UNPACKING pc=0x000001e08004a1af sp=0x00000045b35fdbd8 mode 2
Event: 1.377 Thread 0x000001e0eed0f000 Uncommon trap: trap_request=0xffffffde fr.pc=0x000001e087adfb94 relative=0x00000000000003f4
Event: 1.377 Thread 0x000001e0eed0f000 Uncommon trap: reason=class_check action=maybe_recompile pc=0x000001e087adfb94 method=java.util.regex.Matcher.match(II)Z @ 121 c2
Event: 1.377 Thread 0x000001e0eed0f000 DEOPT PACKING pc=0x000001e087adfb94 sp=0x00000045b35fdc30
Event: 1.377 Thread 0x000001e0eed0f000 DEOPT UNPACKING pc=0x000001e08004a1af sp=0x00000045b35fdbd8 mode 2
Event: 1.944 Thread 0x000001e0eed0f000 DEOPT PACKING pc=0x000001e08062c9ff sp=0x00000045b35f93c0
Event: 1.944 Thread 0x000001e0eed0f000 DEOPT UNPACKING pc=0x000001e08004a95e sp=0x00000045b35f8810 mode 0
Event: 1.946 Thread 0x000001e0eed0f000 Uncommon trap: trap_request=0xffffff4d fr.pc=0x000001e087b09114 relative=0x0000000000000334
Event: 1.946 Thread 0x000001e0eed0f000 Uncommon trap: reason=unstable_if action=reinterpret pc=0x000001e087b09114 method=java.util.HashMap.getNode(ILjava/lang/Object;)Ljava/util/HashMap$Node; @ 129 c2
Event: 1.946 Thread 0x000001e0eed0f000 DEOPT PACKING pc=0x000001e087b09114 sp=0x00000045b35fb430
Event: 1.946 Thread 0x000001e0eed0f000 DEOPT UNPACKING pc=0x000001e08004a1af sp=0x00000045b35fb340 mode 2
Event: 2.835 Thread 0x000001e0eed0f000 DEOPT PACKING pc=0x000001e0806661c0 sp=0x00000045b35faf50
Event: 2.835 Thread 0x000001e0eed0f000 DEOPT UNPACKING pc=0x000001e08004a95e sp=0x00000045b35fa468 mode 0
Event: 2.875 Thread 0x000001e0eed0f000 Uncommon trap: trap_request=0xffffffc6 fr.pc=0x000001e087afd264 relative=0x0000000000000404
Event: 2.875 Thread 0x000001e0eed0f000 Uncommon trap: reason=bimorphic_or_optimized_type_check action=maybe_recompile pc=0x000001e087afd264 method=java.util.HashMap.getNode(ILjava/lang/Object;)Ljava/util/HashMap$Node; @ 126 c2
Event: 2.875 Thread 0x000001e0eed0f000 DEOPT PACKING pc=0x000001e087afd264 sp=0x00000045b35fd160
Event: 2.875 Thread 0x000001e0eed0f000 DEOPT UNPACKING pc=0x000001e08004a1af sp=0x00000045b35fd0d8 mode 2

Classes redefined (0 events):
No events

Internal exceptions (10 events):
Event: 0.282 Thread 0x000001e0eed0f000 Exception <a 'java/lang/NoSuchMethodError'{0x000000074dc8dbd0}: 'int java.lang.invoke.DirectMethodHandle$Holder.invokeSpecialIFC(java.lang.Object, java.lang.Object, int)'> (0x000000074dc8dbd0) thrown at [./src/hotspot/share/interpreter/linkResolver.cpp, line 773]
Event: 0.442 Thread 0x000001e0eed0f000 Exception <a 'java/lang/NoSuchMethodError'{0x000000074da5ec08}: 'int java.lang.invoke.DirectMethodHandle$Holder.invokeStaticInit(java.lang.Object, java.lang.Object)'> (0x000000074da5ec08) thrown at [./src/hotspot/share/interpreter/linkResolver.cpp, line 773]
Event: 0.506 Thread 0x000001e0eed0f000 Exception <a 'java/lang/NoSuchMethodError'{0x000000074d91aa70}: 'int java.lang.invoke.DirectMethodHandle$Holder.invokeSpecial(java.lang.Object, java.lang.Object, java.lang.Object, java.lang.Object)'> (0x000000074d91aa70) thrown at [./src/hotspot/share/interpreter/linkResolver.cpp, line 773]
Event: 1.451 Thread 0x000001e0eed0f000 Exception <a 'java/lang/NoClassDefFoundError'{0x000000074d86c668}: org/slf4j/impl/StaticMarkerBinder> (0x000000074d86c668) thrown at [./src/hotspot/share/classfile/systemDictionary.cpp, line 220]
Event: 1.466 Thread 0x000001e0eed0f000 Exception <a 'java/lang/NoSuchMethodError'{0x000000074d704f80}: 'java.lang.Object java.lang.invoke.DirectMethodHandle$Holder.invokeVirtual(java.lang.Object, java.lang.Object, java.lang.Object, java.lang.Object, java.lang.Object)'> (0x000000074d704f80) thrown at [./src/hotspot/share/interpreter/linkResolver.cpp, line 773]
Event: 1.645 Thread 0x000001e0eed0f000 Exception <a 'java/lang/NoSuchMethodError'{0x000000074db98860}: 'java.lang.Object java.lang.invoke.Invokers$Holder.invoker(java.lang.Object, java.lang.Object, java.lang.Object, java.lang.Object, java.lang.Object)'> (0x000000074db98860) thrown at [./src/hotspot/share/interpreter/linkResolver.cpp, line 773]
Event: 1.651 Thread 0x000001e0eed0f000 Exception <a 'java/lang/NoSuchMethodError'{0x000000074dba95e0}: 'void java.lang.invoke.DelegatingMethodHandle$Holder.delegate(java.lang.Object, java.lang.Object, int, java.lang.Object)'> (0x000000074dba95e0) thrown at [./src/hotspot/share/interpreter/linkResolver.cpp, line 773]
Event: 1.835 Thread 0x000001e0eed0f000 Exception <a 'java/lang/NoSuchMethodError'{0x000000074d729e90}: 'java.lang.Object java.lang.invoke.DirectMethodHandle$Holder.invokeStaticInit(java.lang.Object, java.lang.Object, java.lang.Object)'> (0x000000074d729e90) thrown at [./src/hotspot/share/interpreter/linkResolver.cpp, line 773]
Event: 1.978 Thread 0x000001e0eed0f000 Exception <a 'java/lang/NoSuchMethodError'{0x000000074d230a98}: 'java.lang.Object java.lang.invoke.DirectMethodHandle$Holder.invokeStaticInit(java.lang.Object, int, int, int, int)'> (0x000000074d230a98) thrown at [./src/hotspot/share/interpreter/linkResolver.cpp, line 773]
Event: 2.359 Thread 0x000001e0eed0f000 Exception <a 'java/lang/NoSuchMethodError'{0x000000074d27e7e0}: 'java.lang.Object java.lang.invoke.DirectMethodHandle$Holder.invokeStaticInit(java.lang.Object, java.lang.Object, int, int, int, int)'> (0x000000074d27e7e0) thrown at [./src/hotspot/share/interpreter/linkResolver.cpp, line 773]

Events (20 events):
Event: 3.543 loading class jdk/internal/reflect/ClassFileAssembler done
Event: 3.543 loading class jdk/internal/reflect/UTF8
Event: 3.543 loading class jdk/internal/reflect/UTF8 done
Event: 3.544 loading class jdk/internal/reflect/Label
Event: 3.544 loading class jdk/internal/reflect/Label done
Event: 3.544 loading class jdk/internal/reflect/Label$PatchInfo
Event: 3.544 loading class jdk/internal/reflect/Label$PatchInfo done
Event: 3.544 loading class jdk/internal/reflect/MethodAccessorGenerator$1
Event: 3.544 loading class jdk/internal/reflect/MethodAccessorGenerator$1 done
Event: 3.544 loading class jdk/internal/reflect/ClassDefiner
Event: 3.545 loading class jdk/internal/reflect/ClassDefiner done
Event: 3.545 loading class jdk/internal/reflect/ClassDefiner$1
Event: 3.545 loading class jdk/internal/reflect/ClassDefiner$1 done
Event: 7.802 loading class com/google/common/collect/CollectPreconditions
Event: 7.802 loading class com/google/common/collect/CollectPreconditions done
Event: 7.803 loading class org/gradle/internal/logging/events/StyledTextOutputEvent$Span
Event: 7.803 loading class org/gradle/internal/logging/events/StyledTextOutputEvent$Span done
Event: 7.803 loading class org/gradle/internal/logging/events/operations/StyledTextBuildOperationProgressDetails$Span
Event: 7.803 loading class org/gradle/internal/logging/events/operations/StyledTextBuildOperationProgressDetails$Span done
Event: 7.804 Executing VM operation: CollectForMetadataAllocation


Dynamic libraries:
0x00007ff702480000 - 0x00007ff70248a000 	D:\program files\Android Studio\jre\bin\java.exe
0x00007ffd52990000 - 0x00007ffd52b88000 	C:\WINDOWS\SYSTEM32\ntdll.dll
0x00007ffd50cb0000 - 0x00007ffd50d6d000 	C:\WINDOWS\System32\KERNEL32.DLL
0x00007ffd505e0000 - 0x00007ffd508ae000 	C:\WINDOWS\System32\KERNELBASE.dll
0x00007ffd504b0000 - 0x00007ffd505b0000 	C:\WINDOWS\System32\ucrtbase.dll
0x00007ffd293e0000 - 0x00007ffd293f9000 	D:\program files\Android Studio\jre\bin\jli.dll
0x00007ffd51060000 - 0x00007ffd51200000 	C:\WINDOWS\System32\USER32.dll
0x00007ffd505b0000 - 0x00007ffd505d2000 	C:\WINDOWS\System32\win32u.dll
0x00007ffd51730000 - 0x00007ffd5175a000 	C:\WINDOWS\System32\GDI32.dll
0x00007ffd500b0000 - 0x00007ffd501bb000 	C:\WINDOWS\System32\gdi32full.dll
0x00007ffd50920000 - 0x00007ffd509bd000 	C:\WINDOWS\System32\msvcp_win.dll
0x00007ffd29de0000 - 0x00007ffd29df7000 	D:\program files\Android Studio\jre\bin\VCRUNTIME140.dll
0x00007ffd4abf0000 - 0x00007ffd4ae8a000 	C:\WINDOWS\WinSxS\amd64_microsoft.windows.common-controls_6595b64144ccf1df_6.0.19041.1110_none_60b5254171f9507e\COMCTL32.dll
0x00007ffd52360000 - 0x00007ffd523fe000 	C:\WINDOWS\System32\msvcrt.dll
0x00007ffd51eb0000 - 0x00007ffd51ee0000 	C:\WINDOWS\System32\IMM32.DLL
0x00007ffd15a00000 - 0x00007ffd15a9d000 	D:\program files\Android Studio\jre\bin\msvcp140.dll
0x00007ffd16330000 - 0x00007ffd16e15000 	D:\program files\Android Studio\jre\bin\server\jvm.dll
0x00007ffd50fb0000 - 0x00007ffd5105e000 	C:\WINDOWS\System32\ADVAPI32.dll
0x00007ffd52400000 - 0x00007ffd5249c000 	C:\WINDOWS\System32\sechost.dll
0x00007ffd50b80000 - 0x00007ffd50ca5000 	C:\WINDOWS\System32\RPCRT4.dll
0x00007ffd524a0000 - 0x00007ffd524a8000 	C:\WINDOWS\System32\PSAPI.DLL
0x00007ffd42440000 - 0x00007ffd42449000 	C:\WINDOWS\SYSTEM32\WSOCK32.dll
0x00007ffd516a0000 - 0x00007ffd5170b000 	C:\WINDOWS\System32\WS2_32.dll
0x00007ffd4b160000 - 0x00007ffd4b187000 	C:\WINDOWS\SYSTEM32\WINMM.dll
0x00007ffd3ead0000 - 0x00007ffd3eada000 	C:\WINDOWS\SYSTEM32\VERSION.dll
0x00007ffd4e990000 - 0x00007ffd4e9a2000 	C:\WINDOWS\SYSTEM32\kernel.appcore.dll
0x00007ffd42420000 - 0x00007ffd42431000 	D:\program files\Android Studio\jre\bin\verify.dll
0x00007ffd4dec0000 - 0x00007ffd4e0a4000 	C:\WINDOWS\SYSTEM32\DBGHELP.DLL
0x00007ffd4b1b0000 - 0x00007ffd4b1dc000 	C:\WINDOWS\SYSTEM32\dbgcore.DLL
0x00007ffd50420000 - 0x00007ffd504a2000 	C:\WINDOWS\System32\bcryptPrimitives.dll
0x00007ffd423f0000 - 0x00007ffd42419000 	D:\program files\Android Studio\jre\bin\java.dll
0x00007ffd423e0000 - 0x00007ffd423eb000 	D:\program files\Android Studio\jre\bin\jimage.dll
0x00007ffd276e0000 - 0x00007ffd276f8000 	D:\program files\Android Studio\jre\bin\zip.dll
0x00007ffd51760000 - 0x00007ffd51ea4000 	C:\WINDOWS\System32\SHELL32.dll
0x00007ffd4e0d0000 - 0x00007ffd4e864000 	C:\WINDOWS\SYSTEM32\windows.storage.dll
0x00007ffd512e0000 - 0x00007ffd51634000 	C:\WINDOWS\System32\combase.dll
0x00007ffd4fa40000 - 0x00007ffd4fa70000 	C:\WINDOWS\SYSTEM32\Wldp.dll
0x00007ffd50ef0000 - 0x00007ffd50f9d000 	C:\WINDOWS\System32\SHCORE.dll
0x00007ffd52870000 - 0x00007ffd528c5000 	C:\WINDOWS\System32\shlwapi.dll
0x00007ffd4fff0000 - 0x00007ffd5000f000 	C:\WINDOWS\SYSTEM32\profapi.dll
0x00007ffd362f0000 - 0x00007ffd3630a000 	D:\program files\Android Studio\jre\bin\net.dll
0x00007ffd44fb0000 - 0x00007ffd450ba000 	C:\WINDOWS\SYSTEM32\WINHTTP.dll
0x00007ffd4f7a0000 - 0x00007ffd4f80a000 	C:\WINDOWS\system32\mswsock.dll
0x00007ffd36230000 - 0x00007ffd36244000 	D:\program files\Android Studio\jre\bin\nio.dll
0x00007ffd0df70000 - 0x00007ffd0df96000 	C:\Users\Welcome\.gradle\native\fdc75f09e3144964f2cf3f50f0aa648679c211496f362492102eb8c894070792\windows-amd64\native-platform.dll
0x00007ffcff440000 - 0x00007ffcff5d1000 	C:\Users\Welcome\.gradle\native\12488b8bf47d2d4c9fbf2f6322a914ad602e24e48041cd04a747c6da556b65c4\windows-amd64\native-platform-file-events.dll
0x00007ffd49130000 - 0x00007ffd4913a000 	D:\program files\Android Studio\jre\bin\management.dll
0x00007ffd48b60000 - 0x00007ffd48b6d000 	D:\program files\Android Studio\jre\bin\management_ext.dll
0x00007ffd4f9a0000 - 0x00007ffd4f9b8000 	C:\WINDOWS\SYSTEM32\CRYPTSP.dll
0x00007ffd4f120000 - 0x00007ffd4f154000 	C:\WINDOWS\system32\rsaenh.dll
0x00007ffd509c0000 - 0x00007ffd509e7000 	C:\WINDOWS\System32\bcrypt.dll
0x00007ffd4ff60000 - 0x00007ffd4ff8e000 	C:\WINDOWS\SYSTEM32\USERENV.dll
0x00007ffd4f990000 - 0x00007ffd4f99c000 	C:\WINDOWS\SYSTEM32\CRYPTBASE.dll
0x00007ffd4f490000 - 0x00007ffd4f4cb000 	C:\WINDOWS\SYSTEM32\IPHLPAPI.DLL
0x00007ffd52350000 - 0x00007ffd52358000 	C:\WINDOWS\System32\NSI.dll
0x00007ffd47bb0000 - 0x00007ffd47bc7000 	C:\WINDOWS\SYSTEM32\dhcpcsvc6.DLL
0x00007ffd48d30000 - 0x00007ffd48d4d000 	C:\WINDOWS\SYSTEM32\dhcpcsvc.DLL
0x00007ffd4f4d0000 - 0x00007ffd4f59a000 	C:\WINDOWS\SYSTEM32\DNSAPI.dll
0x00007ffd49250000 - 0x00007ffd4925b000 	C:\WINDOWS\SYSTEM32\WINNSI.DLL

dbghelp: loaded successfully - version: 4.0.5 - missing functions: none
symbol engine: initialized successfully - sym options: 0x614 - pdb path: .;D:\program files\Android Studio\jre\bin;C:\WINDOWS\SYSTEM32;C:\WINDOWS\WinSxS\amd64_microsoft.windows.common-controls_6595b64144ccf1df_6.0.19041.1110_none_60b5254171f9507e;D:\program files\Android Studio\jre\bin\server;C:\Users\Welcome\.gradle\native\fdc75f09e3144964f2cf3f50f0aa648679c211496f362492102eb8c894070792\windows-amd64;C:\Users\Welcome\.gradle\native\12488b8bf47d2d4c9fbf2f6322a914ad602e24e48041cd04a747c6da556b65c4\windows-amd64

VM Arguments:
jvm_args: -Dorg.gradle.appname=gradlew 
java_command: org.gradle.wrapper.GradleWrapperMain -q -Ptarget-platform=android-arm -Ptarget=C:\Users\Welcome\Desktop\vinoth\projects\DataCollection\app\data_collector\flutter_login_ui-main\lib\main.dart -Pbase-application-name=android.app.Application -Pdart-defines=RkxVVFRFUl9XRUJfQVVUT19ERVRFQ1Q9dHJ1ZQ== -Pdart-obfuscation=false -Pextra-front-end-options=--no-sound-null-safety -Ptrack-widget-creation=true -Ptree-shake-icons=false -Pfilesystem-scheme=org-dartlang-root assembleDebug
java_class_path (initial): C:\Users\Welcome\Desktop\vinoth\projects\DataCollection\app\data_collector\flutter_login_ui-main\android\\gradle\wrapper\gradle-wrapper.jar
Launcher Type: SUN_STANDARD

[Global flags]
     intx CICompilerCount                          = 3                                         {product} {ergonomic}
     uint ConcGCThreads                            = 1                                         {product} {ergonomic}
     uint G1ConcRefinementThreads                  = 4                                         {product} {ergonomic}
   size_t G1HeapRegionSize                         = 1048576                                   {product} {ergonomic}
    uintx GCDrainStackTargetSize                   = 64                                        {product} {ergonomic}
   size_t InitialHeapSize                          = 201326592                                 {product} {ergonomic}
   size_t MarkStackSize                            = 4194304                                   {product} {ergonomic}
   size_t MaxHeapSize                              = 3189768192                                {product} {ergonomic}
   size_t MaxNewSize                               = 1913651200                                {product} {ergonomic}
   size_t MinHeapDeltaBytes                        = 1048576                                   {product} {ergonomic}
    uintx NonNMethodCodeHeapSize                   = 5830732                                {pd product} {ergonomic}
    uintx NonProfiledCodeHeapSize                  = 122913754                              {pd product} {ergonomic}
    uintx ProfiledCodeHeapSize                     = 122913754                              {pd product} {ergonomic}
    uintx ReservedCodeCacheSize                    = 251658240                              {pd product} {ergonomic}
     bool SegmentedCodeCache                       = true                                      {product} {ergonomic}
     bool UseCompressedClassPointers               = true                                 {lp64_product} {ergonomic}
     bool UseCompressedOops                        = true                                 {lp64_product} {ergonomic}
     bool UseG1GC                                  = true                                      {product} {ergonomic}
     bool UseLargePagesIndividualAllocation        = false                                  {pd product} {ergonomic}

Logging:
Log output configuration:
 #0: stdout all=warning uptime,level,tags
 #1: stderr all=off uptime,level,tags

Environment Variables:
JAVA_HOME=D:\program files\Android Studio\jre
CLASSPATH=C:\Users\Welcome\Desktop\vinoth\projects\DataCollection\app\data_collector\flutter_login_ui-main\android\\gradle\wrapper\gradle-wrapper.jar
PATH=C:\Python39\Scripts\;C:\Python39\;C:\Program Files (x86)\Common Files\Oracle\Java\javapath;C:\WINDOWS\system32;C:\WINDOWS;C:\WINDOWS\System32\Wbem;C:\WINDOWS\System32\WindowsPowerShell\v1.0\;C:\WINDOWS\System32\OpenSSH\;C:\Dwimperl\perl\bin;C:\Dwimperl\perl\site\bin;C:\Dwimperl\c\bin;C:\Program Files\nodejs\;C:\ProgramData\chocolatey\bin;D:\program files\Git\cmd;C:\Program Files (x86)\Pulse Secure\VC142.CRT\X64\;C:\Program Files (x86)\Pulse Secure\VC142.CRT\X86\;D:\program files\flutter\bin;D:\program files\Java\jdk-10.0.2\bin;C:\Users\Welcome\AppData\Local\Android\Sdk\platform-tools;C:\Users\Welcome\AppData\Local\Android\Sdk\tools;C:\Program Files\Microsoft SQL Server\Client SDK\ODBC\170\Tools\Binn\;C:\Program Files (x86)\Microsoft SQL Server\150\Tools\Binn\;C:\Program Files\Microsoft SQL Server\150\Tools\Binn\;C:\Program Files\Microsoft SQL Server\150\DTS\Binn\;C:\Program Files (x86)\Microsoft SQL Server\150\DTS\Binn\;C:\Program Files\Azure Data Studio\bin;C:\Users\Welcome\AppData\Local\Programs\Python\Python36\Scripts\;C:\Users\Welcome\AppData\Local\Programs\Python\Python36\;C:\Users\Welcome\AppData\Local\Microsoft\WindowsApps;C:\Users\Welcome\AppData\Roaming\npm;D:\program files\flutter\bin;D:\program files\Microsoft VS Code\bin;C:\Users\Welcome\AppData\Local\Android\Sdk\platform-tools;;C:\Program Files\Azure Data Studio\bin;D:\program files\flutter\bin\mingit\cmd
USERNAME=selva
LANG=en_US.UTF-8
OS=Windows_NT
PROCESSOR_IDENTIFIER=Intel64 Family 6 Model 78 Stepping 3, GenuineIntel



---------------  S Y S T E M  ---------------

OS: Windows 10 , 64 bit Build 19041 (10.0.19041.1889)
OS uptime: 0 days 4:05 hours

CPU:total 4 (initial active 4) (2 cores per cpu, 2 threads per core) family 6 model 78 stepping 3 microcode 0xcc, cmov, cx8, fxsr, mmx, sse, sse2, sse3, ssse3, sse4.1, sse4.2, popcnt, avx, avx2, aes, clmul, erms, 3dnowpref, lzcnt, ht, tsc, tscinvbit, bmi1, bmi2, adx, fma

Memory: 4k page, system-wide physical 12161M (671M free)
TotalPageFile size 12161M (AvailPageFile size 20M)
current process WorkingSet (physical memory assigned to process): 84M, peak: 87M
current process commit charge ("private bytes"): 281M, peak: 285M

vm_info: OpenJDK 64-Bit Server VM (11.0.12+7-b1504.28-7817840) for windows-amd64 JRE (11.0.12+7-b1504.28-7817840), built on Oct 13 2021 22:12:33 by "builder" with MS VC++ 14.0 (VS2015)

END.
