#
# There is insufficient memory for the Java Runtime Environment to continue.
# Native memory allocation (malloc) failed to allocate 32784 bytes for Chunk::new
# Possible reasons:
#   The system is out of physical RAM or swap space
#   The process is running with CompressedOops enabled, and the Java Heap may be blocking the growth of the native heap
# Possible solutions:
#   Reduce memory load on the system
#   Increase physical memory or swap space
#   Check if swap backing store is full
#   Decrease Java heap size (-Xmx/-Xms)
#   Decrease number of Java threads
#   Decrease Java thread stack sizes (-Xss)
#   Set larger code cache with -XX:ReservedCodeCacheSize=
#   JVM is running with Zero Based Compressed Oops mode in which the Java heap is
#     placed in the first 32GB address space. The Java Heap base address is the
#     maximum limit for the native heap growth. Please use -XX:HeapBaseMinAddress
#     to set the Java Heap base and to place the Java Heap above 32GB virtual address.
# This output file may be truncated or incomplete.
#
#  Out of Memory Error (./src/hotspot/share/memory/arena.cpp:197), pid=12208, tid=3008
#
# JRE version: OpenJDK Runtime Environment (11.0.12+7) (build 11.0.12+7-b1504.28-7817840)
# Java VM: OpenJDK 64-Bit Server VM (11.0.12+7-b1504.28-7817840, mixed mode, tiered, compressed oops, g1 gc, windows-amd64)
# No core dump will be written. Minidumps are not enabled by default on client versions of Windows
#

---------------  S U M M A R Y ------------

Command Line: -Dorg.gradle.appname=gradlew org.gradle.wrapper.GradleWrapperMain -q -Ptarget-platform=android-x86 -Ptarget=C:\Users\Welcome\Desktop\vinoth\projects\DataCollection\app\data_collector\flutter_login_ui-main\lib\main.dart -Pbase-application-name=android.app.Application -Pdart-defines=RkxVVFRFUl9XRUJfQVVUT19ERVRFQ1Q9dHJ1ZQ== -Pdart-obfuscation=false -Ptrack-widget-creation=true -Ptree-shake-icons=false -Pfilesystem-scheme=org-dartlang-root assembleDebug

Host: Intel(R) Core(TM) i5-6200U CPU @ 2.30GHz, 4 cores, 11G,  Windows 10 , 64 bit Build 19041 (10.0.19041.1806)
Time: Sat Aug  6 00:15:54 2022 India Standard Time elapsed time: 2.010756 seconds (0d 0h 0m 2s)

---------------  T H R E A D  ---------------

Current thread (0x00000198e84a0800):  JavaThread "C2 CompilerThread1" daemon [_thread_in_native, id=3008, stack(0x0000001ef5300000,0x0000001ef5400000)]


Current CompileTask:
C2:   2010  942   !   4       java.util.concurrent.ConcurrentHashMap::putVal (432 bytes)

Stack: [0x0000001ef5300000,0x0000001ef5400000]
Native frames: (J=compiled Java code, j=interpreted, Vv=VM code, C=native code)
V  [jvm.dll+0x5fbcea]
V  [jvm.dll+0x731905]
V  [jvm.dll+0x732f1d]
V  [jvm.dll+0x7335d3]
V  [jvm.dll+0x247bf8]
V  [jvm.dll+0xc018c]
V  [jvm.dll+0xc06cc]
V  [jvm.dll+0x626185]
V  [jvm.dll+0x626b1f]
V  [jvm.dll+0x1ff289]
V  [jvm.dll+0x18868c]
V  [jvm.dll+0x20e0d7]
V  [jvm.dll+0x20c901]
V  [jvm.dll+0x6f9b7f]
V  [jvm.dll+0x6f26a5]
V  [jvm.dll+0x5fabf6]
C  [ucrtbase.dll+0x21bb2]
C  [KERNEL32.DLL+0x17034]
C  [ntdll.dll+0x52651]


---------------  P R O C E S S  ---------------

Threads class SMR info:
_java_thread_list=0x00000198e89d1620, length=11, elements={
0x00000198caf8f000, 0x00000198e70f2000, 0x00000198e70ee000, 0x00000198e7937800,
0x00000198e793a800, 0x00000198e793b800, 0x00000198e798c800, 0x00000198e7990800,
0x00000198e70fc000, 0x00000198e7ae2000, 0x00000198e84a0800
}

Java Threads: ( => current thread )
  0x00000198caf8f000 JavaThread "main" [_thread_blocked, id=7608, stack(0x0000001ef3f00000,0x0000001ef4000000)]
  0x00000198e70f2000 JavaThread "Reference Handler" daemon [_thread_blocked, id=14188, stack(0x0000001ef4600000,0x0000001ef4700000)]
  0x00000198e70ee000 JavaThread "Finalizer" daemon [_thread_blocked, id=9524, stack(0x0000001ef4700000,0x0000001ef4800000)]
  0x00000198e7937800 JavaThread "Signal Dispatcher" daemon [_thread_blocked, id=2392, stack(0x0000001ef4800000,0x0000001ef4900000)]
  0x00000198e793a800 JavaThread "Attach Listener" daemon [_thread_blocked, id=18620, stack(0x0000001ef4900000,0x0000001ef4a00000)]
  0x00000198e793b800 JavaThread "Service Thread" daemon [_thread_blocked, id=1052, stack(0x0000001ef4a00000,0x0000001ef4b00000)]
  0x00000198e798c800 JavaThread "C2 CompilerThread0" daemon [_thread_in_native, id=14764, stack(0x0000001ef4b00000,0x0000001ef4c00000)]
  0x00000198e7990800 JavaThread "C1 CompilerThread0" daemon [_thread_blocked, id=15240, stack(0x0000001ef4c00000,0x0000001ef4d00000)]
  0x00000198e70fc000 JavaThread "Sweeper thread" daemon [_thread_blocked, id=11056, stack(0x0000001ef4d00000,0x0000001ef4e00000)]
  0x00000198e7ae2000 JavaThread "Common-Cleaner" daemon [_thread_blocked, id=3084, stack(0x0000001ef4f00000,0x0000001ef5000000)]
=>0x00000198e84a0800 JavaThread "C2 CompilerThread1" daemon [_thread_in_native, id=3008, stack(0x0000001ef5300000,0x0000001ef5400000)]

Other Threads:
  0x00000198e7926000 VMThread "VM Thread" [stack: 0x0000001ef4500000,0x0000001ef4600000] [id=7572]
  0x00000198e7adb800 WatcherThread [stack: 0x0000001ef4e00000,0x0000001ef4f00000] [id=19276]
  0x00000198cafa7800 GCTaskThread "GC Thread#0" [stack: 0x0000001ef4000000,0x0000001ef4100000] [id=13424]
  0x00000198e80f1000 GCTaskThread "GC Thread#1" [stack: 0x0000001ef5000000,0x0000001ef5100000] [id=2884]
  0x00000198e7ead800 GCTaskThread "GC Thread#2" [stack: 0x0000001ef5100000,0x0000001ef5200000] [id=19392]
  0x00000198e8423800 GCTaskThread "GC Thread#3" [stack: 0x0000001ef5200000,0x0000001ef5300000] [id=10820]
  0x00000198cafed800 ConcurrentGCThread "G1 Main Marker" [stack: 0x0000001ef4100000,0x0000001ef4200000] [id=14636]
  0x00000198cafef000 ConcurrentGCThread "G1 Conc#0" [stack: 0x0000001ef4200000,0x0000001ef4300000] [id=8808]
  0x00000198cb06d800 ConcurrentGCThread "G1 Refine#0" [stack: 0x0000001ef4300000,0x0000001ef4400000] [id=19100]
  0x00000198e6f52800 ConcurrentGCThread "G1 Young RemSet Sampling" [stack: 0x0000001ef4400000,0x0000001ef4500000] [id=18624]

Threads with active compile tasks:
C2 CompilerThread0   2089  944       4       java.util.concurrent.ConcurrentHashMap::get (162 bytes)
C2 CompilerThread1   2089  942   !   4       java.util.concurrent.ConcurrentHashMap::putVal (432 bytes)

VM state:not at safepoint (normal execution)

VM Mutex/Monitor currently owned by a thread: None

Heap address: 0x0000000741e00000, size: 3042 MB, Compressed Oops mode: Zero based, Oop shift amount: 3
Narrow klass base: 0x0000000800000000, Narrow klass shift: 0
Compressed class space size: 1073741824 Address: 0x0000000800000000

Heap:
 garbage-first heap   total 196608K, used 13882K [0x0000000741e00000, 0x0000000800000000)
  region size 1024K, 7 young (7168K), 1 survivors (1024K)
 Metaspace       used 12216K, capacity 12518K, committed 12800K, reserved 1060864K
  class space    used 1350K, capacity 1469K, committed 1536K, reserved 1048576K
Heap Regions: E=young(eden), S=young(survivor), O=old, HS=humongous(starts), HC=humongous(continues), CS=collection set, F=free, A=archive, TAMS=top-at-mark-start (previous, next)
|   0|0x0000000741e00000, 0x0000000741f00000, 0x0000000741f00000|100%| O|  |TAMS 0x0000000741e00000, 0x0000000741e00000| Untracked 
|   1|0x0000000741f00000, 0x0000000741fef600, 0x0000000742000000| 93%| O|  |TAMS 0x0000000741f00000, 0x0000000741f00000| Untracked 
|   2|0x0000000742000000, 0x0000000742000000, 0x0000000742100000|  0%| F|  |TAMS 0x0000000742000000, 0x0000000742000000| Untracked 
|   3|0x0000000742100000, 0x0000000742200000, 0x0000000742200000|100%|HS|  |TAMS 0x0000000742100000, 0x0000000742100000| Complete 
|   4|0x0000000742200000, 0x0000000742300000, 0x0000000742300000|100%|HC|  |TAMS 0x0000000742200000, 0x0000000742200000| Complete 
|   5|0x0000000742300000, 0x0000000742400000, 0x0000000742400000|100%|HC|  |TAMS 0x0000000742300000, 0x0000000742300000| Complete 
|   6|0x0000000742400000, 0x0000000742500000, 0x0000000742500000|100%| O|  |TAMS 0x0000000742400000, 0x0000000742400000| Untracked 
|   7|0x0000000742500000, 0x0000000742600000, 0x0000000742600000|100%| O|  |TAMS 0x0000000742500000, 0x0000000742500000| Untracked 
|   8|0x0000000742600000, 0x0000000742700000, 0x0000000742700000|100%| O|  |TAMS 0x0000000742600000, 0x0000000742600000| Untracked 
|   9|0x0000000742700000, 0x0000000742700000, 0x0000000742800000|  0%| F|  |TAMS 0x0000000742700000, 0x0000000742700000| Untracked 
|  10|0x0000000742800000, 0x0000000742800000, 0x0000000742900000|  0%| F|  |TAMS 0x0000000742800000, 0x0000000742800000| Untracked 
|  11|0x0000000742900000, 0x0000000742900000, 0x0000000742a00000|  0%| F|  |TAMS 0x0000000742900000, 0x0000000742900000| Untracked 
|  12|0x0000000742a00000, 0x0000000742a00000, 0x0000000742b00000|  0%| F|  |TAMS 0x0000000742a00000, 0x0000000742a00000| Untracked 
|  13|0x0000000742b00000, 0x0000000742b00000, 0x0000000742c00000|  0%| F|  |TAMS 0x0000000742b00000, 0x0000000742b00000| Untracked 
|  14|0x0000000742c00000, 0x0000000742c00000, 0x0000000742d00000|  0%| F|  |TAMS 0x0000000742c00000, 0x0000000742c00000| Untracked 
|  15|0x0000000742d00000, 0x0000000742d00000, 0x0000000742e00000|  0%| F|  |TAMS 0x0000000742d00000, 0x0000000742d00000| Untracked 
|  16|0x0000000742e00000, 0x0000000742e00000, 0x0000000742f00000|  0%| F|  |TAMS 0x0000000742e00000, 0x0000000742e00000| Untracked 
|  17|0x0000000742f00000, 0x0000000742f00000, 0x0000000743000000|  0%| F|  |TAMS 0x0000000742f00000, 0x0000000742f00000| Untracked 
|  18|0x0000000743000000, 0x0000000743000000, 0x0000000743100000|  0%| F|  |TAMS 0x0000000743000000, 0x0000000743000000| Untracked 
|  19|0x0000000743100000, 0x0000000743100000, 0x0000000743200000|  0%| F|  |TAMS 0x0000000743100000, 0x0000000743100000| Untracked 
|  20|0x0000000743200000, 0x0000000743200000, 0x0000000743300000|  0%| F|  |TAMS 0x0000000743200000, 0x0000000743200000| Untracked 
|  21|0x0000000743300000, 0x0000000743300000, 0x0000000743400000|  0%| F|  |TAMS 0x0000000743300000, 0x0000000743300000| Untracked 
|  22|0x0000000743400000, 0x0000000743400000, 0x0000000743500000|  0%| F|  |TAMS 0x0000000743400000, 0x0000000743400000| Untracked 
|  23|0x0000000743500000, 0x0000000743500000, 0x0000000743600000|  0%| F|  |TAMS 0x0000000743500000, 0x0000000743500000| Untracked 
|  24|0x0000000743600000, 0x0000000743600000, 0x0000000743700000|  0%| F|  |TAMS 0x0000000743600000, 0x0000000743600000| Untracked 
|  25|0x0000000743700000, 0x0000000743700000, 0x0000000743800000|  0%| F|  |TAMS 0x0000000743700000, 0x0000000743700000| Untracked 
|  26|0x0000000743800000, 0x0000000743800000, 0x0000000743900000|  0%| F|  |TAMS 0x0000000743800000, 0x0000000743800000| Untracked 
|  27|0x0000000743900000, 0x0000000743900000, 0x0000000743a00000|  0%| F|  |TAMS 0x0000000743900000, 0x0000000743900000| Untracked 
|  28|0x0000000743a00000, 0x0000000743a00000, 0x0000000743b00000|  0%| F|  |TAMS 0x0000000743a00000, 0x0000000743a00000| Untracked 
|  29|0x0000000743b00000, 0x0000000743b00000, 0x0000000743c00000|  0%| F|  |TAMS 0x0000000743b00000, 0x0000000743b00000| Untracked 
|  30|0x0000000743c00000, 0x0000000743c00000, 0x0000000743d00000|  0%| F|  |TAMS 0x0000000743c00000, 0x0000000743c00000| Untracked 
|  31|0x0000000743d00000, 0x0000000743d00000, 0x0000000743e00000|  0%| F|  |TAMS 0x0000000743d00000, 0x0000000743d00000| Untracked 
|  32|0x0000000743e00000, 0x0000000743e00000, 0x0000000743f00000|  0%| F|  |TAMS 0x0000000743e00000, 0x0000000743e00000| Untracked 
|  33|0x0000000743f00000, 0x0000000743f00000, 0x0000000744000000|  0%| F|  |TAMS 0x0000000743f00000, 0x0000000743f00000| Untracked 
|  34|0x0000000744000000, 0x0000000744000000, 0x0000000744100000|  0%| F|  |TAMS 0x0000000744000000, 0x0000000744000000| Untracked 
|  35|0x0000000744100000, 0x0000000744100000, 0x0000000744200000|  0%| F|  |TAMS 0x0000000744100000, 0x0000000744100000| Untracked 
|  36|0x0000000744200000, 0x0000000744200000, 0x0000000744300000|  0%| F|  |TAMS 0x0000000744200000, 0x0000000744200000| Untracked 
|  37|0x0000000744300000, 0x0000000744300000, 0x0000000744400000|  0%| F|  |TAMS 0x0000000744300000, 0x0000000744300000| Untracked 
|  38|0x0000000744400000, 0x0000000744400000, 0x0000000744500000|  0%| F|  |TAMS 0x0000000744400000, 0x0000000744400000| Untracked 
|  39|0x0000000744500000, 0x0000000744500000, 0x0000000744600000|  0%| F|  |TAMS 0x0000000744500000, 0x0000000744500000| Untracked 
|  40|0x0000000744600000, 0x0000000744600000, 0x0000000744700000|  0%| F|  |TAMS 0x0000000744600000, 0x0000000744600000| Untracked 
|  41|0x0000000744700000, 0x0000000744700000, 0x0000000744800000|  0%| F|  |TAMS 0x0000000744700000, 0x0000000744700000| Untracked 
|  42|0x0000000744800000, 0x0000000744800000, 0x0000000744900000|  0%| F|  |TAMS 0x0000000744800000, 0x0000000744800000| Untracked 
|  43|0x0000000744900000, 0x0000000744900000, 0x0000000744a00000|  0%| F|  |TAMS 0x0000000744900000, 0x0000000744900000| Untracked 
|  44|0x0000000744a00000, 0x0000000744a00000, 0x0000000744b00000|  0%| F|  |TAMS 0x0000000744a00000, 0x0000000744a00000| Untracked 
|  45|0x0000000744b00000, 0x0000000744b00000, 0x0000000744c00000|  0%| F|  |TAMS 0x0000000744b00000, 0x0000000744b00000| Untracked 
|  46|0x0000000744c00000, 0x0000000744c00000, 0x0000000744d00000|  0%| F|  |TAMS 0x0000000744c00000, 0x0000000744c00000| Untracked 
|  47|0x0000000744d00000, 0x0000000744d00000, 0x0000000744e00000|  0%| F|  |TAMS 0x0000000744d00000, 0x0000000744d00000| Untracked 
|  48|0x0000000744e00000, 0x0000000744e00000, 0x0000000744f00000|  0%| F|  |TAMS 0x0000000744e00000, 0x0000000744e00000| Untracked 
|  49|0x0000000744f00000, 0x0000000744f00000, 0x0000000745000000|  0%| F|  |TAMS 0x0000000744f00000, 0x0000000744f00000| Untracked 
|  50|0x0000000745000000, 0x0000000745000000, 0x0000000745100000|  0%| F|  |TAMS 0x0000000745000000, 0x0000000745000000| Untracked 
|  51|0x0000000745100000, 0x0000000745100000, 0x0000000745200000|  0%| F|  |TAMS 0x0000000745100000, 0x0000000745100000| Untracked 
|  52|0x0000000745200000, 0x0000000745200000, 0x0000000745300000|  0%| F|  |TAMS 0x0000000745200000, 0x0000000745200000| Untracked 
|  53|0x0000000745300000, 0x0000000745300000, 0x0000000745400000|  0%| F|  |TAMS 0x0000000745300000, 0x0000000745300000| Untracked 
|  54|0x0000000745400000, 0x0000000745400000, 0x0000000745500000|  0%| F|  |TAMS 0x0000000745400000, 0x0000000745400000| Untracked 
|  55|0x0000000745500000, 0x0000000745500000, 0x0000000745600000|  0%| F|  |TAMS 0x0000000745500000, 0x0000000745500000| Untracked 
|  56|0x0000000745600000, 0x0000000745600000, 0x0000000745700000|  0%| F|  |TAMS 0x0000000745600000, 0x0000000745600000| Untracked 
|  57|0x0000000745700000, 0x0000000745700000, 0x0000000745800000|  0%| F|  |TAMS 0x0000000745700000, 0x0000000745700000| Untracked 
|  58|0x0000000745800000, 0x0000000745800000, 0x0000000745900000|  0%| F|  |TAMS 0x0000000745800000, 0x0000000745800000| Untracked 
|  59|0x0000000745900000, 0x0000000745900000, 0x0000000745a00000|  0%| F|  |TAMS 0x0000000745900000, 0x0000000745900000| Untracked 
|  60|0x0000000745a00000, 0x0000000745a00000, 0x0000000745b00000|  0%| F|  |TAMS 0x0000000745a00000, 0x0000000745a00000| Untracked 
|  61|0x0000000745b00000, 0x0000000745b00000, 0x0000000745c00000|  0%| F|  |TAMS 0x0000000745b00000, 0x0000000745b00000| Untracked 
|  62|0x0000000745c00000, 0x0000000745c00000, 0x0000000745d00000|  0%| F|  |TAMS 0x0000000745c00000, 0x0000000745c00000| Untracked 
|  63|0x0000000745d00000, 0x0000000745d00000, 0x0000000745e00000|  0%| F|  |TAMS 0x0000000745d00000, 0x0000000745d00000| Untracked 
|  64|0x0000000745e00000, 0x0000000745e00000, 0x0000000745f00000|  0%| F|  |TAMS 0x0000000745e00000, 0x0000000745e00000| Untracked 
|  65|0x0000000745f00000, 0x0000000745f00000, 0x0000000746000000|  0%| F|  |TAMS 0x0000000745f00000, 0x0000000745f00000| Untracked 
|  66|0x0000000746000000, 0x0000000746000000, 0x0000000746100000|  0%| F|  |TAMS 0x0000000746000000, 0x0000000746000000| Untracked 
|  67|0x0000000746100000, 0x0000000746100000, 0x0000000746200000|  0%| F|  |TAMS 0x0000000746100000, 0x0000000746100000| Untracked 
|  68|0x0000000746200000, 0x0000000746200000, 0x0000000746300000|  0%| F|  |TAMS 0x0000000746200000, 0x0000000746200000| Untracked 
|  69|0x0000000746300000, 0x0000000746300000, 0x0000000746400000|  0%| F|  |TAMS 0x0000000746300000, 0x0000000746300000| Untracked 
|  70|0x0000000746400000, 0x0000000746400000, 0x0000000746500000|  0%| F|  |TAMS 0x0000000746400000, 0x0000000746400000| Untracked 
|  71|0x0000000746500000, 0x0000000746500000, 0x0000000746600000|  0%| F|  |TAMS 0x0000000746500000, 0x0000000746500000| Untracked 
|  72|0x0000000746600000, 0x0000000746600000, 0x0000000746700000|  0%| F|  |TAMS 0x0000000746600000, 0x0000000746600000| Untracked 
|  73|0x0000000746700000, 0x0000000746700000, 0x0000000746800000|  0%| F|  |TAMS 0x0000000746700000, 0x0000000746700000| Untracked 
|  74|0x0000000746800000, 0x0000000746800000, 0x0000000746900000|  0%| F|  |TAMS 0x0000000746800000, 0x0000000746800000| Untracked 
|  75|0x0000000746900000, 0x0000000746900000, 0x0000000746a00000|  0%| F|  |TAMS 0x0000000746900000, 0x0000000746900000| Untracked 
|  76|0x0000000746a00000, 0x0000000746a00000, 0x0000000746b00000|  0%| F|  |TAMS 0x0000000746a00000, 0x0000000746a00000| Untracked 
|  77|0x0000000746b00000, 0x0000000746b00000, 0x0000000746c00000|  0%| F|  |TAMS 0x0000000746b00000, 0x0000000746b00000| Untracked 
|  78|0x0000000746c00000, 0x0000000746c00000, 0x0000000746d00000|  0%| F|  |TAMS 0x0000000746c00000, 0x0000000746c00000| Untracked 
|  79|0x0000000746d00000, 0x0000000746d00000, 0x0000000746e00000|  0%| F|  |TAMS 0x0000000746d00000, 0x0000000746d00000| Untracked 
|  80|0x0000000746e00000, 0x0000000746e00000, 0x0000000746f00000|  0%| F|  |TAMS 0x0000000746e00000, 0x0000000746e00000| Untracked 
|  81|0x0000000746f00000, 0x0000000746f00000, 0x0000000747000000|  0%| F|  |TAMS 0x0000000746f00000, 0x0000000746f00000| Untracked 
|  82|0x0000000747000000, 0x0000000747000000, 0x0000000747100000|  0%| F|  |TAMS 0x0000000747000000, 0x0000000747000000| Untracked 
|  83|0x0000000747100000, 0x0000000747100000, 0x0000000747200000|  0%| F|  |TAMS 0x0000000747100000, 0x0000000747100000| Untracked 
|  84|0x0000000747200000, 0x0000000747200000, 0x0000000747300000|  0%| F|  |TAMS 0x0000000747200000, 0x0000000747200000| Untracked 
|  85|0x0000000747300000, 0x0000000747300000, 0x0000000747400000|  0%| F|  |TAMS 0x0000000747300000, 0x0000000747300000| Untracked 
|  86|0x0000000747400000, 0x0000000747400000, 0x0000000747500000|  0%| F|  |TAMS 0x0000000747400000, 0x0000000747400000| Untracked 
|  87|0x0000000747500000, 0x0000000747500000, 0x0000000747600000|  0%| F|  |TAMS 0x0000000747500000, 0x0000000747500000| Untracked 
|  88|0x0000000747600000, 0x0000000747600000, 0x0000000747700000|  0%| F|  |TAMS 0x0000000747600000, 0x0000000747600000| Untracked 
|  89|0x0000000747700000, 0x0000000747700000, 0x0000000747800000|  0%| F|  |TAMS 0x0000000747700000, 0x0000000747700000| Untracked 
|  90|0x0000000747800000, 0x0000000747800000, 0x0000000747900000|  0%| F|  |TAMS 0x0000000747800000, 0x0000000747800000| Untracked 
|  91|0x0000000747900000, 0x0000000747900000, 0x0000000747a00000|  0%| F|  |TAMS 0x0000000747900000, 0x0000000747900000| Untracked 
|  92|0x0000000747a00000, 0x0000000747a00000, 0x0000000747b00000|  0%| F|  |TAMS 0x0000000747a00000, 0x0000000747a00000| Untracked 
|  93|0x0000000747b00000, 0x0000000747b00000, 0x0000000747c00000|  0%| F|  |TAMS 0x0000000747b00000, 0x0000000747b00000| Untracked 
|  94|0x0000000747c00000, 0x0000000747c00000, 0x0000000747d00000|  0%| F|  |TAMS 0x0000000747c00000, 0x0000000747c00000| Untracked 
|  95|0x0000000747d00000, 0x0000000747d00000, 0x0000000747e00000|  0%| F|  |TAMS 0x0000000747d00000, 0x0000000747d00000| Untracked 
|  96|0x0000000747e00000, 0x0000000747e00000, 0x0000000747f00000|  0%| F|  |TAMS 0x0000000747e00000, 0x0000000747e00000| Untracked 
|  97|0x0000000747f00000, 0x0000000747f00000, 0x0000000748000000|  0%| F|  |TAMS 0x0000000747f00000, 0x0000000747f00000| Untracked 
|  98|0x0000000748000000, 0x0000000748000000, 0x0000000748100000|  0%| F|  |TAMS 0x0000000748000000, 0x0000000748000000| Untracked 
|  99|0x0000000748100000, 0x0000000748100000, 0x0000000748200000|  0%| F|  |TAMS 0x0000000748100000, 0x0000000748100000| Untracked 
| 100|0x0000000748200000, 0x0000000748200000, 0x0000000748300000|  0%| F|  |TAMS 0x0000000748200000, 0x0000000748200000| Untracked 
| 101|0x0000000748300000, 0x0000000748300000, 0x0000000748400000|  0%| F|  |TAMS 0x0000000748300000, 0x0000000748300000| Untracked 
| 102|0x0000000748400000, 0x0000000748400000, 0x0000000748500000|  0%| F|  |TAMS 0x0000000748400000, 0x0000000748400000| Untracked 
| 103|0x0000000748500000, 0x0000000748500000, 0x0000000748600000|  0%| F|  |TAMS 0x0000000748500000, 0x0000000748500000| Untracked 
| 104|0x0000000748600000, 0x0000000748600000, 0x0000000748700000|  0%| F|  |TAMS 0x0000000748600000, 0x0000000748600000| Untracked 
| 105|0x0000000748700000, 0x0000000748700000, 0x0000000748800000|  0%| F|  |TAMS 0x0000000748700000, 0x0000000748700000| Untracked 
| 106|0x0000000748800000, 0x0000000748800000, 0x0000000748900000|  0%| F|  |TAMS 0x0000000748800000, 0x0000000748800000| Untracked 
| 107|0x0000000748900000, 0x0000000748900000, 0x0000000748a00000|  0%| F|  |TAMS 0x0000000748900000, 0x0000000748900000| Untracked 
| 108|0x0000000748a00000, 0x0000000748a00000, 0x0000000748b00000|  0%| F|  |TAMS 0x0000000748a00000, 0x0000000748a00000| Untracked 
| 109|0x0000000748b00000, 0x0000000748b00000, 0x0000000748c00000|  0%| F|  |TAMS 0x0000000748b00000, 0x0000000748b00000| Untracked 
| 110|0x0000000748c00000, 0x0000000748c00000, 0x0000000748d00000|  0%| F|  |TAMS 0x0000000748c00000, 0x0000000748c00000| Untracked 
| 111|0x0000000748d00000, 0x0000000748d00000, 0x0000000748e00000|  0%| F|  |TAMS 0x0000000748d00000, 0x0000000748d00000| Untracked 
| 112|0x0000000748e00000, 0x0000000748e00000, 0x0000000748f00000|  0%| F|  |TAMS 0x0000000748e00000, 0x0000000748e00000| Untracked 
| 113|0x0000000748f00000, 0x0000000748f00000, 0x0000000749000000|  0%| F|  |TAMS 0x0000000748f00000, 0x0000000748f00000| Untracked 
| 114|0x0000000749000000, 0x0000000749000000, 0x0000000749100000|  0%| F|  |TAMS 0x0000000749000000, 0x0000000749000000| Untracked 
| 115|0x0000000749100000, 0x0000000749100000, 0x0000000749200000|  0%| F|  |TAMS 0x0000000749100000, 0x0000000749100000| Untracked 
| 116|0x0000000749200000, 0x0000000749200000, 0x0000000749300000|  0%| F|  |TAMS 0x0000000749200000, 0x0000000749200000| Untracked 
| 117|0x0000000749300000, 0x0000000749300000, 0x0000000749400000|  0%| F|  |TAMS 0x0000000749300000, 0x0000000749300000| Untracked 
| 118|0x0000000749400000, 0x0000000749400000, 0x0000000749500000|  0%| F|  |TAMS 0x0000000749400000, 0x0000000749400000| Untracked 
| 119|0x0000000749500000, 0x0000000749500000, 0x0000000749600000|  0%| F|  |TAMS 0x0000000749500000, 0x0000000749500000| Untracked 
| 120|0x0000000749600000, 0x0000000749600000, 0x0000000749700000|  0%| F|  |TAMS 0x0000000749600000, 0x0000000749600000| Untracked 
| 121|0x0000000749700000, 0x0000000749700000, 0x0000000749800000|  0%| F|  |TAMS 0x0000000749700000, 0x0000000749700000| Untracked 
| 122|0x0000000749800000, 0x0000000749800000, 0x0000000749900000|  0%| F|  |TAMS 0x0000000749800000, 0x0000000749800000| Untracked 
| 123|0x0000000749900000, 0x0000000749900000, 0x0000000749a00000|  0%| F|  |TAMS 0x0000000749900000, 0x0000000749900000| Untracked 
| 124|0x0000000749a00000, 0x0000000749a00000, 0x0000000749b00000|  0%| F|  |TAMS 0x0000000749a00000, 0x0000000749a00000| Untracked 
| 125|0x0000000749b00000, 0x0000000749b00000, 0x0000000749c00000|  0%| F|  |TAMS 0x0000000749b00000, 0x0000000749b00000| Untracked 
| 126|0x0000000749c00000, 0x0000000749c00000, 0x0000000749d00000|  0%| F|  |TAMS 0x0000000749c00000, 0x0000000749c00000| Untracked 
| 127|0x0000000749d00000, 0x0000000749d00000, 0x0000000749e00000|  0%| F|  |TAMS 0x0000000749d00000, 0x0000000749d00000| Untracked 
| 128|0x0000000749e00000, 0x0000000749e00000, 0x0000000749f00000|  0%| F|  |TAMS 0x0000000749e00000, 0x0000000749e00000| Untracked 
| 129|0x0000000749f00000, 0x0000000749f00000, 0x000000074a000000|  0%| F|  |TAMS 0x0000000749f00000, 0x0000000749f00000| Untracked 
| 130|0x000000074a000000, 0x000000074a000000, 0x000000074a100000|  0%| F|  |TAMS 0x000000074a000000, 0x000000074a000000| Untracked 
| 131|0x000000074a100000, 0x000000074a100000, 0x000000074a200000|  0%| F|  |TAMS 0x000000074a100000, 0x000000074a100000| Untracked 
| 132|0x000000074a200000, 0x000000074a200000, 0x000000074a300000|  0%| F|  |TAMS 0x000000074a200000, 0x000000074a200000| Untracked 
| 133|0x000000074a300000, 0x000000074a300000, 0x000000074a400000|  0%| F|  |TAMS 0x000000074a300000, 0x000000074a300000| Untracked 
| 134|0x000000074a400000, 0x000000074a400000, 0x000000074a500000|  0%| F|  |TAMS 0x000000074a400000, 0x000000074a400000| Untracked 
| 135|0x000000074a500000, 0x000000074a500000, 0x000000074a600000|  0%| F|  |TAMS 0x000000074a500000, 0x000000074a500000| Untracked 
| 136|0x000000074a600000, 0x000000074a600000, 0x000000074a700000|  0%| F|  |TAMS 0x000000074a600000, 0x000000074a600000| Untracked 
| 137|0x000000074a700000, 0x000000074a700000, 0x000000074a800000|  0%| F|  |TAMS 0x000000074a700000, 0x000000074a700000| Untracked 
| 138|0x000000074a800000, 0x000000074a800000, 0x000000074a900000|  0%| F|  |TAMS 0x000000074a800000, 0x000000074a800000| Untracked 
| 139|0x000000074a900000, 0x000000074a900000, 0x000000074aa00000|  0%| F|  |TAMS 0x000000074a900000, 0x000000074a900000| Untracked 
| 140|0x000000074aa00000, 0x000000074aa00000, 0x000000074ab00000|  0%| F|  |TAMS 0x000000074aa00000, 0x000000074aa00000| Untracked 
| 141|0x000000074ab00000, 0x000000074ab00000, 0x000000074ac00000|  0%| F|  |TAMS 0x000000074ab00000, 0x000000074ab00000| Untracked 
| 142|0x000000074ac00000, 0x000000074ac00000, 0x000000074ad00000|  0%| F|  |TAMS 0x000000074ac00000, 0x000000074ac00000| Untracked 
| 143|0x000000074ad00000, 0x000000074ad00000, 0x000000074ae00000|  0%| F|  |TAMS 0x000000074ad00000, 0x000000074ad00000| Untracked 
| 144|0x000000074ae00000, 0x000000074ae00000, 0x000000074af00000|  0%| F|  |TAMS 0x000000074ae00000, 0x000000074ae00000| Untracked 
| 145|0x000000074af00000, 0x000000074af00000, 0x000000074b000000|  0%| F|  |TAMS 0x000000074af00000, 0x000000074af00000| Untracked 
| 146|0x000000074b000000, 0x000000074b000000, 0x000000074b100000|  0%| F|  |TAMS 0x000000074b000000, 0x000000074b000000| Untracked 
| 147|0x000000074b100000, 0x000000074b100000, 0x000000074b200000|  0%| F|  |TAMS 0x000000074b100000, 0x000000074b100000| Untracked 
| 148|0x000000074b200000, 0x000000074b200000, 0x000000074b300000|  0%| F|  |TAMS 0x000000074b200000, 0x000000074b200000| Untracked 
| 149|0x000000074b300000, 0x000000074b300000, 0x000000074b400000|  0%| F|  |TAMS 0x000000074b300000, 0x000000074b300000| Untracked 
| 150|0x000000074b400000, 0x000000074b400000, 0x000000074b500000|  0%| F|  |TAMS 0x000000074b400000, 0x000000074b400000| Untracked 
| 151|0x000000074b500000, 0x000000074b500000, 0x000000074b600000|  0%| F|  |TAMS 0x000000074b500000, 0x000000074b500000| Untracked 
| 152|0x000000074b600000, 0x000000074b600000, 0x000000074b700000|  0%| F|  |TAMS 0x000000074b600000, 0x000000074b600000| Untracked 
| 153|0x000000074b700000, 0x000000074b700000, 0x000000074b800000|  0%| F|  |TAMS 0x000000074b700000, 0x000000074b700000| Untracked 
| 154|0x000000074b800000, 0x000000074b800000, 0x000000074b900000|  0%| F|  |TAMS 0x000000074b800000, 0x000000074b800000| Untracked 
| 155|0x000000074b900000, 0x000000074b900000, 0x000000074ba00000|  0%| F|  |TAMS 0x000000074b900000, 0x000000074b900000| Untracked 
| 156|0x000000074ba00000, 0x000000074ba00000, 0x000000074bb00000|  0%| F|  |TAMS 0x000000074ba00000, 0x000000074ba00000| Untracked 
| 157|0x000000074bb00000, 0x000000074bb00000, 0x000000074bc00000|  0%| F|  |TAMS 0x000000074bb00000, 0x000000074bb00000| Untracked 
| 158|0x000000074bc00000, 0x000000074bc00000, 0x000000074bd00000|  0%| F|  |TAMS 0x000000074bc00000, 0x000000074bc00000| Untracked 
| 159|0x000000074bd00000, 0x000000074bd00000, 0x000000074be00000|  0%| F|  |TAMS 0x000000074bd00000, 0x000000074bd00000| Untracked 
| 160|0x000000074be00000, 0x000000074be00000, 0x000000074bf00000|  0%| F|  |TAMS 0x000000074be00000, 0x000000074be00000| Untracked 
| 161|0x000000074bf00000, 0x000000074bf00000, 0x000000074c000000|  0%| F|  |TAMS 0x000000074bf00000, 0x000000074bf00000| Untracked 
| 162|0x000000074c000000, 0x000000074c000000, 0x000000074c100000|  0%| F|  |TAMS 0x000000074c000000, 0x000000074c000000| Untracked 
| 163|0x000000074c100000, 0x000000074c100000, 0x000000074c200000|  0%| F|  |TAMS 0x000000074c100000, 0x000000074c100000| Untracked 
| 164|0x000000074c200000, 0x000000074c200000, 0x000000074c300000|  0%| F|  |TAMS 0x000000074c200000, 0x000000074c200000| Untracked 
| 165|0x000000074c300000, 0x000000074c300000, 0x000000074c400000|  0%| F|  |TAMS 0x000000074c300000, 0x000000074c300000| Untracked 
| 166|0x000000074c400000, 0x000000074c400000, 0x000000074c500000|  0%| F|  |TAMS 0x000000074c400000, 0x000000074c400000| Untracked 
| 167|0x000000074c500000, 0x000000074c500000, 0x000000074c600000|  0%| F|  |TAMS 0x000000074c500000, 0x000000074c500000| Untracked 
| 168|0x000000074c600000, 0x000000074c600000, 0x000000074c700000|  0%| F|  |TAMS 0x000000074c600000, 0x000000074c600000| Untracked 
| 169|0x000000074c700000, 0x000000074c700000, 0x000000074c800000|  0%| F|  |TAMS 0x000000074c700000, 0x000000074c700000| Untracked 
| 170|0x000000074c800000, 0x000000074c800000, 0x000000074c900000|  0%| F|  |TAMS 0x000000074c800000, 0x000000074c800000| Untracked 
| 171|0x000000074c900000, 0x000000074c900000, 0x000000074ca00000|  0%| F|  |TAMS 0x000000074c900000, 0x000000074c900000| Untracked 
| 172|0x000000074ca00000, 0x000000074ca00000, 0x000000074cb00000|  0%| F|  |TAMS 0x000000074ca00000, 0x000000074ca00000| Untracked 
| 173|0x000000074cb00000, 0x000000074cb00000, 0x000000074cc00000|  0%| F|  |TAMS 0x000000074cb00000, 0x000000074cb00000| Untracked 
| 174|0x000000074cc00000, 0x000000074cc00000, 0x000000074cd00000|  0%| F|  |TAMS 0x000000074cc00000, 0x000000074cc00000| Untracked 
| 175|0x000000074cd00000, 0x000000074cd00000, 0x000000074ce00000|  0%| F|  |TAMS 0x000000074cd00000, 0x000000074cd00000| Untracked 
| 176|0x000000074ce00000, 0x000000074ce00000, 0x000000074cf00000|  0%| F|  |TAMS 0x000000074ce00000, 0x000000074ce00000| Untracked 
| 177|0x000000074cf00000, 0x000000074cf00000, 0x000000074d000000|  0%| F|  |TAMS 0x000000074cf00000, 0x000000074cf00000| Untracked 
| 178|0x000000074d000000, 0x000000074d000000, 0x000000074d100000|  0%| F|  |TAMS 0x000000074d000000, 0x000000074d000000| Untracked 
| 179|0x000000074d100000, 0x000000074d100000, 0x000000074d200000|  0%| F|  |TAMS 0x000000074d100000, 0x000000074d100000| Untracked 
| 180|0x000000074d200000, 0x000000074d200000, 0x000000074d300000|  0%| F|  |TAMS 0x000000074d200000, 0x000000074d200000| Untracked 
| 181|0x000000074d300000, 0x000000074d300000, 0x000000074d400000|  0%| F|  |TAMS 0x000000074d300000, 0x000000074d300000| Untracked 
| 182|0x000000074d400000, 0x000000074d49f450, 0x000000074d500000| 62%| S|CS|TAMS 0x000000074d400000, 0x000000074d400000| Complete 
| 183|0x000000074d500000, 0x000000074d500000, 0x000000074d600000|  0%| F|  |TAMS 0x000000074d500000, 0x000000074d500000| Untracked 
| 184|0x000000074d600000, 0x000000074d600000, 0x000000074d700000|  0%| F|  |TAMS 0x000000074d600000, 0x000000074d600000| Untracked 
| 185|0x000000074d700000, 0x000000074d700000, 0x000000074d800000|  0%| F|  |TAMS 0x000000074d700000, 0x000000074d700000| Untracked 
| 186|0x000000074d800000, 0x000000074d800800, 0x000000074d900000|  0%| E|  |TAMS 0x000000074d800000, 0x000000074d800000| Complete 
| 187|0x000000074d900000, 0x000000074da00000, 0x000000074da00000|100%| E|CS|TAMS 0x000000074d900000, 0x000000074d900000| Complete 
| 188|0x000000074da00000, 0x000000074db00000, 0x000000074db00000|100%| E|CS|TAMS 0x000000074da00000, 0x000000074da00000| Complete 
| 189|0x000000074db00000, 0x000000074dc00000, 0x000000074dc00000|100%| E|CS|TAMS 0x000000074db00000, 0x000000074db00000| Complete 
| 190|0x000000074dc00000, 0x000000074dd00000, 0x000000074dd00000|100%| E|CS|TAMS 0x000000074dc00000, 0x000000074dc00000| Complete 
| 191|0x000000074dd00000, 0x000000074de00000, 0x000000074de00000|100%| E|CS|TAMS 0x000000074dd00000, 0x000000074dd00000| Complete 

Card table byte_map: [0x00000198de0a0000,0x00000198de6a0000] _byte_map_base: 0x00000198da691000

Marking Bits (Prev, Next): (CMBitMap*) 0x00000198cafe0cb8, (CMBitMap*) 0x00000198cafe0cf0
 Prev Bits: [0x00000198deca0000, 0x00000198e1c28000)
 Next Bits: [0x00000198e1c30000, 0x00000198e4bb8000)

Polling page: 0x00000198c8e60000

Metaspace:

Usage:
  Non-class:     10.79 MB capacity,    10.61 MB ( 98%) used,   169.66 KB (  2%) free+waste,    13.69 KB ( <1%) overhead. 
      Class:      1.43 MB capacity,     1.32 MB ( 92%) used,   111.38 KB (  8%) free+waste,     6.69 KB ( <1%) overhead. 
       Both:     12.22 MB capacity,    11.93 MB ( 98%) used,   281.04 KB (  2%) free+waste,    20.38 KB ( <1%) overhead. 

Virtual space:
  Non-class space:       12.00 MB reserved,      11.00 MB ( 92%) committed 
      Class space:        1.00 GB reserved,       1.50 MB ( <1%) committed 
             Both:        1.01 GB reserved,      12.50 MB (  1%) committed 

Chunk freelists:
   Non-Class:  23.00 KB
       Class:  3.00 KB
        Both:  26.00 KB

MaxMetaspaceSize: 17179869184.00 GB
CompressedClassSpaceSize: 1.00 GB
Initial GC threshold: 20.80 MB
Current GC threshold: 20.80 MB
CDS: off

CodeHeap 'non-profiled nmethods': size=120064Kb used=345Kb max_used=345Kb free=119718Kb
 bounds [0x00000198d6560000, 0x00000198d67d0000, 0x00000198ddaa0000]
CodeHeap 'profiled nmethods': size=120000Kb used=1763Kb max_used=1763Kb free=118236Kb
 bounds [0x00000198cf030000, 0x00000198cf2a0000, 0x00000198d6560000]
CodeHeap 'non-nmethods': size=5696Kb used=1142Kb max_used=1156Kb free=4554Kb
 bounds [0x00000198ceaa0000, 0x00000198ced10000, 0x00000198cf030000]
 total_blobs=1345 nmethods=956 adapters=302
 compilation: enabled
              stopped_count=0, restarted_count=0
 full_count=0

Compilation events (20 events):
Event: 1.927 Thread 0x00000198e7990800  934       3       java.lang.invoke.Invokers$Holder::linkToTargetMethod (9 bytes)
Event: 1.927 Thread 0x00000198e7990800 nmethod 934 0x00000198cf1e1890 code [0x00000198cf1e1a60, 0x00000198cf1e1df8]
Event: 1.927 Thread 0x00000198e7990800  933       3       java.lang.invoke.LambdaForm$MH/0x0000000800064040::invoke (8 bytes)
Event: 1.928 Thread 0x00000198e7990800 nmethod 933 0x00000198cf1e1f10 code [0x00000198cf1e20c0, 0x00000198cf1e2318]
Event: 1.928 Thread 0x00000198e7990800  935       3       java.util.regex.Pattern$Node::study (21 bytes)
Event: 1.928 Thread 0x00000198e84a0800 nmethod 931 0x00000198d65b4e90 code [0x00000198d65b5020, 0x00000198d65b5098]
Event: 1.928 Thread 0x00000198e798c800  936       4       java.lang.CharacterDataLatin1::toUpperCase (53 bytes)
Event: 1.928 Thread 0x00000198e7990800 nmethod 935 0x00000198cf1e2410 code [0x00000198cf1e25e0, 0x00000198cf1e2808]
Event: 1.929 Thread 0x00000198e7990800  937       3       java.lang.String::toString (2 bytes)
Event: 1.929 Thread 0x00000198e7990800 nmethod 937 0x00000198cf1e2910 code [0x00000198cf1e2ac0, 0x00000198cf1e2bb8]
Event: 1.929 Thread 0x00000198e798c800 nmethod 936 0x00000198d65b5190 code [0x00000198d65b5320, 0x00000198d65b53f8]
Event: 1.929 Thread 0x00000198e7990800  938       3       org.gradle.launcher.cli.converter.LayoutToPropertiesConverter$1::isSatisfiedBy (9 bytes)
Event: 1.930 Thread 0x00000198e7990800 nmethod 938 0x00000198cf1e2c90 code [0x00000198cf1e2e80, 0x00000198cf1e3438]
Event: 1.930 Thread 0x00000198e7990800  939       3       org.gradle.launcher.cli.converter.LayoutToPropertiesConverter$1::isSatisfiedBy (30 bytes)
Event: 1.930 Thread 0x00000198e7990800 nmethod 939 0x00000198cf1e3610 code [0x00000198cf1e37e0, 0x00000198cf1e3c18]
Event: 1.930 Thread 0x00000198e7990800  940       1       java.util.concurrent.ConcurrentHashMap$MapEntry::getKey (5 bytes)
Event: 1.930 Thread 0x00000198e7990800 nmethod 940 0x00000198d65b5510 code [0x00000198d65b56c0, 0x00000198d65b5778]
Event: 1.930 Thread 0x00000198e7990800  941       1       java.util.concurrent.ConcurrentHashMap$MapEntry::getValue (5 bytes)
Event: 1.930 Thread 0x00000198e7990800 nmethod 941 0x00000198d65b5810 code [0x00000198d65b59c0, 0x00000198d65b5a78]
Event: 1.964 Thread 0x00000198e84a0800  942   !   4       java.util.concurrent.ConcurrentHashMap::putVal (432 bytes)

GC Heap History (4 events):
Event: 1.315 GC heap before
{Heap before GC invocations=0 (full 0):
 garbage-first heap   total 196608K, used 19456K [0x0000000741e00000, 0x0000000800000000)
  region size 1024K, 14 young (14336K), 0 survivors (0K)
 Metaspace       used 8468K, capacity 8650K, committed 8832K, reserved 1056768K
  class space    used 778K, capacity 857K, committed 896K, reserved 1048576K
}
Event: 1.381 GC heap after
{Heap after GC invocations=1 (full 0):
 garbage-first heap   total 196608K, used 7983K [0x0000000741e00000, 0x0000000800000000)
  region size 1024K, 2 young (2048K), 2 survivors (2048K)
 Metaspace       used 8468K, capacity 8650K, committed 8832K, reserved 1056768K
  class space    used 778K, capacity 857K, committed 896K, reserved 1048576K
}
Event: 1.815 GC heap before
{Heap before GC invocations=1 (full 0):
 garbage-first heap   total 196608K, used 17199K [0x0000000741e00000, 0x0000000800000000)
  region size 1024K, 11 young (11264K), 2 survivors (2048K)
 Metaspace       used 11233K, capacity 11496K, committed 11648K, reserved 1058816K
  class space    used 1203K, capacity 1297K, committed 1408K, reserved 1048576K
}
Event: 1.818 GC heap after
{Heap after GC invocations=2 (full 0):
 garbage-first heap   total 196608K, used 8762K [0x0000000741e00000, 0x0000000800000000)
  region size 1024K, 1 young (1024K), 1 survivors (1024K)
 Metaspace       used 11233K, capacity 11496K, committed 11648K, reserved 1058816K
  class space    used 1203K, capacity 1297K, committed 1408K, reserved 1048576K
}

Deoptimization events (20 events):
Event: 1.611 Thread 0x00000198caf8f000 Uncommon trap: trap_request=0xffffff4d fr.pc=0x00000198d657f728 relative=0x00000000000001c8
Event: 1.611 Thread 0x00000198caf8f000 Uncommon trap: reason=unstable_if action=reinterpret pc=0x00000198d657f728 method=java.util.regex.Matcher.reset()Ljava/util/regex/Matcher; @ 47 c2
Event: 1.611 Thread 0x00000198caf8f000 DEOPT PACKING pc=0x00000198d657f728 sp=0x0000001ef3ffde70
Event: 1.611 Thread 0x00000198caf8f000 DEOPT UNPACKING pc=0x00000198ceaea1af sp=0x0000001ef3ffddf8 mode 2
Event: 1.612 Thread 0x00000198caf8f000 Uncommon trap: trap_request=0xffffffde fr.pc=0x00000198d6580390 relative=0x00000000000003f0
Event: 1.612 Thread 0x00000198caf8f000 Uncommon trap: reason=class_check action=maybe_recompile pc=0x00000198d6580390 method=java.util.regex.Matcher.match(II)Z @ 121 c2
Event: 1.612 Thread 0x00000198caf8f000 DEOPT PACKING pc=0x00000198d6580390 sp=0x0000001ef3ffdec0
Event: 1.612 Thread 0x00000198caf8f000 DEOPT UNPACKING pc=0x00000198ceaea1af sp=0x0000001ef3ffde68 mode 2
Event: 1.612 Thread 0x00000198caf8f000 Uncommon trap: trap_request=0xffffffde fr.pc=0x00000198d6580390 relative=0x00000000000003f0
Event: 1.612 Thread 0x00000198caf8f000 Uncommon trap: reason=class_check action=maybe_recompile pc=0x00000198d6580390 method=java.util.regex.Matcher.match(II)Z @ 121 c2
Event: 1.612 Thread 0x00000198caf8f000 DEOPT PACKING pc=0x00000198d6580390 sp=0x0000001ef3ffdec0
Event: 1.612 Thread 0x00000198caf8f000 DEOPT UNPACKING pc=0x00000198ceaea1af sp=0x0000001ef3ffde68 mode 2
Event: 1.612 Thread 0x00000198caf8f000 Uncommon trap: trap_request=0xffffffde fr.pc=0x00000198d6580390 relative=0x00000000000003f0
Event: 1.612 Thread 0x00000198caf8f000 Uncommon trap: reason=class_check action=maybe_recompile pc=0x00000198d6580390 method=java.util.regex.Matcher.match(II)Z @ 121 c2
Event: 1.612 Thread 0x00000198caf8f000 DEOPT PACKING pc=0x00000198d6580390 sp=0x0000001ef3ffdd40
Event: 1.612 Thread 0x00000198caf8f000 DEOPT UNPACKING pc=0x00000198ceaea1af sp=0x0000001ef3ffdce8 mode 2
Event: 1.612 Thread 0x00000198caf8f000 Uncommon trap: trap_request=0xffffffde fr.pc=0x00000198d6580390 relative=0x00000000000003f0
Event: 1.612 Thread 0x00000198caf8f000 Uncommon trap: reason=class_check action=maybe_recompile pc=0x00000198d6580390 method=java.util.regex.Matcher.match(II)Z @ 121 c2
Event: 1.612 Thread 0x00000198caf8f000 DEOPT PACKING pc=0x00000198d6580390 sp=0x0000001ef3ffdd40
Event: 1.612 Thread 0x00000198caf8f000 DEOPT UNPACKING pc=0x00000198ceaea1af sp=0x0000001ef3ffdce8 mode 2

Classes redefined (0 events):
No events

Internal exceptions (7 events):
Event: 0.306 Thread 0x00000198caf8f000 Exception <a 'java/lang/NoSuchMethodError'{0x000000074dc8d5f0}: 'int java.lang.invoke.DirectMethodHandle$Holder.invokeSpecialIFC(java.lang.Object, java.lang.Object, int)'> (0x000000074dc8d5f0) thrown at [./src/hotspot/share/interpreter/linkResolver.cpp, line 773]
Event: 0.486 Thread 0x00000198caf8f000 Exception <a 'java/lang/NoSuchMethodError'{0x000000074da5e2c0}: 'int java.lang.invoke.DirectMethodHandle$Holder.invokeStaticInit(java.lang.Object, java.lang.Object)'> (0x000000074da5e2c0) thrown at [./src/hotspot/share/interpreter/linkResolver.cpp, line 773]
Event: 0.654 Thread 0x00000198caf8f000 Exception <a 'java/lang/NoSuchMethodError'{0x000000074d91a3e8}: 'int java.lang.invoke.DirectMethodHandle$Holder.invokeSpecial(java.lang.Object, java.lang.Object, java.lang.Object, java.lang.Object)'> (0x000000074d91a3e8) thrown at [./src/hotspot/share/interpreter/linkResolver.cpp, line 773]
Event: 1.647 Thread 0x00000198caf8f000 Exception <a 'java/lang/NoClassDefFoundError'{0x000000074d86a468}: org/slf4j/impl/StaticMarkerBinder> (0x000000074d86a468) thrown at [./src/hotspot/share/classfile/systemDictionary.cpp, line 220]
Event: 1.662 Thread 0x00000198caf8f000 Exception <a 'java/lang/NoSuchMethodError'{0x000000074d7032b8}: 'java.lang.Object java.lang.invoke.DirectMethodHandle$Holder.invokeVirtual(java.lang.Object, java.lang.Object, java.lang.Object, java.lang.Object, java.lang.Object)'> (0x000000074d7032b8) thrown at [./src/hotspot/share/interpreter/linkResolver.cpp, line 773]
Event: 1.848 Thread 0x00000198caf8f000 Exception <a 'java/lang/NoSuchMethodError'{0x000000074ddf0ef8}: 'java.lang.Object java.lang.invoke.Invokers$Holder.invoker(java.lang.Object, java.lang.Object, java.lang.Object, java.lang.Object, java.lang.Object)'> (0x000000074ddf0ef8) thrown at [./src/hotspot/share/interpreter/linkResolver.cpp, line 773]
Event: 1.852 Thread 0x00000198caf8f000 Exception <a 'java/lang/NoSuchMethodError'{0x000000074dc02100}: 'void java.lang.invoke.DelegatingMethodHandle$Holder.delegate(java.lang.Object, java.lang.Object, int, java.lang.Object)'> (0x000000074dc02100) thrown at [./src/hotspot/share/interpreter/linkResolver.cpp, line 773]

Events (20 events):
Event: 1.961 loading class org/gradle/internal/DisplayName
Event: 1.961 loading class org/gradle/internal/DisplayName done
Event: 1.962 loading class org/gradle/api/Describable
Event: 1.962 loading class org/gradle/api/Describable done
Event: 1.962 loading class org/gradle/internal/Describables$FixedDescribable
Event: 1.962 loading class org/gradle/internal/Describables$FixedDescribable done
Event: 1.962 loading class org/gradle/internal/Describables$AbstractDescribable
Event: 1.962 loading class org/gradle/internal/Describables$AbstractDescribable done
Event: 1.962 loading class org/gradle/api/internal/provider/AbstractProperty$FinalizedValue
Event: 1.962 loading class org/gradle/api/internal/provider/AbstractProperty$FinalizedValue done
Event: 1.963 loading class org/gradle/api/internal/provider/ValueSanitizers
Event: 1.963 loading class org/gradle/api/internal/provider/ValueSanitizers done
Event: 1.964 loading class org/gradle/api/internal/provider/ValueSanitizer
Event: 1.964 loading class org/gradle/api/internal/provider/ValueSanitizer done
Event: 1.964 loading class org/gradle/api/internal/provider/ValueCollector
Event: 1.964 loading class org/gradle/api/internal/provider/ValueCollector done
Event: 1.964 loading class org/gradle/api/internal/provider/ValueSanitizers$1
Event: 1.964 loading class org/gradle/api/internal/provider/ValueSanitizers$1 done
Event: 1.964 loading class org/gradle/api/internal/provider/ValueSanitizers$2
Event: 1.964 loading class org/gradle/api/internal/provider/ValueSanitizers$2 done


Dynamic libraries:
0x00007ff6c5050000 - 0x00007ff6c505a000 	D:\program files\Android Studio\jre\bin\java.exe
0x00007fff39f70000 - 0x00007fff3a168000 	C:\WINDOWS\SYSTEM32\ntdll.dll
0x00007fff388a0000 - 0x00007fff3895d000 	C:\WINDOWS\System32\KERNEL32.DLL
0x00007fff379e0000 - 0x00007fff37cae000 	C:\WINDOWS\System32\KERNELBASE.dll
0x00007fff37690000 - 0x00007fff37790000 	C:\WINDOWS\System32\ucrtbase.dll
0x00007fff31700000 - 0x00007fff31719000 	D:\program files\Android Studio\jre\bin\jli.dll
0x00007fff38eb0000 - 0x00007fff39050000 	C:\WINDOWS\System32\USER32.dll
0x00007fff37fa0000 - 0x00007fff37fc2000 	C:\WINDOWS\System32\win32u.dll
0x00007fff392b0000 - 0x00007fff392da000 	C:\WINDOWS\System32\GDI32.dll
0x00007fff37800000 - 0x00007fff3790b000 	C:\WINDOWS\System32\gdi32full.dll
0x00007fff37910000 - 0x00007fff379ad000 	C:\WINDOWS\System32\msvcp_win.dll
0x00007fff31230000 - 0x00007fff31247000 	D:\program files\Android Studio\jre\bin\VCRUNTIME140.dll
0x00007fff23430000 - 0x00007fff236ca000 	C:\WINDOWS\WinSxS\amd64_microsoft.windows.common-controls_6595b64144ccf1df_6.0.19041.1110_none_60b5254171f9507e\COMCTL32.dll
0x00007fff38800000 - 0x00007fff3889e000 	C:\WINDOWS\System32\msvcrt.dll
0x00007fff38a90000 - 0x00007fff38ac0000 	C:\WINDOWS\System32\IMM32.DLL
0x00007fff1d930000 - 0x00007fff1d9cd000 	D:\program files\Android Studio\jre\bin\msvcp140.dll
0x00007ffeead00000 - 0x00007ffeeb7e5000 	D:\program files\Android Studio\jre\bin\server\jvm.dll
0x00007fff39340000 - 0x00007fff393ee000 	C:\WINDOWS\System32\ADVAPI32.dll
0x00007fff39e90000 - 0x00007fff39f2c000 	C:\WINDOWS\System32\sechost.dll
0x00007fff393f0000 - 0x00007fff39515000 	C:\WINDOWS\System32\RPCRT4.dll
0x00007fff38960000 - 0x00007fff38968000 	C:\WINDOWS\System32\PSAPI.DLL
0x00007fff31d30000 - 0x00007fff31d39000 	C:\WINDOWS\SYSTEM32\WSOCK32.dll
0x00007fff236d0000 - 0x00007fff236f7000 	C:\WINDOWS\SYSTEM32\WINMM.dll
0x00007fff39d50000 - 0x00007fff39dbb000 	C:\WINDOWS\System32\WS2_32.dll
0x00007fff26c00000 - 0x00007fff26c0a000 	C:\WINDOWS\SYSTEM32\VERSION.dll
0x00007fff35f70000 - 0x00007fff35f82000 	C:\WINDOWS\SYSTEM32\kernel.appcore.dll
0x00007fff30960000 - 0x00007fff30971000 	D:\program files\Android Studio\jre\bin\verify.dll
0x00007fff354a0000 - 0x00007fff35684000 	C:\WINDOWS\SYSTEM32\DBGHELP.DLL
0x00007fff302b0000 - 0x00007fff302dc000 	C:\WINDOWS\SYSTEM32\dbgcore.DLL
0x00007fff37e60000 - 0x00007fff37ee2000 	C:\WINDOWS\System32\bcryptPrimitives.dll
0x00007fff2fe00000 - 0x00007fff2fe29000 	D:\program files\Android Studio\jre\bin\java.dll
0x00007fff31720000 - 0x00007fff3172b000 	D:\program files\Android Studio\jre\bin\jimage.dll
0x00007fff2d820000 - 0x00007fff2d838000 	D:\program files\Android Studio\jre\bin\zip.dll
0x00007fff39600000 - 0x00007fff39d44000 	C:\WINDOWS\System32\SHELL32.dll
0x00007fff356b0000 - 0x00007fff35e44000 	C:\WINDOWS\SYSTEM32\windows.storage.dll
0x00007fff38ac0000 - 0x00007fff38e14000 	C:\WINDOWS\System32\combase.dll
0x00007fff37020000 - 0x00007fff37050000 	C:\WINDOWS\SYSTEM32\Wldp.dll
0x00007fff386f0000 - 0x00007fff3879d000 	C:\WINDOWS\System32\SHCORE.dll
0x00007fff392e0000 - 0x00007fff39335000 	C:\WINDOWS\System32\shlwapi.dll
0x00007fff375d0000 - 0x00007fff375ef000 	C:\WINDOWS\SYSTEM32\profapi.dll
0x00007fff2aba0000 - 0x00007fff2abba000 	D:\program files\Android Studio\jre\bin\net.dll
0x00007fff2d8b0000 - 0x00007fff2d9ba000 	C:\WINDOWS\SYSTEM32\WINHTTP.dll
0x00007fff36d80000 - 0x00007fff36dea000 	C:\WINDOWS\system32\mswsock.dll
0x00007fff2ab80000 - 0x00007fff2ab94000 	D:\program files\Android Studio\jre\bin\nio.dll
0x00007fff2ab50000 - 0x00007fff2ab76000 	C:\Users\Welcome\.gradle\native\fdc75f09e3144964f2cf3f50f0aa648679c211496f362492102eb8c894070792\windows-amd64\native-platform.dll
0x00007fff121a0000 - 0x00007fff12331000 	C:\Users\Welcome\.gradle\native\12488b8bf47d2d4c9fbf2f6322a914ad602e24e48041cd04a747c6da556b65c4\windows-amd64\native-platform-file-events.dll

dbghelp: loaded successfully - version: 4.0.5 - missing functions: none
symbol engine: initialized successfully - sym options: 0x614 - pdb path: .;D:\program files\Android Studio\jre\bin;C:\WINDOWS\SYSTEM32;C:\WINDOWS\WinSxS\amd64_microsoft.windows.common-controls_6595b64144ccf1df_6.0.19041.1110_none_60b5254171f9507e;D:\program files\Android Studio\jre\bin\server;C:\Users\Welcome\.gradle\native\fdc75f09e3144964f2cf3f50f0aa648679c211496f362492102eb8c894070792\windows-amd64;C:\Users\Welcome\.gradle\native\12488b8bf47d2d4c9fbf2f6322a914ad602e24e48041cd04a747c6da556b65c4\windows-amd64

VM Arguments:
jvm_args: -Dorg.gradle.appname=gradlew 
java_command: org.gradle.wrapper.GradleWrapperMain -q -Ptarget-platform=android-x86 -Ptarget=C:\Users\Welcome\Desktop\vinoth\projects\DataCollection\app\data_collector\flutter_login_ui-main\lib\main.dart -Pbase-application-name=android.app.Application -Pdart-defines=RkxVVFRFUl9XRUJfQVVUT19ERVRFQ1Q9dHJ1ZQ== -Pdart-obfuscation=false -Ptrack-widget-creation=true -Ptree-shake-icons=false -Pfilesystem-scheme=org-dartlang-root assembleDebug
java_class_path (initial): C:\Users\Welcome\Desktop\vinoth\projects\DataCollection\app\data_collector\flutter_login_ui-main\android\\gradle\wrapper\gradle-wrapper.jar
Launcher Type: SUN_STANDARD

[Global flags]
     intx CICompilerCount                          = 3                                         {product} {ergonomic}
     uint ConcGCThreads                            = 1                                         {product} {ergonomic}
     uint G1ConcRefinementThreads                  = 4                                         {product} {ergonomic}
   size_t G1HeapRegionSize                         = 1048576                                   {product} {ergonomic}
    uintx GCDrainStackTargetSize                   = 64                                        {product} {ergonomic}
   size_t InitialHeapSize                          = 201326592                                 {product} {ergonomic}
   size_t MarkStackSize                            = 4194304                                   {product} {ergonomic}
   size_t MaxHeapSize                              = 3189768192                                {product} {ergonomic}
   size_t MaxNewSize                               = 1913651200                                {product} {ergonomic}
   size_t MinHeapDeltaBytes                        = 1048576                                   {product} {ergonomic}
    uintx NonNMethodCodeHeapSize                   = 5830732                                {pd product} {ergonomic}
    uintx NonProfiledCodeHeapSize                  = 122913754                              {pd product} {ergonomic}
    uintx ProfiledCodeHeapSize                     = 122913754                              {pd product} {ergonomic}
    uintx ReservedCodeCacheSize                    = 251658240                              {pd product} {ergonomic}
     bool SegmentedCodeCache                       = true                                      {product} {ergonomic}
     bool UseCompressedClassPointers               = true                                 {lp64_product} {ergonomic}
     bool UseCompressedOops                        = true                                 {lp64_product} {ergonomic}
     bool UseG1GC                                  = true                                      {product} {ergonomic}
     bool UseLargePagesIndividualAllocation        = false                                  {pd product} {ergonomic}

Logging:
Log output configuration:
 #0: stdout all=warning uptime,level,tags
 #1: stderr all=off uptime,level,tags

Environment Variables:
JAVA_HOME=D:\program files\Android Studio\jre
CLASSPATH=C:\Users\Welcome\Desktop\vinoth\projects\DataCollection\app\data_collector\flutter_login_ui-main\android\\gradle\wrapper\gradle-wrapper.jar
PATH=C:\Python39\Scripts\;C:\Python39\;C:\Program Files (x86)\Common Files\Oracle\Java\javapath;C:\WINDOWS\system32;C:\WINDOWS;C:\WINDOWS\System32\Wbem;C:\WINDOWS\System32\WindowsPowerShell\v1.0\;C:\WINDOWS\System32\OpenSSH\;C:\Dwimperl\perl\bin;C:\Dwimperl\perl\site\bin;C:\Dwimperl\c\bin;C:\Program Files\nodejs\;C:\ProgramData\chocolatey\bin;D:\program files\Git\cmd;C:\Program Files (x86)\Pulse Secure\VC142.CRT\X64\;C:\Program Files (x86)\Pulse Secure\VC142.CRT\X86\;D:\program files\flutter\bin;D:\program files\Java\jdk-10.0.2\bin;C:\Users\Welcome\AppData\Local\Android\Sdk\platform-tools;C:\Users\Welcome\AppData\Local\Android\Sdk\tools;C:\Users\Welcome\AppData\Local\Programs\Python\Python36\Scripts\;C:\Users\Welcome\AppData\Local\Programs\Python\Python36\;C:\Users\Welcome\AppData\Local\Microsoft\WindowsApps;C:\Users\Welcome\AppData\Roaming\npm;D:\program files\flutter\bin;D:\program files\Microsoft VS Code\bin;C:\Users\Welcome\AppData\Local\Android\Sdk\platform-tools;;D:\program files\flutter\bin\mingit\cmd
USERNAME=selva
OS=Windows_NT
PROCESSOR_IDENTIFIER=Intel64 Family 6 Model 78 Stepping 3, GenuineIntel



---------------  S Y S T E M  ---------------

OS: Windows 10 , 64 bit Build 19041 (10.0.19041.1806)
OS uptime: 0 days 22:33 hours

CPU:total 4 (initial active 4) (2 cores per cpu, 2 threads per core) family 6 model 78 stepping 3 microcode 0xcc, cmov, cx8, fxsr, mmx, sse, sse2, sse3, ssse3, sse4.1, sse4.2, popcnt, avx, avx2, aes, clmul, erms, 3dnowpref, lzcnt, ht, tsc, tscinvbit, bmi1, bmi2, adx, fma

Memory: 4k page, system-wide physical 12161M (474M free)
TotalPageFile size 12161M (AvailPageFile size 3M)
current process WorkingSet (physical memory assigned to process): 85M, peak: 86M
current process commit charge ("private bytes"): 284M, peak: 286M

vm_info: OpenJDK 64-Bit Server VM (11.0.12+7-b1504.28-7817840) for windows-amd64 JRE (11.0.12+7-b1504.28-7817840), built on Oct 13 2021 22:12:33 by "builder" with MS VC++ 14.0 (VS2015)

END.
