#
# There is insufficient memory for the Java Runtime Environment to continue.
# Native memory allocation (malloc) failed to allocate 74256 bytes for Chunk::new
# Possible reasons:
#   The system is out of physical RAM or swap space
#   The process is running with CompressedOops enabled, and the Java Heap may be blocking the growth of the native heap
# Possible solutions:
#   Reduce memory load on the system
#   Increase physical memory or swap space
#   Check if swap backing store is full
#   Decrease Java heap size (-Xmx/-Xms)
#   Decrease number of Java threads
#   Decrease Java thread stack sizes (-Xss)
#   Set larger code cache with -XX:ReservedCodeCacheSize=
#   JVM is running with Zero Based Compressed Oops mode in which the Java heap is
#     placed in the first 32GB address space. The Java Heap base address is the
#     maximum limit for the native heap growth. Please use -XX:HeapBaseMinAddress
#     to set the Java Heap base and to place the Java Heap above 32GB virtual address.
# This output file may be truncated or incomplete.
#
#  Out of Memory Error (./src/hotspot/share/memory/arena.cpp:197), pid=8756, tid=14704
#
# JRE version: OpenJDK Runtime Environment (11.0.12+7) (build 11.0.12+7-b1504.28-7817840)
# Java VM: OpenJDK 64-Bit Server VM (11.0.12+7-b1504.28-7817840, mixed mode, tiered, compressed oops, g1 gc, windows-amd64)
# No core dump will be written. Minidumps are not enabled by default on client versions of Windows
#

---------------  S U M M A R Y ------------

Command Line: -Dorg.gradle.appname=gradlew org.gradle.wrapper.GradleWrapperMain -q -Ptarget-platform=android-x86 -Ptarget=C:\Users\Welcome\Desktop\vinoth\projects\DataCollection\app\data_collector\flutter_login_ui-main\lib\main.dart -Pbase-application-name=android.app.Application -Pdart-defines=RkxVVFRFUl9XRUJfQVVUT19ERVRFQ1Q9dHJ1ZQ== -Pdart-obfuscation=false -Ptrack-widget-creation=true -Ptree-shake-icons=false -Pfilesystem-scheme=org-dartlang-root assembleDebug

Host: Intel(R) Core(TM) i5-6200U CPU @ 2.30GHz, 4 cores, 11G,  Windows 10 , 64 bit Build 19041 (10.0.19041.1806)
Time: Mon Aug  8 01:29:17 2022 India Standard Time elapsed time: 0.852978 seconds (0d 0h 0m 0s)

---------------  T H R E A D  ---------------

Current thread (0x000002608203a000):  JavaThread "C2 CompilerThread0" daemon [_thread_in_native, id=14704, stack(0x0000007139600000,0x0000007139700000)]


Current CompileTask:
C2:    853  514       4       java.lang.StringBuilder::append (8 bytes)

Stack: [0x0000007139600000,0x0000007139700000]
Native frames: (J=compiled Java code, j=interpreted, Vv=VM code, C=native code)
V  [jvm.dll+0x5fbcea]
V  [jvm.dll+0x731905]
V  [jvm.dll+0x732f1d]
V  [jvm.dll+0x7335d3]
V  [jvm.dll+0x247bf8]
V  [jvm.dll+0xc018c]
V  [jvm.dll+0xc06cc]
V  [jvm.dll+0x35b2db]
V  [jvm.dll+0x328803]
V  [jvm.dll+0x327cfa]
V  [jvm.dll+0x200602]
V  [jvm.dll+0x1ff794]
V  [jvm.dll+0x18868c]
V  [jvm.dll+0x20e0d7]
V  [jvm.dll+0x20c901]
V  [jvm.dll+0x6f9b7f]
V  [jvm.dll+0x6f26a5]
V  [jvm.dll+0x5fabf6]
C  [ucrtbase.dll+0x21bb2]
C  [KERNEL32.DLL+0x17034]
C  [ntdll.dll+0x52651]


---------------  P R O C E S S  ---------------

Threads class SMR info:
_java_thread_list=0x00000260821c0030, length=10, elements={
0x00000260e5610800, 0x00000260ff767800, 0x00000260ff763000, 0x0000026082033800,
0x0000026082035800, 0x0000026082037000, 0x000002608203a000, 0x000002608208d000,
0x00000260820a0000, 0x00000260821f1000
}

Java Threads: ( => current thread )
  0x00000260e5610800 JavaThread "main" [_thread_in_native, id=5760, stack(0x0000007138a00000,0x0000007138b00000)]
  0x00000260ff767800 JavaThread "Reference Handler" daemon [_thread_blocked, id=10900, stack(0x0000007139100000,0x0000007139200000)]
  0x00000260ff763000 JavaThread "Finalizer" daemon [_thread_blocked, id=1580, stack(0x0000007139200000,0x0000007139300000)]
  0x0000026082033800 JavaThread "Signal Dispatcher" daemon [_thread_blocked, id=8112, stack(0x0000007139300000,0x0000007139400000)]
  0x0000026082035800 JavaThread "Attach Listener" daemon [_thread_blocked, id=11992, stack(0x0000007139400000,0x0000007139500000)]
  0x0000026082037000 JavaThread "Service Thread" daemon [_thread_blocked, id=1452, stack(0x0000007139500000,0x0000007139600000)]
=>0x000002608203a000 JavaThread "C2 CompilerThread0" daemon [_thread_in_native, id=14704, stack(0x0000007139600000,0x0000007139700000)]
  0x000002608208d000 JavaThread "C1 CompilerThread0" daemon [_thread_blocked, id=13424, stack(0x0000007139700000,0x0000007139800000)]
  0x00000260820a0000 JavaThread "Sweeper thread" daemon [_thread_blocked, id=9272, stack(0x0000007139800000,0x0000007139900000)]
  0x00000260821f1000 JavaThread "Common-Cleaner" daemon [_thread_blocked, id=9896, stack(0x0000007139a00000,0x0000007139b00000)]

Other Threads:
  0x0000026082023800 VMThread "VM Thread" [stack: 0x0000007139000000,0x0000007139100000] [id=11740]
  0x00000260821f6800 WatcherThread [stack: 0x0000007139900000,0x0000007139a00000] [id=11352]
  0x00000260e5629000 GCTaskThread "GC Thread#0" [stack: 0x0000007138b00000,0x0000007138c00000] [id=10308]
  0x00000260826f7800 GCTaskThread "GC Thread#1" [stack: 0x0000007139b00000,0x0000007139c00000] [id=10288]
  0x00000260e5670800 ConcurrentGCThread "G1 Main Marker" [stack: 0x0000007138c00000,0x0000007138d00000] [id=10768]
  0x00000260e5671800 ConcurrentGCThread "G1 Conc#0" [stack: 0x0000007138d00000,0x0000007138e00000] [id=5596]
  0x00000260ff5c3800 ConcurrentGCThread "G1 Refine#0" [stack: 0x0000007138e00000,0x0000007138f00000] [id=10948]
  0x00000260ff5c4000 ConcurrentGCThread "G1 Young RemSet Sampling" [stack: 0x0000007138f00000,0x0000007139000000] [id=9240]

Threads with active compile tasks:
C2 CompilerThread0   1487  514       4       java.lang.StringBuilder::append (8 bytes)

VM state:not at safepoint (normal execution)

VM Mutex/Monitor currently owned by a thread: None

OutOfMemory and StackOverflow Exception counts:
OutOfMemoryError java_heap_errors=4
LinkageErrors=5

Heap address: 0x0000000741e00000, size: 3042 MB, Compressed Oops mode: Zero based, Oop shift amount: 3
Narrow klass base: 0x0000000800000000, Narrow klass shift: 0
Compressed class space size: 1073741824 Address: 0x0000000800000000

Heap:
 garbage-first heap   total 196608K, used 2942K [0x0000000741e00000, 0x0000000800000000)
  region size 1024K, 3 young (3072K), 2 survivors (2048K)
 Metaspace       used 8088K, capacity 8254K, committed 8576K, reserved 1064960K
  class space    used 730K, capacity 789K, committed 896K, reserved 1048576K
Heap Regions: E=young(eden), S=young(survivor), O=old, HS=humongous(starts), HC=humongous(continues), CS=collection set, F=free, A=archive, TAMS=top-at-mark-start (previous, next)
|   0|0x0000000741e00000, 0x0000000741e00000, 0x0000000741f00000|  0%| F|  |TAMS 0x0000000741e00000, 0x0000000741e00000| Untracked 
|   1|0x0000000741f00000, 0x0000000741f00000, 0x0000000742000000|  0%| F|  |TAMS 0x0000000741f00000, 0x0000000741f00000| Untracked 
|   2|0x0000000742000000, 0x0000000742000000, 0x0000000742100000|  0%| F|  |TAMS 0x0000000742000000, 0x0000000742000000| Untracked 
|   3|0x0000000742100000, 0x00000007421df800, 0x0000000742200000| 87%| O|  |TAMS 0x00000007421df800, 0x0000000742100000| Untracked 
|   4|0x0000000742200000, 0x0000000742200000, 0x0000000742300000|  0%| F|  |TAMS 0x0000000742200000, 0x0000000742200000| Untracked 
|   5|0x0000000742300000, 0x0000000742300000, 0x0000000742400000|  0%| F|  |TAMS 0x0000000742300000, 0x0000000742300000| Untracked 
|   6|0x0000000742400000, 0x0000000742400000, 0x0000000742500000|  0%| F|  |TAMS 0x0000000742400000, 0x0000000742400000| Untracked 
|   7|0x0000000742500000, 0x0000000742500000, 0x0000000742600000|  0%| F|  |TAMS 0x0000000742500000, 0x0000000742500000| Untracked 
|   8|0x0000000742600000, 0x0000000742600000, 0x0000000742700000|  0%| F|  |TAMS 0x0000000742600000, 0x0000000742600000| Untracked 
|   9|0x0000000742700000, 0x0000000742700000, 0x0000000742800000|  0%| F|  |TAMS 0x0000000742700000, 0x0000000742700000| Untracked 
|  10|0x0000000742800000, 0x0000000742800000, 0x0000000742900000|  0%| F|  |TAMS 0x0000000742800000, 0x0000000742800000| Untracked 
|  11|0x0000000742900000, 0x0000000742900000, 0x0000000742a00000|  0%| F|  |TAMS 0x0000000742900000, 0x0000000742900000| Untracked 
|  12|0x0000000742a00000, 0x0000000742a00000, 0x0000000742b00000|  0%| F|  |TAMS 0x0000000742a00000, 0x0000000742a00000| Untracked 
|  13|0x0000000742b00000, 0x0000000742b00000, 0x0000000742c00000|  0%| F|  |TAMS 0x0000000742b00000, 0x0000000742b00000| Untracked 
|  14|0x0000000742c00000, 0x0000000742c00000, 0x0000000742d00000|  0%| F|  |TAMS 0x0000000742c00000, 0x0000000742c00000| Untracked 
|  15|0x0000000742d00000, 0x0000000742d00000, 0x0000000742e00000|  0%| F|  |TAMS 0x0000000742d00000, 0x0000000742d00000| Untracked 
|  16|0x0000000742e00000, 0x0000000742e00000, 0x0000000742f00000|  0%| F|  |TAMS 0x0000000742e00000, 0x0000000742e00000| Untracked 
|  17|0x0000000742f00000, 0x0000000742f00000, 0x0000000743000000|  0%| F|  |TAMS 0x0000000742f00000, 0x0000000742f00000| Untracked 
|  18|0x0000000743000000, 0x0000000743000000, 0x0000000743100000|  0%| F|  |TAMS 0x0000000743000000, 0x0000000743000000| Untracked 
|  19|0x0000000743100000, 0x0000000743100000, 0x0000000743200000|  0%| F|  |TAMS 0x0000000743100000, 0x0000000743100000| Untracked 
|  20|0x0000000743200000, 0x0000000743200000, 0x0000000743300000|  0%| F|  |TAMS 0x0000000743200000, 0x0000000743200000| Untracked 
|  21|0x0000000743300000, 0x0000000743300000, 0x0000000743400000|  0%| F|  |TAMS 0x0000000743300000, 0x0000000743300000| Untracked 
|  22|0x0000000743400000, 0x0000000743400000, 0x0000000743500000|  0%| F|  |TAMS 0x0000000743400000, 0x0000000743400000| Untracked 
|  23|0x0000000743500000, 0x0000000743500000, 0x0000000743600000|  0%| F|  |TAMS 0x0000000743500000, 0x0000000743500000| Untracked 
|  24|0x0000000743600000, 0x0000000743600000, 0x0000000743700000|  0%| F|  |TAMS 0x0000000743600000, 0x0000000743600000| Untracked 
|  25|0x0000000743700000, 0x0000000743700000, 0x0000000743800000|  0%| F|  |TAMS 0x0000000743700000, 0x0000000743700000| Untracked 
|  26|0x0000000743800000, 0x0000000743800000, 0x0000000743900000|  0%| F|  |TAMS 0x0000000743800000, 0x0000000743800000| Untracked 
|  27|0x0000000743900000, 0x0000000743900000, 0x0000000743a00000|  0%| F|  |TAMS 0x0000000743900000, 0x0000000743900000| Untracked 
|  28|0x0000000743a00000, 0x0000000743a00000, 0x0000000743b00000|  0%| F|  |TAMS 0x0000000743a00000, 0x0000000743a00000| Untracked 
|  29|0x0000000743b00000, 0x0000000743b00000, 0x0000000743c00000|  0%| F|  |TAMS 0x0000000743b00000, 0x0000000743b00000| Untracked 
|  30|0x0000000743c00000, 0x0000000743c00000, 0x0000000743d00000|  0%| F|  |TAMS 0x0000000743c00000, 0x0000000743c00000| Untracked 
|  31|0x0000000743d00000, 0x0000000743d00000, 0x0000000743e00000|  0%| F|  |TAMS 0x0000000743d00000, 0x0000000743d00000| Untracked 
|  32|0x0000000743e00000, 0x0000000743e00000, 0x0000000743f00000|  0%| F|  |TAMS 0x0000000743e00000, 0x0000000743e00000| Untracked 
|  33|0x0000000743f00000, 0x0000000743f00000, 0x0000000744000000|  0%| F|  |TAMS 0x0000000743f00000, 0x0000000743f00000| Untracked 
|  34|0x0000000744000000, 0x0000000744000000, 0x0000000744100000|  0%| F|  |TAMS 0x0000000744000000, 0x0000000744000000| Untracked 
|  35|0x0000000744100000, 0x0000000744100000, 0x0000000744200000|  0%| F|  |TAMS 0x0000000744100000, 0x0000000744100000| Untracked 
|  36|0x0000000744200000, 0x0000000744200000, 0x0000000744300000|  0%| F|  |TAMS 0x0000000744200000, 0x0000000744200000| Untracked 
|  37|0x0000000744300000, 0x0000000744300000, 0x0000000744400000|  0%| F|  |TAMS 0x0000000744300000, 0x0000000744300000| Untracked 
|  38|0x0000000744400000, 0x0000000744400000, 0x0000000744500000|  0%| F|  |TAMS 0x0000000744400000, 0x0000000744400000| Untracked 
|  39|0x0000000744500000, 0x0000000744500000, 0x0000000744600000|  0%| F|  |TAMS 0x0000000744500000, 0x0000000744500000| Untracked 
|  40|0x0000000744600000, 0x0000000744600000, 0x0000000744700000|  0%| F|  |TAMS 0x0000000744600000, 0x0000000744600000| Untracked 
|  41|0x0000000744700000, 0x0000000744700000, 0x0000000744800000|  0%| F|  |TAMS 0x0000000744700000, 0x0000000744700000| Untracked 
|  42|0x0000000744800000, 0x0000000744800000, 0x0000000744900000|  0%| F|  |TAMS 0x0000000744800000, 0x0000000744800000| Untracked 
|  43|0x0000000744900000, 0x0000000744900000, 0x0000000744a00000|  0%| F|  |TAMS 0x0000000744900000, 0x0000000744900000| Untracked 
|  44|0x0000000744a00000, 0x0000000744a00000, 0x0000000744b00000|  0%| F|  |TAMS 0x0000000744a00000, 0x0000000744a00000| Untracked 
|  45|0x0000000744b00000, 0x0000000744b00000, 0x0000000744c00000|  0%| F|  |TAMS 0x0000000744b00000, 0x0000000744b00000| Untracked 
|  46|0x0000000744c00000, 0x0000000744c00000, 0x0000000744d00000|  0%| F|  |TAMS 0x0000000744c00000, 0x0000000744c00000| Untracked 
|  47|0x0000000744d00000, 0x0000000744d00000, 0x0000000744e00000|  0%| F|  |TAMS 0x0000000744d00000, 0x0000000744d00000| Untracked 
|  48|0x0000000744e00000, 0x0000000744e00000, 0x0000000744f00000|  0%| F|  |TAMS 0x0000000744e00000, 0x0000000744e00000| Untracked 
|  49|0x0000000744f00000, 0x0000000744f00000, 0x0000000745000000|  0%| F|  |TAMS 0x0000000744f00000, 0x0000000744f00000| Untracked 
|  50|0x0000000745000000, 0x0000000745000000, 0x0000000745100000|  0%| F|  |TAMS 0x0000000745000000, 0x0000000745000000| Untracked 
|  51|0x0000000745100000, 0x0000000745100000, 0x0000000745200000|  0%| F|  |TAMS 0x0000000745100000, 0x0000000745100000| Untracked 
|  52|0x0000000745200000, 0x0000000745200000, 0x0000000745300000|  0%| F|  |TAMS 0x0000000745200000, 0x0000000745200000| Untracked 
|  53|0x0000000745300000, 0x0000000745300000, 0x0000000745400000|  0%| F|  |TAMS 0x0000000745300000, 0x0000000745300000| Untracked 
|  54|0x0000000745400000, 0x0000000745400000, 0x0000000745500000|  0%| F|  |TAMS 0x0000000745400000, 0x0000000745400000| Untracked 
|  55|0x0000000745500000, 0x0000000745500000, 0x0000000745600000|  0%| F|  |TAMS 0x0000000745500000, 0x0000000745500000| Untracked 
|  56|0x0000000745600000, 0x0000000745600000, 0x0000000745700000|  0%| F|  |TAMS 0x0000000745600000, 0x0000000745600000| Untracked 
|  57|0x0000000745700000, 0x0000000745700000, 0x0000000745800000|  0%| F|  |TAMS 0x0000000745700000, 0x0000000745700000| Untracked 
|  58|0x0000000745800000, 0x0000000745800000, 0x0000000745900000|  0%| F|  |TAMS 0x0000000745800000, 0x0000000745800000| Untracked 
|  59|0x0000000745900000, 0x0000000745900000, 0x0000000745a00000|  0%| F|  |TAMS 0x0000000745900000, 0x0000000745900000| Untracked 
|  60|0x0000000745a00000, 0x0000000745a00000, 0x0000000745b00000|  0%| F|  |TAMS 0x0000000745a00000, 0x0000000745a00000| Untracked 
|  61|0x0000000745b00000, 0x0000000745b00000, 0x0000000745c00000|  0%| F|  |TAMS 0x0000000745b00000, 0x0000000745b00000| Untracked 
|  62|0x0000000745c00000, 0x0000000745c00000, 0x0000000745d00000|  0%| F|  |TAMS 0x0000000745c00000, 0x0000000745c00000| Untracked 
|  63|0x0000000745d00000, 0x0000000745d00000, 0x0000000745e00000|  0%| F|  |TAMS 0x0000000745d00000, 0x0000000745d00000| Untracked 
|  64|0x0000000745e00000, 0x0000000745e00000, 0x0000000745f00000|  0%| F|  |TAMS 0x0000000745e00000, 0x0000000745e00000| Untracked 
|  65|0x0000000745f00000, 0x0000000745f00000, 0x0000000746000000|  0%| F|  |TAMS 0x0000000745f00000, 0x0000000745f00000| Untracked 
|  66|0x0000000746000000, 0x0000000746000000, 0x0000000746100000|  0%| F|  |TAMS 0x0000000746000000, 0x0000000746000000| Untracked 
|  67|0x0000000746100000, 0x0000000746100000, 0x0000000746200000|  0%| F|  |TAMS 0x0000000746100000, 0x0000000746100000| Untracked 
|  68|0x0000000746200000, 0x0000000746200000, 0x0000000746300000|  0%| F|  |TAMS 0x0000000746200000, 0x0000000746200000| Untracked 
|  69|0x0000000746300000, 0x0000000746300000, 0x0000000746400000|  0%| F|  |TAMS 0x0000000746300000, 0x0000000746300000| Untracked 
|  70|0x0000000746400000, 0x0000000746400000, 0x0000000746500000|  0%| F|  |TAMS 0x0000000746400000, 0x0000000746400000| Untracked 
|  71|0x0000000746500000, 0x0000000746500000, 0x0000000746600000|  0%| F|  |TAMS 0x0000000746500000, 0x0000000746500000| Untracked 
|  72|0x0000000746600000, 0x0000000746600000, 0x0000000746700000|  0%| F|  |TAMS 0x0000000746600000, 0x0000000746600000| Untracked 
|  73|0x0000000746700000, 0x0000000746700000, 0x0000000746800000|  0%| F|  |TAMS 0x0000000746700000, 0x0000000746700000| Untracked 
|  74|0x0000000746800000, 0x0000000746800000, 0x0000000746900000|  0%| F|  |TAMS 0x0000000746800000, 0x0000000746800000| Untracked 
|  75|0x0000000746900000, 0x0000000746900000, 0x0000000746a00000|  0%| F|  |TAMS 0x0000000746900000, 0x0000000746900000| Untracked 
|  76|0x0000000746a00000, 0x0000000746a00000, 0x0000000746b00000|  0%| F|  |TAMS 0x0000000746a00000, 0x0000000746a00000| Untracked 
|  77|0x0000000746b00000, 0x0000000746b00000, 0x0000000746c00000|  0%| F|  |TAMS 0x0000000746b00000, 0x0000000746b00000| Untracked 
|  78|0x0000000746c00000, 0x0000000746c00000, 0x0000000746d00000|  0%| F|  |TAMS 0x0000000746c00000, 0x0000000746c00000| Untracked 
|  79|0x0000000746d00000, 0x0000000746d00000, 0x0000000746e00000|  0%| F|  |TAMS 0x0000000746d00000, 0x0000000746d00000| Untracked 
|  80|0x0000000746e00000, 0x0000000746e00000, 0x0000000746f00000|  0%| F|  |TAMS 0x0000000746e00000, 0x0000000746e00000| Untracked 
|  81|0x0000000746f00000, 0x0000000746f00000, 0x0000000747000000|  0%| F|  |TAMS 0x0000000746f00000, 0x0000000746f00000| Untracked 
|  82|0x0000000747000000, 0x0000000747000000, 0x0000000747100000|  0%| F|  |TAMS 0x0000000747000000, 0x0000000747000000| Untracked 
|  83|0x0000000747100000, 0x0000000747100000, 0x0000000747200000|  0%| F|  |TAMS 0x0000000747100000, 0x0000000747100000| Untracked 
|  84|0x0000000747200000, 0x0000000747200000, 0x0000000747300000|  0%| F|  |TAMS 0x0000000747200000, 0x0000000747200000| Untracked 
|  85|0x0000000747300000, 0x0000000747300000, 0x0000000747400000|  0%| F|  |TAMS 0x0000000747300000, 0x0000000747300000| Untracked 
|  86|0x0000000747400000, 0x0000000747400000, 0x0000000747500000|  0%| F|  |TAMS 0x0000000747400000, 0x0000000747400000| Untracked 
|  87|0x0000000747500000, 0x0000000747500000, 0x0000000747600000|  0%| F|  |TAMS 0x0000000747500000, 0x0000000747500000| Untracked 
|  88|0x0000000747600000, 0x0000000747600000, 0x0000000747700000|  0%| F|  |TAMS 0x0000000747600000, 0x0000000747600000| Untracked 
|  89|0x0000000747700000, 0x0000000747700000, 0x0000000747800000|  0%| F|  |TAMS 0x0000000747700000, 0x0000000747700000| Untracked 
|  90|0x0000000747800000, 0x0000000747800000, 0x0000000747900000|  0%| F|  |TAMS 0x0000000747800000, 0x0000000747800000| Untracked 
|  91|0x0000000747900000, 0x0000000747900000, 0x0000000747a00000|  0%| F|  |TAMS 0x0000000747900000, 0x0000000747900000| Untracked 
|  92|0x0000000747a00000, 0x0000000747a00000, 0x0000000747b00000|  0%| F|  |TAMS 0x0000000747a00000, 0x0000000747a00000| Untracked 
|  93|0x0000000747b00000, 0x0000000747b00000, 0x0000000747c00000|  0%| F|  |TAMS 0x0000000747b00000, 0x0000000747b00000| Untracked 
|  94|0x0000000747c00000, 0x0000000747c00000, 0x0000000747d00000|  0%| F|  |TAMS 0x0000000747c00000, 0x0000000747c00000| Untracked 
|  95|0x0000000747d00000, 0x0000000747d00000, 0x0000000747e00000|  0%| F|  |TAMS 0x0000000747d00000, 0x0000000747d00000| Untracked 
|  96|0x0000000747e00000, 0x0000000747e00000, 0x0000000747f00000|  0%| F|  |TAMS 0x0000000747e00000, 0x0000000747e00000| Untracked 
|  97|0x0000000747f00000, 0x0000000747f00000, 0x0000000748000000|  0%| F|  |TAMS 0x0000000747f00000, 0x0000000747f00000| Untracked 
|  98|0x0000000748000000, 0x0000000748000000, 0x0000000748100000|  0%| F|  |TAMS 0x0000000748000000, 0x0000000748000000| Untracked 
|  99|0x0000000748100000, 0x0000000748100000, 0x0000000748200000|  0%| F|  |TAMS 0x0000000748100000, 0x0000000748100000| Untracked 
| 100|0x0000000748200000, 0x0000000748200000, 0x0000000748300000|  0%| F|  |TAMS 0x0000000748200000, 0x0000000748200000| Untracked 
| 101|0x0000000748300000, 0x0000000748300000, 0x0000000748400000|  0%| F|  |TAMS 0x0000000748300000, 0x0000000748300000| Untracked 
| 102|0x0000000748400000, 0x0000000748400000, 0x0000000748500000|  0%| F|  |TAMS 0x0000000748400000, 0x0000000748400000| Untracked 
| 103|0x0000000748500000, 0x0000000748500000, 0x0000000748600000|  0%| F|  |TAMS 0x0000000748500000, 0x0000000748500000| Untracked 
| 104|0x0000000748600000, 0x0000000748600000, 0x0000000748700000|  0%| F|  |TAMS 0x0000000748600000, 0x0000000748600000| Untracked 
| 105|0x0000000748700000, 0x0000000748700000, 0x0000000748800000|  0%| F|  |TAMS 0x0000000748700000, 0x0000000748700000| Untracked 
| 106|0x0000000748800000, 0x0000000748800000, 0x0000000748900000|  0%| F|  |TAMS 0x0000000748800000, 0x0000000748800000| Untracked 
| 107|0x0000000748900000, 0x0000000748900000, 0x0000000748a00000|  0%| F|  |TAMS 0x0000000748900000, 0x0000000748900000| Untracked 
| 108|0x0000000748a00000, 0x0000000748a00000, 0x0000000748b00000|  0%| F|  |TAMS 0x0000000748a00000, 0x0000000748a00000| Untracked 
| 109|0x0000000748b00000, 0x0000000748b00000, 0x0000000748c00000|  0%| F|  |TAMS 0x0000000748b00000, 0x0000000748b00000| Untracked 
| 110|0x0000000748c00000, 0x0000000748c00000, 0x0000000748d00000|  0%| F|  |TAMS 0x0000000748c00000, 0x0000000748c00000| Untracked 
| 111|0x0000000748d00000, 0x0000000748d00000, 0x0000000748e00000|  0%| F|  |TAMS 0x0000000748d00000, 0x0000000748d00000| Untracked 
| 112|0x0000000748e00000, 0x0000000748e00000, 0x0000000748f00000|  0%| F|  |TAMS 0x0000000748e00000, 0x0000000748e00000| Untracked 
| 113|0x0000000748f00000, 0x0000000748f00000, 0x0000000749000000|  0%| F|  |TAMS 0x0000000748f00000, 0x0000000748f00000| Untracked 
| 114|0x0000000749000000, 0x0000000749000000, 0x0000000749100000|  0%| F|  |TAMS 0x0000000749000000, 0x0000000749000000| Untracked 
| 115|0x0000000749100000, 0x0000000749100000, 0x0000000749200000|  0%| F|  |TAMS 0x0000000749100000, 0x0000000749100000| Untracked 
| 116|0x0000000749200000, 0x0000000749200000, 0x0000000749300000|  0%| F|  |TAMS 0x0000000749200000, 0x0000000749200000| Untracked 
| 117|0x0000000749300000, 0x0000000749300000, 0x0000000749400000|  0%| F|  |TAMS 0x0000000749300000, 0x0000000749300000| Untracked 
| 118|0x0000000749400000, 0x0000000749400000, 0x0000000749500000|  0%| F|  |TAMS 0x0000000749400000, 0x0000000749400000| Untracked 
| 119|0x0000000749500000, 0x0000000749500000, 0x0000000749600000|  0%| F|  |TAMS 0x0000000749500000, 0x0000000749500000| Untracked 
| 120|0x0000000749600000, 0x0000000749600000, 0x0000000749700000|  0%| F|  |TAMS 0x0000000749600000, 0x0000000749600000| Untracked 
| 121|0x0000000749700000, 0x0000000749700000, 0x0000000749800000|  0%| F|  |TAMS 0x0000000749700000, 0x0000000749700000| Untracked 
| 122|0x0000000749800000, 0x0000000749800000, 0x0000000749900000|  0%| F|  |TAMS 0x0000000749800000, 0x0000000749800000| Untracked 
| 123|0x0000000749900000, 0x0000000749900000, 0x0000000749a00000|  0%| F|  |TAMS 0x0000000749900000, 0x0000000749900000| Untracked 
| 124|0x0000000749a00000, 0x0000000749a00000, 0x0000000749b00000|  0%| F|  |TAMS 0x0000000749a00000, 0x0000000749a00000| Untracked 
| 125|0x0000000749b00000, 0x0000000749b00000, 0x0000000749c00000|  0%| F|  |TAMS 0x0000000749b00000, 0x0000000749b00000| Untracked 
| 126|0x0000000749c00000, 0x0000000749c00000, 0x0000000749d00000|  0%| F|  |TAMS 0x0000000749c00000, 0x0000000749c00000| Untracked 
| 127|0x0000000749d00000, 0x0000000749d00000, 0x0000000749e00000|  0%| F|  |TAMS 0x0000000749d00000, 0x0000000749d00000| Untracked 
| 128|0x0000000749e00000, 0x0000000749e00000, 0x0000000749f00000|  0%| F|  |TAMS 0x0000000749e00000, 0x0000000749e00000| Untracked 
| 129|0x0000000749f00000, 0x0000000749f00000, 0x000000074a000000|  0%| F|  |TAMS 0x0000000749f00000, 0x0000000749f00000| Untracked 
| 130|0x000000074a000000, 0x000000074a000000, 0x000000074a100000|  0%| F|  |TAMS 0x000000074a000000, 0x000000074a000000| Untracked 
| 131|0x000000074a100000, 0x000000074a100000, 0x000000074a200000|  0%| F|  |TAMS 0x000000074a100000, 0x000000074a100000| Untracked 
| 132|0x000000074a200000, 0x000000074a200000, 0x000000074a300000|  0%| F|  |TAMS 0x000000074a200000, 0x000000074a200000| Untracked 
| 133|0x000000074a300000, 0x000000074a300000, 0x000000074a400000|  0%| F|  |TAMS 0x000000074a300000, 0x000000074a300000| Untracked 
| 134|0x000000074a400000, 0x000000074a400000, 0x000000074a500000|  0%| F|  |TAMS 0x000000074a400000, 0x000000074a400000| Untracked 
| 135|0x000000074a500000, 0x000000074a500000, 0x000000074a600000|  0%| F|  |TAMS 0x000000074a500000, 0x000000074a500000| Untracked 
| 136|0x000000074a600000, 0x000000074a600000, 0x000000074a700000|  0%| F|  |TAMS 0x000000074a600000, 0x000000074a600000| Untracked 
| 137|0x000000074a700000, 0x000000074a700000, 0x000000074a800000|  0%| F|  |TAMS 0x000000074a700000, 0x000000074a700000| Untracked 
| 138|0x000000074a800000, 0x000000074a800000, 0x000000074a900000|  0%| F|  |TAMS 0x000000074a800000, 0x000000074a800000| Untracked 
| 139|0x000000074a900000, 0x000000074a900000, 0x000000074aa00000|  0%| F|  |TAMS 0x000000074a900000, 0x000000074a900000| Untracked 
| 140|0x000000074aa00000, 0x000000074aa00000, 0x000000074ab00000|  0%| F|  |TAMS 0x000000074aa00000, 0x000000074aa00000| Untracked 
| 141|0x000000074ab00000, 0x000000074ab00000, 0x000000074ac00000|  0%| F|  |TAMS 0x000000074ab00000, 0x000000074ab00000| Untracked 
| 142|0x000000074ac00000, 0x000000074ac00000, 0x000000074ad00000|  0%| F|  |TAMS 0x000000074ac00000, 0x000000074ac00000| Untracked 
| 143|0x000000074ad00000, 0x000000074ad00000, 0x000000074ae00000|  0%| F|  |TAMS 0x000000074ad00000, 0x000000074ad00000| Untracked 
| 144|0x000000074ae00000, 0x000000074ae00000, 0x000000074af00000|  0%| F|  |TAMS 0x000000074ae00000, 0x000000074ae00000| Untracked 
| 145|0x000000074af00000, 0x000000074af00000, 0x000000074b000000|  0%| F|  |TAMS 0x000000074af00000, 0x000000074af00000| Untracked 
| 146|0x000000074b000000, 0x000000074b000000, 0x000000074b100000|  0%| F|  |TAMS 0x000000074b000000, 0x000000074b000000| Untracked 
| 147|0x000000074b100000, 0x000000074b100000, 0x000000074b200000|  0%| F|  |TAMS 0x000000074b100000, 0x000000074b100000| Untracked 
| 148|0x000000074b200000, 0x000000074b200000, 0x000000074b300000|  0%| F|  |TAMS 0x000000074b200000, 0x000000074b200000| Untracked 
| 149|0x000000074b300000, 0x000000074b300000, 0x000000074b400000|  0%| F|  |TAMS 0x000000074b300000, 0x000000074b300000| Untracked 
| 150|0x000000074b400000, 0x000000074b400000, 0x000000074b500000|  0%| F|  |TAMS 0x000000074b400000, 0x000000074b400000| Untracked 
| 151|0x000000074b500000, 0x000000074b500000, 0x000000074b600000|  0%| F|  |TAMS 0x000000074b500000, 0x000000074b500000| Untracked 
| 152|0x000000074b600000, 0x000000074b600000, 0x000000074b700000|  0%| F|  |TAMS 0x000000074b600000, 0x000000074b600000| Untracked 
| 153|0x000000074b700000, 0x000000074b700000, 0x000000074b800000|  0%| F|  |TAMS 0x000000074b700000, 0x000000074b700000| Untracked 
| 154|0x000000074b800000, 0x000000074b800000, 0x000000074b900000|  0%| F|  |TAMS 0x000000074b800000, 0x000000074b800000| Untracked 
| 155|0x000000074b900000, 0x000000074b900000, 0x000000074ba00000|  0%| F|  |TAMS 0x000000074b900000, 0x000000074b900000| Untracked 
| 156|0x000000074ba00000, 0x000000074ba00000, 0x000000074bb00000|  0%| F|  |TAMS 0x000000074ba00000, 0x000000074ba00000| Untracked 
| 157|0x000000074bb00000, 0x000000074bb00000, 0x000000074bc00000|  0%| F|  |TAMS 0x000000074bb00000, 0x000000074bb00000| Untracked 
| 158|0x000000074bc00000, 0x000000074bc00000, 0x000000074bd00000|  0%| F|  |TAMS 0x000000074bc00000, 0x000000074bc00000| Untracked 
| 159|0x000000074bd00000, 0x000000074bd00000, 0x000000074be00000|  0%| F|  |TAMS 0x000000074bd00000, 0x000000074bd00000| Untracked 
| 160|0x000000074be00000, 0x000000074be00000, 0x000000074bf00000|  0%| F|  |TAMS 0x000000074be00000, 0x000000074be00000| Untracked 
| 161|0x000000074bf00000, 0x000000074bf00000, 0x000000074c000000|  0%| F|  |TAMS 0x000000074bf00000, 0x000000074bf00000| Untracked 
| 162|0x000000074c000000, 0x000000074c000000, 0x000000074c100000|  0%| F|  |TAMS 0x000000074c000000, 0x000000074c000000| Untracked 
| 163|0x000000074c100000, 0x000000074c100000, 0x000000074c200000|  0%| F|  |TAMS 0x000000074c100000, 0x000000074c100000| Untracked 
| 164|0x000000074c200000, 0x000000074c200000, 0x000000074c300000|  0%| F|  |TAMS 0x000000074c200000, 0x000000074c200000| Untracked 
| 165|0x000000074c300000, 0x000000074c300000, 0x000000074c400000|  0%| F|  |TAMS 0x000000074c300000, 0x000000074c300000| Untracked 
| 166|0x000000074c400000, 0x000000074c400000, 0x000000074c500000|  0%| F|  |TAMS 0x000000074c400000, 0x000000074c400000| Untracked 
| 167|0x000000074c500000, 0x000000074c500000, 0x000000074c600000|  0%| F|  |TAMS 0x000000074c500000, 0x000000074c500000| Untracked 
| 168|0x000000074c600000, 0x000000074c600000, 0x000000074c700000|  0%| F|  |TAMS 0x000000074c600000, 0x000000074c600000| Untracked 
| 169|0x000000074c700000, 0x000000074c700000, 0x000000074c800000|  0%| F|  |TAMS 0x000000074c700000, 0x000000074c700000| Untracked 
| 170|0x000000074c800000, 0x000000074c800000, 0x000000074c900000|  0%| F|  |TAMS 0x000000074c800000, 0x000000074c800000| Untracked 
| 171|0x000000074c900000, 0x000000074c900000, 0x000000074ca00000|  0%| F|  |TAMS 0x000000074c900000, 0x000000074c900000| Untracked 
| 172|0x000000074ca00000, 0x000000074ca00000, 0x000000074cb00000|  0%| F|  |TAMS 0x000000074ca00000, 0x000000074ca00000| Untracked 
| 173|0x000000074cb00000, 0x000000074cb00000, 0x000000074cc00000|  0%| F|  |TAMS 0x000000074cb00000, 0x000000074cb00000| Untracked 
| 174|0x000000074cc00000, 0x000000074cc00000, 0x000000074cd00000|  0%| F|  |TAMS 0x000000074cc00000, 0x000000074cc00000| Untracked 
| 175|0x000000074cd00000, 0x000000074cd00000, 0x000000074ce00000|  0%| F|  |TAMS 0x000000074cd00000, 0x000000074cd00000| Untracked 
| 176|0x000000074ce00000, 0x000000074ce00000, 0x000000074cf00000|  0%| F|  |TAMS 0x000000074ce00000, 0x000000074ce00000| Untracked 
| 177|0x000000074cf00000, 0x000000074cf00000, 0x000000074d000000|  0%| F|  |TAMS 0x000000074cf00000, 0x000000074cf00000| Untracked 
| 178|0x000000074d000000, 0x000000074d000000, 0x000000074d100000|  0%| F|  |TAMS 0x000000074d000000, 0x000000074d000000| Untracked 
| 179|0x000000074d100000, 0x000000074d200000, 0x000000074d200000|100%| S|CS|TAMS 0x000000074d100000, 0x000000074d100000| Complete 
| 180|0x000000074d200000, 0x000000074d300000, 0x000000074d300000|100%| S|CS|TAMS 0x000000074d200000, 0x000000074d200000| Complete 
| 181|0x000000074d300000, 0x000000074d300000, 0x000000074d400000|  0%| F|  |TAMS 0x000000074d300000, 0x000000074d300000| Untracked 
| 182|0x000000074d400000, 0x000000074d400000, 0x000000074d500000|  0%| F|  |TAMS 0x000000074d400000, 0x000000074d400000| Untracked 
| 183|0x000000074d500000, 0x000000074d500000, 0x000000074d600000|  0%| F|  |TAMS 0x000000074d500000, 0x000000074d500000| Untracked 
| 184|0x000000074d600000, 0x000000074d600000, 0x000000074d700000|  0%| F|  |TAMS 0x000000074d600000, 0x000000074d600000| Untracked 
| 185|0x000000074d700000, 0x000000074d700000, 0x000000074d800000|  0%| F|  |TAMS 0x000000074d700000, 0x000000074d700000| Untracked 
| 186|0x000000074d800000, 0x000000074d800000, 0x000000074d900000|  0%| F|  |TAMS 0x000000074d800000, 0x000000074d800000| Untracked 
| 187|0x000000074d900000, 0x000000074d900000, 0x000000074da00000|  0%| F|  |TAMS 0x000000074d900000, 0x000000074d900000| Untracked 
| 188|0x000000074da00000, 0x000000074da00000, 0x000000074db00000|  0%| F|  |TAMS 0x000000074da00000, 0x000000074da00000| Untracked 
| 189|0x000000074db00000, 0x000000074db00000, 0x000000074dc00000|  0%| F|  |TAMS 0x000000074db00000, 0x000000074db00000| Untracked 
| 190|0x000000074dc00000, 0x000000074dc00000, 0x000000074dd00000|  0%| F|  |TAMS 0x000000074dc00000, 0x000000074dc00000| Untracked 
| 191|0x000000074dd00000, 0x000000074de00000, 0x000000074de00000|100%| E|  |TAMS 0x000000074dd00000, 0x000000074dd00000| Complete 

Card table byte_map: [0x00000260f8720000,0x00000260f8d20000] _byte_map_base: 0x00000260f4d11000

Marking Bits (Prev, Next): (CMBitMap*) 0x00000260e5663af0, (CMBitMap*) 0x00000260e5663ab8
 Prev Bits: [0x00000260fc2b0000, 0x00000260ff238000)
 Next Bits: [0x00000260f9320000, 0x00000260fc2a8000)

Polling page: 0x00000260e3430000

Metaspace:

Usage:
  Non-class:      7.29 MB capacity,     7.18 MB ( 99%) used,   100.96 KB (  1%) free+waste,     6.63 KB ( <1%) overhead. 
      Class:    789.00 KB capacity,   730.80 KB ( 93%) used,    55.14 KB (  7%) free+waste,     3.06 KB ( <1%) overhead. 
       Both:      8.06 MB capacity,     7.90 MB ( 98%) used,   156.10 KB (  2%) free+waste,     9.69 KB ( <1%) overhead. 

Virtual space:
  Non-class space:       16.00 MB reserved,       7.50 MB ( 47%) committed 
      Class space:        1.00 GB reserved,     896.00 KB ( <1%) committed 
             Both:        1.02 GB reserved,       8.38 MB ( <1%) committed 

Chunk freelists:
   Non-Class:  23.00 KB
       Class:  11.00 KB
        Both:  34.00 KB

MaxMetaspaceSize: 17179869184.00 GB
CompressedClassSpaceSize: 1.00 GB
Initial GC threshold: 20.80 MB
Current GC threshold: 21.12 MB
CDS: off

CodeHeap 'non-profiled nmethods': size=120064Kb used=154Kb max_used=154Kb free=119910Kb
 bounds [0x00000260f0be0000, 0x00000260f0e50000, 0x00000260f8120000]
CodeHeap 'profiled nmethods': size=120000Kb used=836Kb max_used=836Kb free=119163Kb
 bounds [0x00000260e96b0000, 0x00000260e9920000, 0x00000260f0be0000]
CodeHeap 'non-nmethods': size=5696Kb used=1120Kb max_used=1135Kb free=4575Kb
 bounds [0x00000260e9120000, 0x00000260e9390000, 0x00000260e96b0000]
 total_blobs=897 nmethods=535 adapters=275
 compilation: enabled
              stopped_count=0, restarted_count=0
 full_count=0

Compilation events (20 events):
Event: 0.765 Thread 0x000002608208d000  524       3       java.util.LinkedList::add (7 bytes)
Event: 0.765 Thread 0x000002608208d000 nmethod 524 0x00000260e9778490 code [0x00000260e9778640, 0x00000260e9778788]
Event: 0.767 Thread 0x000002608208d000  525       3       java.util.jar.JarFile::getEntry (22 bytes)
Event: 0.768 Thread 0x000002608208d000 nmethod 525 0x00000260e9778810 code [0x00000260e9778a40, 0x00000260e97791a8]
Event: 0.768 Thread 0x000002608208d000  526       3       java.util.jar.JarFile::getJarEntry (9 bytes)
Event: 0.768 Thread 0x000002608208d000 nmethod 526 0x00000260e9779410 code [0x00000260e97795e0, 0x00000260e97798a8]
Event: 0.768 Thread 0x000002608208d000  527       1       sun.nio.fs.NativeBuffer::setOwner (6 bytes)
Event: 0.768 Thread 0x000002608208d000 nmethod 527 0x00000260f0c06190 code [0x00000260f0c06340, 0x00000260f0c06458]
Event: 0.768 Thread 0x000002608208d000  528       1       sun.nio.fs.NativeBuffer::size (5 bytes)
Event: 0.768 Thread 0x000002608208d000 nmethod 528 0x00000260f0c06510 code [0x00000260f0c066c0, 0x00000260f0c06778]
Event: 0.779 Thread 0x000002608208d000  529       3       java.util.ArrayDeque::add (7 bytes)
Event: 0.779 Thread 0x000002608208d000 nmethod 529 0x00000260e9779990 code [0x00000260e9779b40, 0x00000260e9779c88]
Event: 0.779 Thread 0x000002608208d000  530       3       java.util.ArrayDeque::addLast (51 bytes)
Event: 0.780 Thread 0x000002608208d000 nmethod 530 0x00000260e9779d10 code [0x00000260e9779f00, 0x00000260e977a3d8]
Event: 0.786 Thread 0x000002608208d000  531       3       java.util.jar.JarFile::maybeInstantiateVerifier (112 bytes)
Event: 0.788 Thread 0x000002608208d000 nmethod 531 0x00000260e977a590 code [0x00000260e977a8e0, 0x00000260e977baf8]
Event: 0.788 Thread 0x000002608208d000  532       3       java.util.ArrayDeque::poll (5 bytes)
Event: 0.788 Thread 0x000002608208d000 nmethod 532 0x00000260e977c210 code [0x00000260e977c3c0, 0x00000260e977c508]
Event: 0.788 Thread 0x000002608208d000  533  s!   3       jdk.internal.loader.URLClassPath::getLoader (194 bytes)
Event: 0.791 Thread 0x000002608208d000 nmethod 533 0x00000260e977c590 code [0x00000260e977c920, 0x00000260e977e548]

GC Heap History (0 events):
No events

Deoptimization events (20 events):
Event: 0.685 Thread 0x00000260e5610800 DEOPT PACKING pc=0x00000260e975a42b sp=0x0000007138afdba0
Event: 0.685 Thread 0x00000260e5610800 DEOPT UNPACKING pc=0x00000260e916a95e sp=0x0000007138afd070 mode 0
Event: 0.685 Thread 0x00000260e5610800 DEOPT PACKING pc=0x00000260e975a42b sp=0x0000007138afdba0
Event: 0.685 Thread 0x00000260e5610800 DEOPT UNPACKING pc=0x00000260e916a95e sp=0x0000007138afd070 mode 0
Event: 0.685 Thread 0x00000260e5610800 DEOPT PACKING pc=0x00000260e975a42b sp=0x0000007138afdba0
Event: 0.685 Thread 0x00000260e5610800 DEOPT UNPACKING pc=0x00000260e916a95e sp=0x0000007138afd070 mode 0
Event: 0.685 Thread 0x00000260e5610800 DEOPT PACKING pc=0x00000260e975a42b sp=0x0000007138afdba0
Event: 0.685 Thread 0x00000260e5610800 DEOPT UNPACKING pc=0x00000260e916a95e sp=0x0000007138afd070 mode 0
Event: 0.685 Thread 0x00000260e5610800 DEOPT PACKING pc=0x00000260e975a42b sp=0x0000007138afdba0
Event: 0.685 Thread 0x00000260e5610800 DEOPT UNPACKING pc=0x00000260e916a95e sp=0x0000007138afd070 mode 0
Event: 0.685 Thread 0x00000260e5610800 DEOPT PACKING pc=0x00000260e975a42b sp=0x0000007138afdba0
Event: 0.685 Thread 0x00000260e5610800 DEOPT UNPACKING pc=0x00000260e916a95e sp=0x0000007138afd070 mode 0
Event: 0.685 Thread 0x00000260e5610800 DEOPT PACKING pc=0x00000260e975a42b sp=0x0000007138afdba0
Event: 0.685 Thread 0x00000260e5610800 DEOPT UNPACKING pc=0x00000260e916a95e sp=0x0000007138afd070 mode 0
Event: 0.686 Thread 0x00000260e5610800 DEOPT PACKING pc=0x00000260e975a42b sp=0x0000007138afdba0
Event: 0.686 Thread 0x00000260e5610800 DEOPT UNPACKING pc=0x00000260e916a95e sp=0x0000007138afd070 mode 0
Event: 0.686 Thread 0x00000260e5610800 DEOPT PACKING pc=0x00000260e975a42b sp=0x0000007138afdba0
Event: 0.686 Thread 0x00000260e5610800 DEOPT UNPACKING pc=0x00000260e916a95e sp=0x0000007138afd070 mode 0
Event: 0.686 Thread 0x00000260e5610800 DEOPT PACKING pc=0x00000260e975a42b sp=0x0000007138afdba0
Event: 0.686 Thread 0x00000260e5610800 DEOPT UNPACKING pc=0x00000260e916a95e sp=0x0000007138afd070 mode 0

Classes redefined (0 events):
No events

Internal exceptions (7 events):
Event: 0.271 Thread 0x00000260e5610800 Exception <a 'java/lang/NoSuchMethodError'{0x000000074dc8d6a0}: 'int java.lang.invoke.DirectMethodHandle$Holder.invokeSpecialIFC(java.lang.Object, java.lang.Object, int)'> (0x000000074dc8d6a0) thrown at [./src/hotspot/share/interpreter/linkResolver.cpp, line 773]
Event: 0.412 Thread 0x00000260e5610800 Exception <a 'java/lang/NoSuchMethodError'{0x000000074da5e2c0}: 'int java.lang.invoke.DirectMethodHandle$Holder.invokeStaticInit(java.lang.Object, java.lang.Object)'> (0x000000074da5e2c0) thrown at [./src/hotspot/share/interpreter/linkResolver.cpp, line 773]
Event: 0.476 Thread 0x00000260e5610800 Exception <a 'java/lang/NoSuchMethodError'{0x000000074d91a3e8}: 'int java.lang.invoke.DirectMethodHandle$Holder.invokeSpecial(java.lang.Object, java.lang.Object, java.lang.Object, java.lang.Object)'> (0x000000074d91a3e8) thrown at [./src/hotspot/share/interpreter/linkResolver.cpp, line 773]
Event: 0.782 Thread 0x00000260e5610800 Exception <a 'java/lang/OutOfMemoryError'{0x000000074d387660}> (0x000000074d387660) thrown at [./src/hotspot/share/prims/jni.cpp, line 636]
Event: 0.784 Thread 0x00000260e5610800 Exception <a 'java/lang/OutOfMemoryError'{0x000000074d387660}> (0x000000074d387660) thrown at [./src/hotspot/share/prims/jvm.cpp, line 1310]
Event: 0.784 Thread 0x00000260e5610800 Exception <a 'java/lang/OutOfMemoryError'{0x000000074d387660}> (0x000000074d387660) thrown at [./src/hotspot/share/prims/jvm.cpp, line 1310]
Event: 0.785 Thread 0x00000260e5610800 Exception <a 'java/lang/OutOfMemoryError'{0x000000074d387660}> (0x000000074d387660) thrown at [./src/hotspot/share/prims/jvm.cpp, line 1310]

Events (20 events):
Event: 0.759 loading class org/gradle/initialization/BuildClientMetaData
Event: 0.759 loading class org/gradle/initialization/BuildClientMetaData done
Event: 0.761 loading class org/gradle/api/logging/configuration/LoggingConfiguration
Event: 0.761 loading class org/gradle/api/logging/configuration/LoggingConfiguration done
Event: 0.782 loading class java/util/zip/DataFormatException
Event: 0.783 loading class java/util/zip/DataFormatException done
Event: 0.784 loading class java/security/PrivilegedActionException
Event: 0.784 loading class java/security/PrivilegedActionException done
Event: 0.784 loading class java/lang/SecurityException
Event: 0.785 loading class java/lang/SecurityException done
Event: 0.785 loading class org/gradle/internal/classloader/ClassLoaderUtils
Event: 0.785 loading class org/gradle/internal/classloader/ClassLoaderUtils done
Event: 0.787 loading class org/gradle/internal/classloader/ClassLoaderUtils$ClassDefiner
Event: 0.787 loading class org/gradle/internal/classloader/ClassLoaderUtils$ClassDefiner done
Event: 0.788 loading class org/gradle/internal/classloader/ClassLoaderUtils$ClassLoaderPackagesFetcher
Event: 0.788 loading class org/gradle/internal/classloader/ClassLoaderUtils$ClassLoaderPackagesFetcher done
Event: 0.792 loading class org/gradle/internal/classloader/ClassLoaderUtils$LookupClassDefiner
Event: 0.792 loading class org/gradle/internal/classloader/ClassLoaderUtils$LookupClassDefiner done
Event: 0.792 loading class org/gradle/internal/classloader/ClassLoaderUtils$AbstractClassLoaderLookuper
Event: 0.792 loading class org/gradle/internal/classloader/ClassLoaderUtils$AbstractClassLoaderLookuper done


Dynamic libraries:
0x00007ff741690000 - 0x00007ff74169a000 	D:\program files\Android Studio\jre\bin\java.exe
0x00007ffe7ffb0000 - 0x00007ffe801a8000 	C:\WINDOWS\SYSTEM32\ntdll.dll
0x00007ffe7f9d0000 - 0x00007ffe7fa8d000 	C:\WINDOWS\System32\KERNEL32.DLL
0x00007ffe7d8b0000 - 0x00007ffe7db7e000 	C:\WINDOWS\System32\KERNELBASE.dll
0x00007ffe7dcd0000 - 0x00007ffe7ddd0000 	C:\WINDOWS\System32\ucrtbase.dll
0x00007ffe78fa0000 - 0x00007ffe78fb9000 	D:\program files\Android Studio\jre\bin\jli.dll
0x00007ffe756f0000 - 0x00007ffe75707000 	D:\program files\Android Studio\jre\bin\VCRUNTIME140.dll
0x00007ffe7e1c0000 - 0x00007ffe7e360000 	C:\WINDOWS\System32\USER32.dll
0x00007ffe7d880000 - 0x00007ffe7d8a2000 	C:\WINDOWS\System32\win32u.dll
0x00007ffe7f580000 - 0x00007ffe7f5aa000 	C:\WINDOWS\System32\GDI32.dll
0x00007ffe695a0000 - 0x00007ffe6983a000 	C:\WINDOWS\WinSxS\amd64_microsoft.windows.common-controls_6595b64144ccf1df_6.0.19041.1110_none_60b5254171f9507e\COMCTL32.dll
0x00007ffe7d770000 - 0x00007ffe7d87b000 	C:\WINDOWS\System32\gdi32full.dll
0x00007ffe7db80000 - 0x00007ffe7dc1d000 	C:\WINDOWS\System32\msvcp_win.dll
0x00007ffe7fed0000 - 0x00007ffe7ff6e000 	C:\WINDOWS\System32\msvcrt.dll
0x00007ffe7f9a0000 - 0x00007ffe7f9d0000 	C:\WINDOWS\System32\IMM32.DLL
0x00007ffe64250000 - 0x00007ffe642ed000 	D:\program files\Android Studio\jre\bin\msvcp140.dll
0x00007ffe50940000 - 0x00007ffe51425000 	D:\program files\Android Studio\jre\bin\server\jvm.dll
0x00007ffe7f180000 - 0x00007ffe7f22e000 	C:\WINDOWS\System32\ADVAPI32.dll
0x00007ffe7f360000 - 0x00007ffe7f3fc000 	C:\WINDOWS\System32\sechost.dll
0x00007ffe7f230000 - 0x00007ffe7f355000 	C:\WINDOWS\System32\RPCRT4.dll
0x00007ffe7fe60000 - 0x00007ffe7fe68000 	C:\WINDOWS\System32\PSAPI.DLL
0x00007ffe74770000 - 0x00007ffe74779000 	C:\WINDOWS\SYSTEM32\WSOCK32.dll
0x00007ffe69a70000 - 0x00007ffe69a97000 	C:\WINDOWS\SYSTEM32\WINMM.dll
0x00007ffe7fdf0000 - 0x00007ffe7fe5b000 	C:\WINDOWS\System32\WS2_32.dll
0x00007ffe6c010000 - 0x00007ffe6c01a000 	C:\WINDOWS\SYSTEM32\VERSION.dll
0x00007ffe7bfb0000 - 0x00007ffe7bfc2000 	C:\WINDOWS\SYSTEM32\kernel.appcore.dll
0x00007ffe60c00000 - 0x00007ffe60c11000 	D:\program files\Android Studio\jre\bin\verify.dll
0x00007ffe7b4e0000 - 0x00007ffe7b6c4000 	C:\WINDOWS\SYSTEM32\DBGHELP.DLL
0x00007ffe69990000 - 0x00007ffe699bc000 	C:\WINDOWS\SYSTEM32\dbgcore.DLL
0x00007ffe7de20000 - 0x00007ffe7dea2000 	C:\WINDOWS\System32\bcryptPrimitives.dll
0x00007ffe5cd90000 - 0x00007ffe5cdb9000 	D:\program files\Android Studio\jre\bin\java.dll
0x00007ffe6b240000 - 0x00007ffe6b24b000 	D:\program files\Android Studio\jre\bin\jimage.dll
0x00007ffe747d0000 - 0x00007ffe747e8000 	D:\program files\Android Studio\jre\bin\zip.dll
0x00007ffe7e360000 - 0x00007ffe7eaa4000 	C:\WINDOWS\System32\SHELL32.dll
0x00007ffe7b6f0000 - 0x00007ffe7be84000 	C:\WINDOWS\SYSTEM32\windows.storage.dll
0x00007ffe7fa90000 - 0x00007ffe7fde4000 	C:\WINDOWS\System32\combase.dll
0x00007ffe7d060000 - 0x00007ffe7d090000 	C:\WINDOWS\SYSTEM32\Wldp.dll
0x00007ffe7f470000 - 0x00007ffe7f51d000 	C:\WINDOWS\System32\SHCORE.dll
0x00007ffe7f520000 - 0x00007ffe7f575000 	C:\WINDOWS\System32\shlwapi.dll
0x00007ffe7d610000 - 0x00007ffe7d62f000 	C:\WINDOWS\SYSTEM32\profapi.dll
0x00007ffe74780000 - 0x00007ffe7479a000 	D:\program files\Android Studio\jre\bin\net.dll
0x00007ffe724b0000 - 0x00007ffe725ba000 	C:\WINDOWS\SYSTEM32\WINHTTP.dll
0x00007ffe7cdc0000 - 0x00007ffe7ce2a000 	C:\WINDOWS\system32\mswsock.dll
0x00007ffe77950000 - 0x00007ffe77964000 	D:\program files\Android Studio\jre\bin\nio.dll

dbghelp: loaded successfully - version: 4.0.5 - missing functions: none
symbol engine: initialized successfully - sym options: 0x614 - pdb path: .;D:\program files\Android Studio\jre\bin;C:\WINDOWS\SYSTEM32;C:\WINDOWS\WinSxS\amd64_microsoft.windows.common-controls_6595b64144ccf1df_6.0.19041.1110_none_60b5254171f9507e;D:\program files\Android Studio\jre\bin\server

VM Arguments:
jvm_args: -Dorg.gradle.appname=gradlew 
java_command: org.gradle.wrapper.GradleWrapperMain -q -Ptarget-platform=android-x86 -Ptarget=C:\Users\Welcome\Desktop\vinoth\projects\DataCollection\app\data_collector\flutter_login_ui-main\lib\main.dart -Pbase-application-name=android.app.Application -Pdart-defines=RkxVVFRFUl9XRUJfQVVUT19ERVRFQ1Q9dHJ1ZQ== -Pdart-obfuscation=false -Ptrack-widget-creation=true -Ptree-shake-icons=false -Pfilesystem-scheme=org-dartlang-root assembleDebug
java_class_path (initial): C:\Users\Welcome\Desktop\vinoth\projects\DataCollection\app\data_collector\flutter_login_ui-main\android\\gradle\wrapper\gradle-wrapper.jar
Launcher Type: SUN_STANDARD

[Global flags]
     intx CICompilerCount                          = 3                                         {product} {ergonomic}
     uint ConcGCThreads                            = 1                                         {product} {ergonomic}
     uint G1ConcRefinementThreads                  = 4                                         {product} {ergonomic}
   size_t G1HeapRegionSize                         = 1048576                                   {product} {ergonomic}
    uintx GCDrainStackTargetSize                   = 64                                        {product} {ergonomic}
   size_t InitialHeapSize                          = 201326592                                 {product} {ergonomic}
   size_t MarkStackSize                            = 4194304                                   {product} {ergonomic}
   size_t MaxHeapSize                              = 3189768192                                {product} {ergonomic}
   size_t MaxNewSize                               = 1913651200                                {product} {ergonomic}
   size_t MinHeapDeltaBytes                        = 1048576                                   {product} {ergonomic}
    uintx NonNMethodCodeHeapSize                   = 5830732                                {pd product} {ergonomic}
    uintx NonProfiledCodeHeapSize                  = 122913754                              {pd product} {ergonomic}
    uintx ProfiledCodeHeapSize                     = 122913754                              {pd product} {ergonomic}
    uintx ReservedCodeCacheSize                    = 251658240                              {pd product} {ergonomic}
     bool SegmentedCodeCache                       = true                                      {product} {ergonomic}
     bool UseCompressedClassPointers               = true                                 {lp64_product} {ergonomic}
     bool UseCompressedOops                        = true                                 {lp64_product} {ergonomic}
     bool UseG1GC                                  = true                                      {product} {ergonomic}
     bool UseLargePagesIndividualAllocation        = false                                  {pd product} {ergonomic}

Logging:
Log output configuration:
 #0: stdout all=warning uptime,level,tags
 #1: stderr all=off uptime,level,tags

Environment Variables:
JAVA_HOME=D:\program files\Android Studio\jre
CLASSPATH=C:\Users\Welcome\Desktop\vinoth\projects\DataCollection\app\data_collector\flutter_login_ui-main\android\\gradle\wrapper\gradle-wrapper.jar
PATH=C:\Python39\Scripts\;C:\Python39\;C:\Program Files (x86)\Common Files\Oracle\Java\javapath;C:\WINDOWS\system32;C:\WINDOWS;C:\WINDOWS\System32\Wbem;C:\WINDOWS\System32\WindowsPowerShell\v1.0\;C:\WINDOWS\System32\OpenSSH\;C:\Dwimperl\perl\bin;C:\Dwimperl\perl\site\bin;C:\Dwimperl\c\bin;C:\Program Files\nodejs\;C:\ProgramData\chocolatey\bin;D:\program files\Git\cmd;C:\Program Files (x86)\Pulse Secure\VC142.CRT\X64\;C:\Program Files (x86)\Pulse Secure\VC142.CRT\X86\;D:\program files\flutter\bin;D:\program files\Java\jdk-10.0.2\bin;C:\Users\Welcome\AppData\Local\Android\Sdk\platform-tools;C:\Users\Welcome\AppData\Local\Android\Sdk\tools;C:\Users\Welcome\AppData\Local\Programs\Python\Python36\Scripts\;C:\Users\Welcome\AppData\Local\Programs\Python\Python36\;C:\Users\Welcome\AppData\Local\Microsoft\WindowsApps;C:\Users\Welcome\AppData\Roaming\npm;D:\program files\flutter\bin;D:\program files\Microsoft VS Code\bin;C:\Users\Welcome\AppData\Local\Android\Sdk\platform-tools;;D:\program files\flutter\bin\mingit\cmd
USERNAME=selva
OS=Windows_NT
PROCESSOR_IDENTIFIER=Intel64 Family 6 Model 78 Stepping 3, GenuineIntel



---------------  S Y S T E M  ---------------

OS: Windows 10 , 64 bit Build 19041 (10.0.19041.1806)
OS uptime: 0 days 23:38 hours

CPU:total 4 (initial active 4) (2 cores per cpu, 2 threads per core) family 6 model 78 stepping 3 microcode 0xcc, cmov, cx8, fxsr, mmx, sse, sse2, sse3, ssse3, sse4.1, sse4.2, popcnt, avx, avx2, aes, clmul, erms, 3dnowpref, lzcnt, ht, tsc, tscinvbit, bmi1, bmi2, adx, fma

Memory: 4k page, system-wide physical 12161M (787M free)
TotalPageFile size 12161M (AvailPageFile size 2M)
current process WorkingSet (physical memory assigned to process): 60M, peak: 60M
current process commit charge ("private bytes"): 269M, peak: 269M

vm_info: OpenJDK 64-Bit Server VM (11.0.12+7-b1504.28-7817840) for windows-amd64 JRE (11.0.12+7-b1504.28-7817840), built on Oct 13 2021 22:12:33 by "builder" with MS VC++ 14.0 (VS2015)

END.
