#
# There is insufficient memory for the Java Runtime Environment to continue.
# Native memory allocation (mmap) failed to map 201326592 bytes for Failed to commit area from 0x0000000701e00000 to 0x000000070de00000 of length 201326592.
# Possible reasons:
#   The system is out of physical RAM or swap space
#   The process is running with CompressedOops enabled, and the Java Heap may be blocking the growth of the native heap
# Possible solutions:
#   Reduce memory load on the system
#   Increase physical memory or swap space
#   Check if swap backing store is full
#   Decrease Java heap size (-Xmx/-Xms)
#   Decrease number of Java threads
#   Decrease Java thread stack sizes (-Xss)
#   Set larger code cache with -XX:ReservedCodeCacheSize=
# This output file may be truncated or incomplete.
#
#  Out of Memory Error (t:/workspace/open/src/hotspot/os/windows/os_windows.cpp:3221), pid=15016, tid=7236
#
# JRE version:  (10.0.2+13) (build )
# Java VM: Java HotSpot(TM) 64-Bit Server VM (10.0.2+13, mixed mode, aot, tiered, compressed oops, g1 gc, windows-amd64)
# No core dump will be written. Minidumps are not enabled by default on client versions of Windows
#

---------------  S U M M A R Y ------------

Command Line: -Dorg.gradle.appname=gradlew org.gradle.wrapper.GradleWrapperMain -q -Ptarget-platform=android-arm,android-arm64,android-x64 -Ptarget=lib\main.dart -Pbase-application-name=android.app.Application -Pdart-obfuscation=false -Ptrack-widget-creation=true -Ptree-shake-icons=true assembleRelease

Host: Intel(R) Core(TM) i5-6200U CPU @ 2.30GHz, 4 cores, 11G,  Windows 10 , 64 bit Build 19041 (10.0.19041.1806)
Time: Fri Aug 05 01:39:06 2022 India Standard Time elapsed time: 0 seconds (0d 0h 0m 0s)

---------------  T H R E A D  ---------------

Current thread (0x0000026253c4e000):  JavaThread "Unknown thread" [_thread_in_vm, id=7236, stack(0x0000007704a00000,0x0000007704b00000)]

Stack: [0x0000007704a00000,0x0000007704b00000]
Native frames: (J=compiled Java code, j=interpreted, Vv=VM code, C=native code)
V  [jvm.dll+0x5a01a9]
V  [jvm.dll+0x6bcf31]
V  [jvm.dll+0x6be126]
V  [jvm.dll+0x6be7b3]
V  [jvm.dll+0x234978]
V  [jvm.dll+0x59dac4]
V  [jvm.dll+0x592825]
V  [jvm.dll+0x2f632b]
V  [jvm.dll+0x2f6295]
V  [jvm.dll+0x2f6172]
V  [jvm.dll+0x2f8366]
V  [jvm.dll+0x344293]
V  [jvm.dll+0x3449a6]
V  [jvm.dll+0x344393]
V  [jvm.dll+0x2c4628]
V  [jvm.dll+0x2c5771]
V  [jvm.dll+0x69d1db]
V  [jvm.dll+0x69e9fc]
V  [jvm.dll+0x3519e9]
V  [jvm.dll+0x6856a2]
V  [jvm.dll+0x3ba0c3]
V  [jvm.dll+0x3bc261]
C  [java.exe+0x3531]
C  [java.exe+0xe1af]
C  [java.exe+0xe356]
C  [KERNEL32.DLL+0x17034]
C  [ntdll.dll+0x52651]


---------------  P R O C E S S  ---------------

Threads class SMR info:
_java_thread_list=0x00000262523c7e90, length=0, elements={
}

Java Threads: ( => current thread )

Other Threads:
  0x0000026253c68800 GCTaskThread "GC Thread#0" [stack: 0x0000007704b00000,0x0000007704c00000] [id=3888]
  0x0000026253c69800 GCTaskThread "GC Thread#1" [stack: 0x0000007704c00000,0x0000007704d00000] [id=11640]
  0x0000026253c6c000 GCTaskThread "GC Thread#2" [stack: 0x0000007704d00000,0x0000007704e00000] [id=13716]
  0x0000026253c70000 GCTaskThread "GC Thread#3" [stack: 0x0000007704e00000,0x0000007704f00000] [id=14020]
  0x0000026253d10800 ConcurrentGCThread "G1 Main Marker" [stack: 0x0000007704f00000,0x0000007705000000] [id=8552]
  0x0000026253d13800 ConcurrentGCThread "G1 Conc#0" [stack: 0x0000007705000000,0x0000007705100000] [id=636]

[error occurred during error reporting (printing all threads), id 0xe0000002]

VM state:not at safepoint (not fully initialized)

VM Mutex/Monitor currently owned by a thread:  ([mutex/lock_event])
[0x0000026253c4c740] Heap_lock - owner thread: 0x0000026253c4e000

Heap address: 0x0000000701e00000, size: 3042 MB, Compressed Oops mode: Non-zero based: 0x0000000701e00000
Narrow klass base: 0x0000000000000000, Narrow klass shift: 0

GC Heap History (0 events):
No events

Deoptimization events (0 events):
No events

Classes redefined (0 events):
No events

Internal exceptions (0 events):
No events

Events (0 events):
No events


Dynamic libraries:
0x00007ff6fbe20000 - 0x00007ff6fbe5e000 	D:\program files\Java\jdk-10.0.2\bin\java.exe
0x00007ffe63d10000 - 0x00007ffe63f08000 	C:\WINDOWS\SYSTEM32\ntdll.dll
0x00007ffe62790000 - 0x00007ffe6284d000 	C:\WINDOWS\System32\KERNEL32.DLL
0x00007ffe614c0000 - 0x00007ffe6178e000 	C:\WINDOWS\System32\KERNELBASE.dll
0x00007ffe63a20000 - 0x00007ffe63ace000 	C:\WINDOWS\System32\ADVAPI32.dll
0x00007ffe63bd0000 - 0x00007ffe63c6e000 	C:\WINDOWS\System32\msvcrt.dll
0x00007ffe63b30000 - 0x00007ffe63bcc000 	C:\WINDOWS\System32\sechost.dll
0x00007ffe637c0000 - 0x00007ffe638e5000 	C:\WINDOWS\System32\RPCRT4.dll
0x00007ffe62a50000 - 0x00007ffe62bf0000 	C:\WINDOWS\System32\USER32.dll
0x00007ffe61b70000 - 0x00007ffe61b92000 	C:\WINDOWS\System32\win32u.dll
0x00007ffe62d30000 - 0x00007ffe62d5a000 	C:\WINDOWS\System32\GDI32.dll
0x00007ffe61bf0000 - 0x00007ffe61cfb000 	C:\WINDOWS\System32\gdi32full.dll
0x00007ffe61790000 - 0x00007ffe6182d000 	C:\WINDOWS\System32\msvcp_win.dll
0x00007ffe61830000 - 0x00007ffe61930000 	C:\WINDOWS\System32\ucrtbase.dll
0x00007ffe4d1f0000 - 0x00007ffe4d48a000 	C:\WINDOWS\WinSxS\amd64_microsoft.windows.common-controls_6595b64144ccf1df_6.0.19041.1110_none_60b5254171f9507e\COMCTL32.dll
0x00007ffe532b0000 - 0x00007ffe532ba000 	C:\WINDOWS\SYSTEM32\VERSION.dll
0x00007ffe62760000 - 0x00007ffe62790000 	C:\WINDOWS\System32\IMM32.DLL
0x00007ffe2ed20000 - 0x00007ffe2ee0f000 	D:\program files\Java\jdk-10.0.2\bin\msvcr120.dll
0x00007ffe30920000 - 0x00007ffe309c6000 	D:\program files\Java\jdk-10.0.2\bin\msvcp120.dll
0x000000005d190000 - 0x000000005dc00000 	D:\program files\Java\jdk-10.0.2\bin\server\jvm.dll
0x00007ffe62910000 - 0x00007ffe62918000 	C:\WINDOWS\System32\PSAPI.DLL
0x00007ffe5cb80000 - 0x00007ffe5cb89000 	C:\WINDOWS\SYSTEM32\WSOCK32.dll
0x00007ffe62f10000 - 0x00007ffe62f7b000 	C:\WINDOWS\System32\WS2_32.dll
0x00007ffe4d980000 - 0x00007ffe4d9a7000 	C:\WINDOWS\SYSTEM32\WINMM.dll
0x00007ffe5b090000 - 0x00007ffe5b09f000 	D:\program files\Java\jdk-10.0.2\bin\verify.dll
0x00007ffe5f240000 - 0x00007ffe5f424000 	C:\WINDOWS\SYSTEM32\DBGHELP.DLL
0x00007ffe4d490000 - 0x00007ffe4d4bc000 	C:\WINDOWS\SYSTEM32\dbgcore.DLL
0x00007ffe61430000 - 0x00007ffe614b2000 	C:\WINDOWS\System32\bcryptPrimitives.dll
0x00007ffe4c5d0000 - 0x00007ffe4c5f7000 	D:\program files\Java\jdk-10.0.2\bin\java.dll
0x00007ffe4acb0000 - 0x00007ffe4acc6000 	D:\program files\Java\jdk-10.0.2\bin\zip.dll
0x00007ffe5abe0000 - 0x00007ffe5abea000 	D:\program files\Java\jdk-10.0.2\bin\jimage.dll

dbghelp: loaded successfully - version: 4.0.5 - missing functions: none
symbol engine: initialized successfully - sym options: 0x614 - pdb path: .;D:\program files\Java\jdk-10.0.2\bin;C:\WINDOWS\SYSTEM32;C:\WINDOWS\WinSxS\amd64_microsoft.windows.common-controls_6595b64144ccf1df_6.0.19041.1110_none_60b5254171f9507e;D:\program files\Java\jdk-10.0.2\bin\server

VM Arguments:
jvm_args: -Dorg.gradle.appname=gradlew 
java_command: org.gradle.wrapper.GradleWrapperMain -q -Ptarget-platform=android-arm,android-arm64,android-x64 -Ptarget=lib\main.dart -Pbase-application-name=android.app.Application -Pdart-obfuscation=false -Ptrack-widget-creation=true -Ptree-shake-icons=true assembleRelease
java_class_path (initial): C:\Users\Welcome\Desktop\vinoth\projects\DataCollection\app\data_collector\flutter_login_ui-main\android\\gradle\wrapper\gradle-wrapper.jar
Launcher Type: SUN_STANDARD

Logging:
Log output configuration:
#0: stdout all=warning uptime,level,tags
#1: stderr all=off uptime,level,tags

Environment Variables:
JAVA_HOME=D:\program files\Java\jdk-10.0.2
CLASSPATH=C:\Users\Welcome\Desktop\vinoth\projects\DataCollection\app\data_collector\flutter_login_ui-main\android\\gradle\wrapper\gradle-wrapper.jar
PATH=C:\Python39\Scripts\;C:\Python39\;C:\Program Files (x86)\Common Files\Oracle\Java\javapath;C:\WINDOWS\system32;C:\WINDOWS;C:\WINDOWS\System32\Wbem;C:\WINDOWS\System32\WindowsPowerShell\v1.0\;C:\WINDOWS\System32\OpenSSH\;C:\Dwimperl\perl\bin;C:\Dwimperl\perl\site\bin;C:\Dwimperl\c\bin;C:\Program Files\nodejs\;C:\ProgramData\chocolatey\bin;D:\program files\Git\cmd;C:\Program Files (x86)\Pulse Secure\VC142.CRT\X64\;C:\Program Files (x86)\Pulse Secure\VC142.CRT\X86\;D:\program files\flutter\bin;D:\program files\Java\jdk-10.0.2\bin;C:\Users\Welcome\AppData\Local\Android\Sdk\platform-tools;C:\Users\Welcome\AppData\Local\Android\Sdk\tools;C:\Users\Welcome\AppData\Local\Programs\Python\Python36\Scripts\;C:\Users\Welcome\AppData\Local\Programs\Python\Python36\;C:\Users\Welcome\AppData\Local\Microsoft\WindowsApps;C:\Users\Welcome\AppData\Roaming\npm;D:\program files\flutter\bin;D:\program files\Microsoft VS Code\bin;C:\Users\Welcome\AppData\Local\Android\Sdk\platform-tools;;D:\program files\flutter\bin\mingit\cmd
USERNAME=selva
OS=Windows_NT
PROCESSOR_IDENTIFIER=Intel64 Family 6 Model 78 Stepping 3, GenuineIntel



---------------  S Y S T E M  ---------------

OS: Windows 10 , 64 bit Build 19041 (10.0.19041.1806)

CPU:total 4 (initial active 4) (2 cores per cpu, 2 threads per core) family 6 model 78 stepping 3, cmov, cx8, fxsr, mmx, sse, sse2, sse3, ssse3, sse4.1, sse4.2, popcnt, avx, avx2, aes, clmul, erms, 3dnowpref, lzcnt, ht, tsc, tscinvbit, bmi1, bmi2, adx, fma

Memory: 4k page, physical 12453640k(845812k free), swap 12453640k(26768k free)

vm_info: Java HotSpot(TM) 64-Bit Server VM (10.0.2+13) for windows-amd64 JRE (10.0.2+13), built on Jun 28 2018 01:57:56 by "mach5one" with MS VC++ 12.0 (VS2013)

END.
